/home/rasya/ros2_ws/install/hydroships_control/lib/python3.10/site-packages/hydroships_control/teleop_keyboard.py
/home/rasya/ros2_ws/install/hydroships_control/lib/python3.10/site-packages/hydroships_control/thruster_allocator.py
/home/rasya/ros2_ws/install/hydroships_control/lib/python3.10/site-packages/hydroships_control/pid.py
/home/rasya/ros2_ws/install/hydroships_control/lib/python3.10/site-packages/hydroships_control/stabilizer.py
/home/rasya/ros2_ws/install/hydroships_control/lib/python3.10/site-packages/hydroships_control/__init__.py
/home/rasya/ros2_ws/install/hydroships_control/lib/python3.10/site-packages/hydroships_control/depth_publisher.py
/home/rasya/ros2_ws/install/hydroships_control/lib/python3.10/site-packages/hydroships_control/gripper_controller.py
/home/rasya/ros2_ws/install/hydroships_control/lib/python3.10/site-packages/hydroships_control/teleop_stabilized.py
/home/rasya/ros2_ws/install/hydroships_control/lib/python3.10/site-packages/hydroships_control/allocation.py
/home/rasya/ros2_ws/install/hydroships_control/lib/python3.10/site-packages/hydroships_control/__pycache__/teleop_keyboard.cpython-310.pyc
/home/rasya/ros2_ws/install/hydroships_control/lib/python3.10/site-packages/hydroships_control/__pycache__/thruster_allocator.cpython-310.pyc
/home/rasya/ros2_ws/install/hydroships_control/lib/python3.10/site-packages/hydroships_control/__pycache__/pid.cpython-310.pyc
/home/rasya/ros2_ws/install/hydroships_control/lib/python3.10/site-packages/hydroships_control/__pycache__/stabilizer.cpython-310.pyc
/home/rasya/ros2_ws/install/hydroships_control/lib/python3.10/site-packages/hydroships_control/__pycache__/__init__.cpython-310.pyc
/home/rasya/ros2_ws/install/hydroships_control/lib/python3.10/site-packages/hydroships_control/__pycache__/depth_publisher.cpython-310.pyc
/home/rasya/ros2_ws/install/hydroships_control/lib/python3.10/site-packages/hydroships_control/__pycache__/gripper_controller.cpython-310.pyc
/home/rasya/ros2_ws/install/hydroships_control/lib/python3.10/site-packages/hydroships_control/__pycache__/teleop_stabilized.cpython-310.pyc
/home/rasya/ros2_ws/install/hydroships_control/lib/python3.10/site-packages/hydroships_control/__pycache__/allocation.cpython-310.pyc
/home/rasya/ros2_ws/install/hydroships_control/share/ament_index/resource_index/packages/hydroships_control
/home/rasya/ros2_ws/install/hydroships_control/share/hydroships_control/package.xml
/home/rasya/ros2_ws/install/hydroships_control/share/hydroships_control/launch/teleop.launch.py
/home/rasya/ros2_ws/install/hydroships_control/share/hydroships_control/config/gains.yaml
/home/rasya/ros2_ws/install/hydroships_control/lib/python3.10/site-packages/hydroships_control-0.1.0-py3.10.egg-info/SOURCES.txt
/home/rasya/ros2_ws/install/hydroships_control/lib/python3.10/site-packages/hydroships_control-0.1.0-py3.10.egg-info/PKG-INFO
/home/rasya/ros2_ws/install/hydroships_control/lib/python3.10/site-packages/hydroships_control-0.1.0-py3.10.egg-info/requires.txt
/home/rasya/ros2_ws/install/hydroships_control/lib/python3.10/site-packages/hydroships_control-0.1.0-py3.10.egg-info/zip-safe
/home/rasya/ros2_ws/install/hydroships_control/lib/python3.10/site-packages/hydroships_control-0.1.0-py3.10.egg-info/dependency_links.txt
/home/rasya/ros2_ws/install/hydroships_control/lib/python3.10/site-packages/hydroships_control-0.1.0-py3.10.egg-info/entry_points.txt
/home/rasya/ros2_ws/install/hydroships_control/lib/python3.10/site-packages/hydroships_control-0.1.0-py3.10.egg-info/top_level.txt
/home/rasya/ros2_ws/install/hydroships_control/lib/hydroships_control/depth_publisher
/home/rasya/ros2_ws/install/hydroships_control/lib/hydroships_control/gripper_controller
/home/rasya/ros2_ws/install/hydroships_control/lib/hydroships_control/stabilizer
/home/rasya/ros2_ws/install/hydroships_control/lib/hydroships_control/teleop_keyboard
/home/rasya/ros2_ws/install/hydroships_control/lib/hydroships_control/teleop_stabilized
/home/rasya/ros2_ws/install/hydroships_control/lib/hydroships_control/thruster_allocator
