[0.328s] Invoking command in '/home/rasya/ros2_ws/src/hydroships_control': PYTHONPATH=/home/rasya/ros2_ws/build/hydroships_control/prefix_override:/usr/lib/python3/dist-packages/colcon_core/task/python/colcon_distutils_commands:/home/rasya/ros2_ws/install/hydroships_control/lib/python3.10/site-packages:${PYTHONPATH} /usr/bin/python3 -W ignore:setup.py install is deprecated -W ignore:easy_install command is deprecated setup.py egg_info --egg-base ../../build/hydroships_control build --build-base /home/rasya/ros2_ws/build/hydroships_control/build install --record /home/rasya/ros2_ws/build/hydroships_control/install.log --install-scripts $base/lib/hydroships_control --single-version-externally-managed install_data
[0.445s] running egg_info
[0.445s] writing ../../build/hydroships_control/hydroships_control.egg-info/PKG-INFO
[0.445s] writing dependency_links to ../../build/hydroships_control/hydroships_control.egg-info/dependency_links.txt
[0.446s] writing entry points to ../../build/hydroships_control/hydroships_control.egg-info/entry_points.txt
[0.446s] writing requirements to ../../build/hydroships_control/hydroships_control.egg-info/requires.txt
[0.446s] writing top-level names to ../../build/hydroships_control/hydroships_control.egg-info/top_level.txt
[0.447s] reading manifest file '../../build/hydroships_control/hydroships_control.egg-info/SOURCES.txt'
[0.447s] writing manifest file '../../build/hydroships_control/hydroships_control.egg-info/SOURCES.txt'
[0.447s] running build
[0.447s] running build_py
[0.447s] copying hydroships_control/gripper_controller.py -> /home/rasya/ros2_ws/build/hydroships_control/build/lib/hydroships_control
[0.447s] running install
[0.448s] running install_lib
[0.448s] copying /home/rasya/ros2_ws/build/hydroships_control/build/lib/hydroships_control/gripper_controller.py -> /home/rasya/ros2_ws/install/hydroships_control/lib/python3.10/site-packages/hydroships_control
[0.448s] byte-compiling /home/rasya/ros2_ws/install/hydroships_control/lib/python3.10/site-packages/hydroships_control/gripper_controller.py to gripper_controller.cpython-310.pyc
[0.449s] running install_data
[0.449s] running install_egg_info
[0.450s] removing '/home/rasya/ros2_ws/install/hydroships_control/lib/python3.10/site-packages/hydroships_control-0.1.0-py3.10.egg-info' (and everything under it)
[0.450s] Copying ../../build/hydroships_control/hydroships_control.egg-info to /home/rasya/ros2_ws/install/hydroships_control/lib/python3.10/site-packages/hydroships_control-0.1.0-py3.10.egg-info
[0.450s] running install_scripts
[0.462s] Installing depth_publisher script to /home/rasya/ros2_ws/install/hydroships_control/lib/hydroships_control
[0.462s] Installing gripper_controller script to /home/rasya/ros2_ws/install/hydroships_control/lib/hydroships_control
[0.463s] Installing stabilizer script to /home/rasya/ros2_ws/install/hydroships_control/lib/hydroships_control
[0.463s] Installing teleop_keyboard script to /home/rasya/ros2_ws/install/hydroships_control/lib/hydroships_control
[0.463s] Installing teleop_stabilized script to /home/rasya/ros2_ws/install/hydroships_control/lib/hydroships_control
[0.463s] Installing thruster_allocator script to /home/rasya/ros2_ws/install/hydroships_control/lib/hydroships_control
[0.463s] writing list of installed files to '/home/rasya/ros2_ws/build/hydroships_control/install.log'
[0.477s] Invoked command in '/home/rasya/ros2_ws/src/hydroships_control' returned '0': PYTHONPATH=/home/rasya/ros2_ws/build/hydroships_control/prefix_override:/usr/lib/python3/dist-packages/colcon_core/task/python/colcon_distutils_commands:/home/rasya/ros2_ws/install/hydroships_control/lib/python3.10/site-packages:${PYTHONPATH} /usr/bin/python3 -W ignore:setup.py install is deprecated -W ignore:easy_install command is deprecated setup.py egg_info --egg-base ../../build/hydroships_control build --build-base /home/rasya/ros2_ws/build/hydroships_control/build install --record /home/rasya/ros2_ws/build/hydroships_control/install.log --install-scripts $base/lib/hydroships_control --single-version-externally-managed install_data
