[0.053s] DEBUG:colcon:Command line arguments: ['/usr/bin/colcon', 'build', '--packages-select', 'hydroships_description', 'hydroships_gazebo', 'hydroships_bringup', 'hydroships_control']
[0.053s] DEBUG:colcon:Parsed command line arguments: Namespace(log_base=None, log_level=None, verb_name='build', build_base='build', install_base='install', merge_install=False, symlink_install=False, test_result_base=None, continue_on_error=False, executor='parallel', parallel_workers=12, event_handlers=None, ignore_user_meta=False, metas=['./colcon.meta'], base_paths=['.'], packages_ignore=None, packages_ignore_regex=None, paths=None, packages_up_to=None, packages_up_to_regex=None, packages_above=None, packages_above_and_dependencies=None, packages_above_depth=None, packages_select_by_dep=None, packages_skip_by_dep=None, packages_skip_up_to=None, packages_select_build_failed=False, packages_skip_build_finished=False, packages_select_test_failures=False, packages_skip_test_passed=False, packages_select=['hydroships_description', 'hydroships_gazebo', 'hydroships_bringup', 'hydroships_control'], packages_skip=None, packages_select_regex=None, packages_skip_regex=None, packages_start=None, packages_end=None, allow_overriding=[], cmake_args=None, cmake_target=None, cmake_target_skip_unavailable=False, cmake_clean_cache=False, cmake_clean_first=False, cmake_force_configure=False, ament_cmake_args=None, catkin_cmake_args=None, catkin_skip_building_tests=False, verb_parser=<colcon_defaults.argument_parser.defaults.DefaultArgumentsDecorator object at 0x77912df27f10>, verb_extension=<colcon_core.verb.build.BuildVerb object at 0x77912e0695d0>, main=<bound method BuildVerb.main of <colcon_core.verb.build.BuildVerb object at 0x77912e0695d0>>)
[0.135s] Level 1:colcon.colcon_core.package_discovery:discover_packages(colcon_meta) check parameters
[0.135s] Level 1:colcon.colcon_core.package_discovery:discover_packages(recursive) check parameters
[0.135s] Level 1:colcon.colcon_core.package_discovery:discover_packages(ignore) check parameters
[0.135s] Level 1:colcon.colcon_core.package_discovery:discover_packages(path) check parameters
[0.135s] Level 1:colcon.colcon_core.package_discovery:discover_packages(colcon_meta) discover
[0.135s] Level 1:colcon.colcon_core.package_discovery:discover_packages(recursive) discover
[0.135s] INFO:colcon.colcon_core.package_discovery:Crawling recursively for packages in '/home/rasya/ros2_ws'
[0.135s] Level 1:colcon.colcon_core.package_identification:_identify(.) by extensions ['ignore', 'ignore_ament_install']
[0.135s] Level 1:colcon.colcon_core.package_identification:_identify(.) by extension 'ignore'
[0.135s] Level 1:colcon.colcon_core.package_identification:_identify(.) by extension 'ignore_ament_install'
[0.135s] Level 1:colcon.colcon_core.package_identification:_identify(.) by extensions ['colcon_pkg']
[0.135s] Level 1:colcon.colcon_core.package_identification:_identify(.) by extension 'colcon_pkg'
[0.135s] Level 1:colcon.colcon_core.package_identification:_identify(.) by extensions ['colcon_meta']
[0.135s] Level 1:colcon.colcon_core.package_identification:_identify(.) by extension 'colcon_meta'
[0.135s] Level 1:colcon.colcon_core.package_identification:_identify(.) by extensions ['ros']
[0.135s] Level 1:colcon.colcon_core.package_identification:_identify(.) by extension 'ros'
[0.142s] Level 1:colcon.colcon_core.package_identification:_identify(.) by extensions ['cmake', 'python']
[0.142s] Level 1:colcon.colcon_core.package_identification:_identify(.) by extension 'cmake'
[0.142s] Level 1:colcon.colcon_core.package_identification:_identify(.) by extension 'python'
[0.142s] Level 1:colcon.colcon_core.package_identification:_identify(.) by extensions ['python_setup_py']
[0.142s] Level 1:colcon.colcon_core.package_identification:_identify(.) by extension 'python_setup_py'
[0.142s] Level 1:colcon.colcon_core.package_identification:_identify(Gambar ROV) by extensions ['ignore', 'ignore_ament_install']
[0.142s] Level 1:colcon.colcon_core.package_identification:_identify(Gambar ROV) by extension 'ignore'
[0.142s] Level 1:colcon.colcon_core.package_identification:_identify(Gambar ROV) by extension 'ignore_ament_install'
[0.142s] Level 1:colcon.colcon_core.package_identification:_identify(Gambar ROV) by extensions ['colcon_pkg']
[0.142s] Level 1:colcon.colcon_core.package_identification:_identify(Gambar ROV) by extension 'colcon_pkg'
[0.142s] Level 1:colcon.colcon_core.package_identification:_identify(Gambar ROV) by extensions ['colcon_meta']
[0.142s] Level 1:colcon.colcon_core.package_identification:_identify(Gambar ROV) by extension 'colcon_meta'
[0.142s] Level 1:colcon.colcon_core.package_identification:_identify(Gambar ROV) by extensions ['ros']
[0.142s] Level 1:colcon.colcon_core.package_identification:_identify(Gambar ROV) by extension 'ros'
[0.142s] Level 1:colcon.colcon_core.package_identification:_identify(Gambar ROV) by extensions ['cmake', 'python']
[0.142s] Level 1:colcon.colcon_core.package_identification:_identify(Gambar ROV) by extension 'cmake'
[0.142s] Level 1:colcon.colcon_core.package_identification:_identify(Gambar ROV) by extension 'python'
[0.142s] Level 1:colcon.colcon_core.package_identification:_identify(Gambar ROV) by extensions ['python_setup_py']
[0.142s] Level 1:colcon.colcon_core.package_identification:_identify(Gambar ROV) by extension 'python_setup_py'
[0.142s] Level 1:colcon.colcon_core.package_identification:_identify(build) by extensions ['ignore', 'ignore_ament_install']
[0.142s] Level 1:colcon.colcon_core.package_identification:_identify(build) by extension 'ignore'
[0.142s] Level 1:colcon.colcon_core.package_identification:_identify(build) ignored
[0.142s] Level 1:colcon.colcon_core.package_identification:_identify(install) by extensions ['ignore', 'ignore_ament_install']
[0.142s] Level 1:colcon.colcon_core.package_identification:_identify(install) by extension 'ignore'
[0.143s] Level 1:colcon.colcon_core.package_identification:_identify(install) ignored
[0.143s] Level 1:colcon.colcon_core.package_identification:_identify(log) by extensions ['ignore', 'ignore_ament_install']
[0.143s] Level 1:colcon.colcon_core.package_identification:_identify(log) by extension 'ignore'
[0.143s] Level 1:colcon.colcon_core.package_identification:_identify(log) ignored
[0.143s] Level 1:colcon.colcon_core.package_identification:_identify(model) by extensions ['ignore', 'ignore_ament_install']
[0.143s] Level 1:colcon.colcon_core.package_identification:_identify(model) by extension 'ignore'
[0.143s] Level 1:colcon.colcon_core.package_identification:_identify(model) by extension 'ignore_ament_install'
[0.143s] Level 1:colcon.colcon_core.package_identification:_identify(model) by extensions ['colcon_pkg']
[0.143s] Level 1:colcon.colcon_core.package_identification:_identify(model) by extension 'colcon_pkg'
[0.143s] Level 1:colcon.colcon_core.package_identification:_identify(model) by extensions ['colcon_meta']
[0.143s] Level 1:colcon.colcon_core.package_identification:_identify(model) by extension 'colcon_meta'
[0.143s] Level 1:colcon.colcon_core.package_identification:_identify(model) by extensions ['ros']
[0.143s] Level 1:colcon.colcon_core.package_identification:_identify(model) by extension 'ros'
[0.143s] Level 1:colcon.colcon_core.package_identification:_identify(model) by extensions ['cmake', 'python']
[0.143s] Level 1:colcon.colcon_core.package_identification:_identify(model) by extension 'cmake'
[0.143s] Level 1:colcon.colcon_core.package_identification:_identify(model) by extension 'python'
[0.143s] Level 1:colcon.colcon_core.package_identification:_identify(model) by extensions ['python_setup_py']
[0.143s] Level 1:colcon.colcon_core.package_identification:_identify(model) by extension 'python_setup_py'
[0.143s] Level 1:colcon.colcon_core.package_identification:_identify(src) by extensions ['ignore', 'ignore_ament_install']
[0.143s] Level 1:colcon.colcon_core.package_identification:_identify(src) by extension 'ignore'
[0.143s] Level 1:colcon.colcon_core.package_identification:_identify(src) by extension 'ignore_ament_install'
[0.143s] Level 1:colcon.colcon_core.package_identification:_identify(src) by extensions ['colcon_pkg']
[0.143s] Level 1:colcon.colcon_core.package_identification:_identify(src) by extension 'colcon_pkg'
[0.143s] Level 1:colcon.colcon_core.package_identification:_identify(src) by extensions ['colcon_meta']
[0.143s] Level 1:colcon.colcon_core.package_identification:_identify(src) by extension 'colcon_meta'
[0.143s] Level 1:colcon.colcon_core.package_identification:_identify(src) by extensions ['ros']
[0.143s] Level 1:colcon.colcon_core.package_identification:_identify(src) by extension 'ros'
[0.143s] Level 1:colcon.colcon_core.package_identification:_identify(src) by extensions ['cmake', 'python']
[0.143s] Level 1:colcon.colcon_core.package_identification:_identify(src) by extension 'cmake'
[0.143s] Level 1:colcon.colcon_core.package_identification:_identify(src) by extension 'python'
[0.143s] Level 1:colcon.colcon_core.package_identification:_identify(src) by extensions ['python_setup_py']
[0.143s] Level 1:colcon.colcon_core.package_identification:_identify(src) by extension 'python_setup_py'
[0.143s] Level 1:colcon.colcon_core.package_identification:_identify(src/hydroships_bringup) by extensions ['ignore', 'ignore_ament_install']
[0.143s] Level 1:colcon.colcon_core.package_identification:_identify(src/hydroships_bringup) by extension 'ignore'
[0.143s] Level 1:colcon.colcon_core.package_identification:_identify(src/hydroships_bringup) by extension 'ignore_ament_install'
[0.143s] Level 1:colcon.colcon_core.package_identification:_identify(src/hydroships_bringup) by extensions ['colcon_pkg']
[0.143s] Level 1:colcon.colcon_core.package_identification:_identify(src/hydroships_bringup) by extension 'colcon_pkg'
[0.143s] Level 1:colcon.colcon_core.package_identification:_identify(src/hydroships_bringup) by extensions ['colcon_meta']
[0.143s] Level 1:colcon.colcon_core.package_identification:_identify(src/hydroships_bringup) by extension 'colcon_meta'
[0.143s] Level 1:colcon.colcon_core.package_identification:_identify(src/hydroships_bringup) by extensions ['ros']
[0.143s] Level 1:colcon.colcon_core.package_identification:_identify(src/hydroships_bringup) by extension 'ros'
[0.145s] DEBUG:colcon.colcon_core.package_identification:Package 'src/hydroships_bringup' with type 'ros.ament_cmake' and name 'hydroships_bringup'
[0.145s] Level 1:colcon.colcon_core.package_identification:_identify(src/hydroships_control) by extensions ['ignore', 'ignore_ament_install']
[0.145s] Level 1:colcon.colcon_core.package_identification:_identify(src/hydroships_control) by extension 'ignore'
[0.145s] Level 1:colcon.colcon_core.package_identification:_identify(src/hydroships_control) by extension 'ignore_ament_install'
[0.145s] Level 1:colcon.colcon_core.package_identification:_identify(src/hydroships_control) by extensions ['colcon_pkg']
[0.145s] Level 1:colcon.colcon_core.package_identification:_identify(src/hydroships_control) by extension 'colcon_pkg'
[0.145s] Level 1:colcon.colcon_core.package_identification:_identify(src/hydroships_control) by extensions ['colcon_meta']
[0.145s] Level 1:colcon.colcon_core.package_identification:_identify(src/hydroships_control) by extension 'colcon_meta'
[0.145s] Level 1:colcon.colcon_core.package_identification:_identify(src/hydroships_control) by extensions ['ros']
[0.145s] Level 1:colcon.colcon_core.package_identification:_identify(src/hydroships_control) by extension 'ros'
[0.145s] DEBUG:colcon.colcon_core.package_identification:Package 'src/hydroships_control' with type 'ros.ament_python' and name 'hydroships_control'
[0.145s] Level 1:colcon.colcon_core.package_identification:_identify(src/hydroships_description) by extensions ['ignore', 'ignore_ament_install']
[0.146s] Level 1:colcon.colcon_core.package_identification:_identify(src/hydroships_description) by extension 'ignore'
[0.146s] Level 1:colcon.colcon_core.package_identification:_identify(src/hydroships_description) by extension 'ignore_ament_install'
[0.146s] Level 1:colcon.colcon_core.package_identification:_identify(src/hydroships_description) by extensions ['colcon_pkg']
[0.146s] Level 1:colcon.colcon_core.package_identification:_identify(src/hydroships_description) by extension 'colcon_pkg'
[0.146s] Level 1:colcon.colcon_core.package_identification:_identify(src/hydroships_description) by extensions ['colcon_meta']
[0.146s] Level 1:colcon.colcon_core.package_identification:_identify(src/hydroships_description) by extension 'colcon_meta'
[0.146s] Level 1:colcon.colcon_core.package_identification:_identify(src/hydroships_description) by extensions ['ros']
[0.146s] Level 1:colcon.colcon_core.package_identification:_identify(src/hydroships_description) by extension 'ros'
[0.146s] DEBUG:colcon.colcon_core.package_identification:Package 'src/hydroships_description' with type 'ros.ament_cmake' and name 'hydroships_description'
[0.146s] Level 1:colcon.colcon_core.package_identification:_identify(src/hydroships_gazebo) by extensions ['ignore', 'ignore_ament_install']
[0.146s] Level 1:colcon.colcon_core.package_identification:_identify(src/hydroships_gazebo) by extension 'ignore'
[0.146s] Level 1:colcon.colcon_core.package_identification:_identify(src/hydroships_gazebo) by extension 'ignore_ament_install'
[0.146s] Level 1:colcon.colcon_core.package_identification:_identify(src/hydroships_gazebo) by extensions ['colcon_pkg']
[0.146s] Level 1:colcon.colcon_core.package_identification:_identify(src/hydroships_gazebo) by extension 'colcon_pkg'
[0.146s] Level 1:colcon.colcon_core.package_identification:_identify(src/hydroships_gazebo) by extensions ['colcon_meta']
[0.146s] Level 1:colcon.colcon_core.package_identification:_identify(src/hydroships_gazebo) by extension 'colcon_meta'
[0.146s] Level 1:colcon.colcon_core.package_identification:_identify(src/hydroships_gazebo) by extensions ['ros']
[0.146s] Level 1:colcon.colcon_core.package_identification:_identify(src/hydroships_gazebo) by extension 'ros'
[0.146s] DEBUG:colcon.colcon_core.package_identification:Package 'src/hydroships_gazebo' with type 'ros.ament_cmake' and name 'hydroships_gazebo'
[0.146s] Level 1:colcon.colcon_core.package_discovery:discover_packages(recursive) using defaults
[0.146s] Level 1:colcon.colcon_core.package_discovery:discover_packages(ignore) discover
[0.146s] Level 1:colcon.colcon_core.package_discovery:discover_packages(ignore) using defaults
[0.146s] Level 1:colcon.colcon_core.package_discovery:discover_packages(path) discover
[0.147s] Level 1:colcon.colcon_core.package_discovery:discover_packages(path) using defaults
[0.159s] Level 1:colcon.colcon_core.package_discovery:discover_packages(prefix_path) check parameters
[0.159s] Level 1:colcon.colcon_core.package_discovery:discover_packages(prefix_path) discover
[0.160s] DEBUG:colcon.colcon_installed_package_information.package_discovery:Found 4 installed packages in /home/rasya/ros2_ws/install
[0.161s] DEBUG:colcon.colcon_installed_package_information.package_discovery:Found 300 installed packages in /opt/ros/humble
[0.167s] Level 1:colcon.colcon_core.package_discovery:discover_packages(prefix_path) using defaults
[0.186s] Level 5:colcon.colcon_core.verb:set package 'hydroships_control' build argument 'cmake_args' from command line to 'None'
[0.187s] Level 5:colcon.colcon_core.verb:set package 'hydroships_control' build argument 'cmake_target' from command line to 'None'
[0.187s] Level 5:colcon.colcon_core.verb:set package 'hydroships_control' build argument 'cmake_target_skip_unavailable' from command line to 'False'
[0.187s] Level 5:colcon.colcon_core.verb:set package 'hydroships_control' build argument 'cmake_clean_cache' from command line to 'False'
[0.187s] Level 5:colcon.colcon_core.verb:set package 'hydroships_control' build argument 'cmake_clean_first' from command line to 'False'
[0.187s] Level 5:colcon.colcon_core.verb:set package 'hydroships_control' build argument 'cmake_force_configure' from command line to 'False'
[0.187s] Level 5:colcon.colcon_core.verb:set package 'hydroships_control' build argument 'ament_cmake_args' from command line to 'None'
[0.187s] Level 5:colcon.colcon_core.verb:set package 'hydroships_control' build argument 'catkin_cmake_args' from command line to 'None'
[0.187s] Level 5:colcon.colcon_core.verb:set package 'hydroships_control' build argument 'catkin_skip_building_tests' from command line to 'False'
[0.187s] DEBUG:colcon.colcon_core.verb:Building package 'hydroships_control' with the following arguments: {'ament_cmake_args': None, 'build_base': '/home/rasya/ros2_ws/build/hydroships_control', 'catkin_cmake_args': None, 'catkin_skip_building_tests': False, 'cmake_args': None, 'cmake_clean_cache': False, 'cmake_clean_first': False, 'cmake_force_configure': False, 'cmake_target': None, 'cmake_target_skip_unavailable': False, 'install_base': '/home/rasya/ros2_ws/install/hydroships_control', 'merge_install': False, 'path': '/home/rasya/ros2_ws/src/hydroships_control', 'symlink_install': False, 'test_result_base': None}
[0.187s] Level 5:colcon.colcon_core.verb:set package 'hydroships_description' build argument 'cmake_args' from command line to 'None'
[0.187s] Level 5:colcon.colcon_core.verb:set package 'hydroships_description' build argument 'cmake_target' from command line to 'None'
[0.187s] Level 5:colcon.colcon_core.verb:set package 'hydroships_description' build argument 'cmake_target_skip_unavailable' from command line to 'False'
[0.187s] Level 5:colcon.colcon_core.verb:set package 'hydroships_description' build argument 'cmake_clean_cache' from command line to 'False'
[0.187s] Level 5:colcon.colcon_core.verb:set package 'hydroships_description' build argument 'cmake_clean_first' from command line to 'False'
[0.187s] Level 5:colcon.colcon_core.verb:set package 'hydroships_description' build argument 'cmake_force_configure' from command line to 'False'
[0.187s] Level 5:colcon.colcon_core.verb:set package 'hydroships_description' build argument 'ament_cmake_args' from command line to 'None'
[0.187s] Level 5:colcon.colcon_core.verb:set package 'hydroships_description' build argument 'catkin_cmake_args' from command line to 'None'
[0.187s] Level 5:colcon.colcon_core.verb:set package 'hydroships_description' build argument 'catkin_skip_building_tests' from command line to 'False'
[0.187s] DEBUG:colcon.colcon_core.verb:Building package 'hydroships_description' with the following arguments: {'ament_cmake_args': None, 'build_base': '/home/rasya/ros2_ws/build/hydroships_description', 'catkin_cmake_args': None, 'catkin_skip_building_tests': False, 'cmake_args': None, 'cmake_clean_cache': False, 'cmake_clean_first': False, 'cmake_force_configure': False, 'cmake_target': None, 'cmake_target_skip_unavailable': False, 'install_base': '/home/rasya/ros2_ws/install/hydroships_description', 'merge_install': False, 'path': '/home/rasya/ros2_ws/src/hydroships_description', 'symlink_install': False, 'test_result_base': None}
[0.187s] Level 5:colcon.colcon_core.verb:set package 'hydroships_gazebo' build argument 'cmake_args' from command line to 'None'
[0.187s] Level 5:colcon.colcon_core.verb:set package 'hydroships_gazebo' build argument 'cmake_target' from command line to 'None'
[0.187s] Level 5:colcon.colcon_core.verb:set package 'hydroships_gazebo' build argument 'cmake_target_skip_unavailable' from command line to 'False'
[0.187s] Level 5:colcon.colcon_core.verb:set package 'hydroships_gazebo' build argument 'cmake_clean_cache' from command line to 'False'
[0.187s] Level 5:colcon.colcon_core.verb:set package 'hydroships_gazebo' build argument 'cmake_clean_first' from command line to 'False'
[0.187s] Level 5:colcon.colcon_core.verb:set package 'hydroships_gazebo' build argument 'cmake_force_configure' from command line to 'False'
[0.187s] Level 5:colcon.colcon_core.verb:set package 'hydroships_gazebo' build argument 'ament_cmake_args' from command line to 'None'
[0.187s] Level 5:colcon.colcon_core.verb:set package 'hydroships_gazebo' build argument 'catkin_cmake_args' from command line to 'None'
[0.188s] Level 5:colcon.colcon_core.verb:set package 'hydroships_gazebo' build argument 'catkin_skip_building_tests' from command line to 'False'
[0.188s] DEBUG:colcon.colcon_core.verb:Building package 'hydroships_gazebo' with the following arguments: {'ament_cmake_args': None, 'build_base': '/home/rasya/ros2_ws/build/hydroships_gazebo', 'catkin_cmake_args': None, 'catkin_skip_building_tests': False, 'cmake_args': None, 'cmake_clean_cache': False, 'cmake_clean_first': False, 'cmake_force_configure': False, 'cmake_target': None, 'cmake_target_skip_unavailable': False, 'install_base': '/home/rasya/ros2_ws/install/hydroships_gazebo', 'merge_install': False, 'path': '/home/rasya/ros2_ws/src/hydroships_gazebo', 'symlink_install': False, 'test_result_base': None}
[0.188s] Level 5:colcon.colcon_core.verb:set package 'hydroships_bringup' build argument 'cmake_args' from command line to 'None'
[0.188s] Level 5:colcon.colcon_core.verb:set package 'hydroships_bringup' build argument 'cmake_target' from command line to 'None'
[0.188s] Level 5:colcon.colcon_core.verb:set package 'hydroships_bringup' build argument 'cmake_target_skip_unavailable' from command line to 'False'
[0.188s] Level 5:colcon.colcon_core.verb:set package 'hydroships_bringup' build argument 'cmake_clean_cache' from command line to 'False'
[0.188s] Level 5:colcon.colcon_core.verb:set package 'hydroships_bringup' build argument 'cmake_clean_first' from command line to 'False'
[0.188s] Level 5:colcon.colcon_core.verb:set package 'hydroships_bringup' build argument 'cmake_force_configure' from command line to 'False'
[0.188s] Level 5:colcon.colcon_core.verb:set package 'hydroships_bringup' build argument 'ament_cmake_args' from command line to 'None'
[0.188s] Level 5:colcon.colcon_core.verb:set package 'hydroships_bringup' build argument 'catkin_cmake_args' from command line to 'None'
[0.188s] Level 5:colcon.colcon_core.verb:set package 'hydroships_bringup' build argument 'catkin_skip_building_tests' from command line to 'False'
[0.188s] DEBUG:colcon.colcon_core.verb:Building package 'hydroships_bringup' with the following arguments: {'ament_cmake_args': None, 'build_base': '/home/rasya/ros2_ws/build/hydroships_bringup', 'catkin_cmake_args': None, 'catkin_skip_building_tests': False, 'cmake_args': None, 'cmake_clean_cache': False, 'cmake_clean_first': False, 'cmake_force_configure': False, 'cmake_target': None, 'cmake_target_skip_unavailable': False, 'install_base': '/home/rasya/ros2_ws/install/hydroships_bringup', 'merge_install': False, 'path': '/home/rasya/ros2_ws/src/hydroships_bringup', 'symlink_install': False, 'test_result_base': None}
[0.188s] INFO:colcon.colcon_core.executor:Executing jobs using 'parallel' executor
[0.189s] DEBUG:colcon.colcon_parallel_executor.executor.parallel:run_until_complete
[0.189s] INFO:colcon.colcon_ros.task.ament_python.build:Building ROS package in '/home/rasya/ros2_ws/src/hydroships_control' with build type 'ament_python'
[0.189s] Level 1:colcon.colcon_core.shell:create_environment_hook('hydroships_control', 'ament_prefix_path')
[0.190s] INFO:colcon.colcon_core.plugin_system:Skipping extension 'colcon_core.shell.bat': Not used on non-Windows systems
[0.190s] INFO:colcon.colcon_core.shell:Creating environment hook '/home/rasya/ros2_ws/install/hydroships_control/share/hydroships_control/hook/ament_prefix_path.ps1'
[0.190s] INFO:colcon.colcon_core.shell:Creating environment descriptor '/home/rasya/ros2_ws/install/hydroships_control/share/hydroships_control/hook/ament_prefix_path.dsv'
[0.191s] INFO:colcon.colcon_core.shell:Creating environment hook '/home/rasya/ros2_ws/install/hydroships_control/share/hydroships_control/hook/ament_prefix_path.sh'
[0.191s] INFO:colcon.colcon_core.shell:Skip shell extension 'powershell' for command environment: Not usable outside of PowerShell
[0.191s] DEBUG:colcon.colcon_core.shell:Skip shell extension 'dsv' for command environment
[0.193s] INFO:colcon.colcon_ros.task.ament_cmake.build:Building ROS package in '/home/rasya/ros2_ws/src/hydroships_description' with build type 'ament_cmake'
[0.193s] INFO:colcon.colcon_cmake.task.cmake.build:Building CMake package in '/home/rasya/ros2_ws/src/hydroships_description'
[0.193s] INFO:colcon.colcon_core.shell:Skip shell extension 'powershell' for command environment: Not usable outside of PowerShell
[0.193s] DEBUG:colcon.colcon_core.shell:Skip shell extension 'dsv' for command environment
[0.332s] INFO:colcon.colcon_core.task.python.build:Building Python package in '/home/rasya/ros2_ws/src/hydroships_control'
[0.332s] INFO:colcon.colcon_core.shell:Skip shell extension 'powershell' for command environment: Not usable outside of PowerShell
[0.332s] DEBUG:colcon.colcon_core.shell:Skip shell extension 'dsv' for command environment
[0.337s] DEBUG:colcon.colcon_core.event_handler.log_command:Invoking command in '/home/rasya/ros2_ws/build/hydroships_description': CMAKE_PREFIX_PATH=${CMAKE_PREFIX_PATH}:/home/rasya/ros2_ws/install/hydroships_control:/opt/ros/humble /usr/bin/cmake --build /home/rasya/ros2_ws/build/hydroships_description -- -j12 -l12
[0.366s] DEBUG:colcon.colcon_core.event_handler.log_command:Invoked command in '/home/rasya/ros2_ws/build/hydroships_description' returned '0': CMAKE_PREFIX_PATH=${CMAKE_PREFIX_PATH}:/home/rasya/ros2_ws/install/hydroships_control:/opt/ros/humble /usr/bin/cmake --build /home/rasya/ros2_ws/build/hydroships_description -- -j12 -l12
[0.373s] DEBUG:colcon.colcon_core.event_handler.log_command:Invoking command in '/home/rasya/ros2_ws/build/hydroships_description': CMAKE_PREFIX_PATH=${CMAKE_PREFIX_PATH}:/home/rasya/ros2_ws/install/hydroships_control:/opt/ros/humble /usr/bin/cmake --install /home/rasya/ros2_ws/build/hydroships_description
[0.380s] Level 1:colcon.colcon_core.environment:create_environment_scripts_only(hydroships_description)
[0.381s] DEBUG:colcon.colcon_core.event_handler.log_command:Invoked command in '/home/rasya/ros2_ws/build/hydroships_description' returned '0': CMAKE_PREFIX_PATH=${CMAKE_PREFIX_PATH}:/home/rasya/ros2_ws/install/hydroships_control:/opt/ros/humble /usr/bin/cmake --install /home/rasya/ros2_ws/build/hydroships_description
[0.383s] Level 1:colcon.colcon_core.environment:checking '/home/rasya/ros2_ws/install/hydroships_description' for CMake module files
[0.384s] Level 1:colcon.colcon_core.environment:checking '/home/rasya/ros2_ws/install/hydroships_description' for CMake config files
[0.384s] Level 1:colcon.colcon_core.shell:create_environment_hook('hydroships_description', 'cmake_prefix_path')
[0.384s] INFO:colcon.colcon_core.shell:Creating environment hook '/home/rasya/ros2_ws/install/hydroships_description/share/hydroships_description/hook/cmake_prefix_path.ps1'
[0.385s] INFO:colcon.colcon_core.shell:Creating environment descriptor '/home/rasya/ros2_ws/install/hydroships_description/share/hydroships_description/hook/cmake_prefix_path.dsv'
[0.385s] INFO:colcon.colcon_core.shell:Creating environment hook '/home/rasya/ros2_ws/install/hydroships_description/share/hydroships_description/hook/cmake_prefix_path.sh'
[0.386s] Level 1:colcon.colcon_core.environment:checking '/home/rasya/ros2_ws/install/hydroships_description/bin'
[0.386s] Level 1:colcon.colcon_core.environment:checking '/home/rasya/ros2_ws/install/hydroships_description/lib/pkgconfig/hydroships_description.pc'
[0.386s] Level 1:colcon.colcon_core.environment:checking '/home/rasya/ros2_ws/install/hydroships_description/lib/python3.10/site-packages'
[0.387s] Level 1:colcon.colcon_core.environment:checking '/home/rasya/ros2_ws/install/hydroships_description/bin'
[0.387s] INFO:colcon.colcon_core.shell:Creating package script '/home/rasya/ros2_ws/install/hydroships_description/share/hydroships_description/package.ps1'
[0.388s] INFO:colcon.colcon_core.shell:Creating package descriptor '/home/rasya/ros2_ws/install/hydroships_description/share/hydroships_description/package.dsv'
[0.389s] INFO:colcon.colcon_core.shell:Creating package script '/home/rasya/ros2_ws/install/hydroships_description/share/hydroships_description/package.sh'
[0.390s] INFO:colcon.colcon_core.shell:Creating package script '/home/rasya/ros2_ws/install/hydroships_description/share/hydroships_description/package.bash'
[0.390s] INFO:colcon.colcon_core.shell:Creating package script '/home/rasya/ros2_ws/install/hydroships_description/share/hydroships_description/package.zsh'
[0.391s] Level 1:colcon.colcon_core.environment:create_file_with_runtime_dependencies(/home/rasya/ros2_ws/install/hydroships_description/share/colcon-core/packages/hydroships_description)
[0.391s] Level 1:colcon.colcon_core.environment:create_environment_scripts_only(hydroships_description)
[0.392s] Level 1:colcon.colcon_core.environment:checking '/home/rasya/ros2_ws/install/hydroships_description' for CMake module files
[0.392s] Level 1:colcon.colcon_core.environment:checking '/home/rasya/ros2_ws/install/hydroships_description' for CMake config files
[0.392s] Level 1:colcon.colcon_core.shell:create_environment_hook('hydroships_description', 'cmake_prefix_path')
[0.393s] INFO:colcon.colcon_core.shell:Creating environment hook '/home/rasya/ros2_ws/install/hydroships_description/share/hydroships_description/hook/cmake_prefix_path.ps1'
[0.393s] INFO:colcon.colcon_core.shell:Creating environment descriptor '/home/rasya/ros2_ws/install/hydroships_description/share/hydroships_description/hook/cmake_prefix_path.dsv'
[0.393s] INFO:colcon.colcon_core.shell:Creating environment hook '/home/rasya/ros2_ws/install/hydroships_description/share/hydroships_description/hook/cmake_prefix_path.sh'
[0.394s] Level 1:colcon.colcon_core.environment:checking '/home/rasya/ros2_ws/install/hydroships_description/bin'
[0.394s] Level 1:colcon.colcon_core.environment:checking '/home/rasya/ros2_ws/install/hydroships_description/lib/pkgconfig/hydroships_description.pc'
[0.394s] Level 1:colcon.colcon_core.environment:checking '/home/rasya/ros2_ws/install/hydroships_description/lib/python3.10/site-packages'
[0.394s] Level 1:colcon.colcon_core.environment:checking '/home/rasya/ros2_ws/install/hydroships_description/bin'
[0.395s] INFO:colcon.colcon_core.shell:Creating package script '/home/rasya/ros2_ws/install/hydroships_description/share/hydroships_description/package.ps1'
[0.395s] INFO:colcon.colcon_core.shell:Creating package descriptor '/home/rasya/ros2_ws/install/hydroships_description/share/hydroships_description/package.dsv'
[0.396s] INFO:colcon.colcon_core.shell:Creating package script '/home/rasya/ros2_ws/install/hydroships_description/share/hydroships_description/package.sh'
[0.396s] INFO:colcon.colcon_core.shell:Creating package script '/home/rasya/ros2_ws/install/hydroships_description/share/hydroships_description/package.bash'
[0.396s] INFO:colcon.colcon_core.shell:Creating package script '/home/rasya/ros2_ws/install/hydroships_description/share/hydroships_description/package.zsh'
[0.397s] Level 1:colcon.colcon_core.environment:create_file_with_runtime_dependencies(/home/rasya/ros2_ws/install/hydroships_description/share/colcon-core/packages/hydroships_description)
[0.543s] DEBUG:colcon.colcon_core.task.python.build:Available setuptools commands: easy_install, saveopts, bdist_wheel, build_ext, build_scripts, build_clib, egg_info, bdist_dumb, build, bdist, check, install_scripts, clean, install_data, bdist_egg, symlink_data, test, build_py, upload_docs, register, rotate, bdist_rpm, setopt, sdist, install, install_lib, install_egg_info, install_headers, alias, dist_info, develop, upload
[0.545s] DEBUG:colcon.colcon_core.event_handler.log_command:Invoking command in '/home/rasya/ros2_ws/src/hydroships_control': PYTHONPATH=/home/rasya/ros2_ws/build/hydroships_control/prefix_override:/usr/lib/python3/dist-packages/colcon_core/task/python/colcon_distutils_commands:/home/rasya/ros2_ws/install/hydroships_control/lib/python3.10/site-packages:${PYTHONPATH} /usr/bin/python3 -W ignore:setup.py install is deprecated -W ignore:easy_install command is deprecated setup.py egg_info --egg-base ../../build/hydroships_control build --build-base /home/rasya/ros2_ws/build/hydroships_control/build install --record /home/rasya/ros2_ws/build/hydroships_control/install.log --install-scripts $base/lib/hydroships_control --single-version-externally-managed install_data
[0.692s] Level 1:colcon.colcon_core.environment:checking '/home/rasya/ros2_ws/install/hydroships_control' for CMake module files
[0.692s] DEBUG:colcon.colcon_core.event_handler.log_command:Invoked command in '/home/rasya/ros2_ws/src/hydroships_control' returned '0': PYTHONPATH=/home/rasya/ros2_ws/build/hydroships_control/prefix_override:/usr/lib/python3/dist-packages/colcon_core/task/python/colcon_distutils_commands:/home/rasya/ros2_ws/install/hydroships_control/lib/python3.10/site-packages:${PYTHONPATH} /usr/bin/python3 -W ignore:setup.py install is deprecated -W ignore:easy_install command is deprecated setup.py egg_info --egg-base ../../build/hydroships_control build --build-base /home/rasya/ros2_ws/build/hydroships_control/build install --record /home/rasya/ros2_ws/build/hydroships_control/install.log --install-scripts $base/lib/hydroships_control --single-version-externally-managed install_data
[0.692s] Level 1:colcon.colcon_core.environment:checking '/home/rasya/ros2_ws/install/hydroships_control' for CMake config files
[0.693s] Level 1:colcon.colcon_core.environment:checking '/home/rasya/ros2_ws/install/hydroships_control/lib'
[0.693s] Level 1:colcon.colcon_core.environment:checking '/home/rasya/ros2_ws/install/hydroships_control/bin'
[0.693s] Level 1:colcon.colcon_core.environment:checking '/home/rasya/ros2_ws/install/hydroships_control/lib/pkgconfig/hydroships_control.pc'
[0.693s] Level 1:colcon.colcon_core.environment:checking '/home/rasya/ros2_ws/install/hydroships_control/lib/python3.10/site-packages'
[0.693s] Level 1:colcon.colcon_core.shell:create_environment_hook('hydroships_control', 'pythonpath')
[0.693s] INFO:colcon.colcon_core.shell:Creating environment hook '/home/rasya/ros2_ws/install/hydroships_control/share/hydroships_control/hook/pythonpath.ps1'
[0.693s] INFO:colcon.colcon_core.shell:Creating environment descriptor '/home/rasya/ros2_ws/install/hydroships_control/share/hydroships_control/hook/pythonpath.dsv'
[0.694s] INFO:colcon.colcon_core.shell:Creating environment hook '/home/rasya/ros2_ws/install/hydroships_control/share/hydroships_control/hook/pythonpath.sh'
[0.694s] Level 1:colcon.colcon_core.environment:checking '/home/rasya/ros2_ws/install/hydroships_control/bin'
[0.694s] Level 1:colcon.colcon_core.environment:create_environment_scripts_only(hydroships_control)
[0.694s] INFO:colcon.colcon_core.shell:Creating package script '/home/rasya/ros2_ws/install/hydroships_control/share/hydroships_control/package.ps1'
[0.694s] INFO:colcon.colcon_core.shell:Creating package descriptor '/home/rasya/ros2_ws/install/hydroships_control/share/hydroships_control/package.dsv'
[0.695s] INFO:colcon.colcon_core.shell:Creating package script '/home/rasya/ros2_ws/install/hydroships_control/share/hydroships_control/package.sh'
[0.695s] INFO:colcon.colcon_core.shell:Creating package script '/home/rasya/ros2_ws/install/hydroships_control/share/hydroships_control/package.bash'
[0.695s] INFO:colcon.colcon_core.shell:Creating package script '/home/rasya/ros2_ws/install/hydroships_control/share/hydroships_control/package.zsh'
[0.695s] Level 1:colcon.colcon_core.environment:create_file_with_runtime_dependencies(/home/rasya/ros2_ws/install/hydroships_control/share/colcon-core/packages/hydroships_control)
[0.695s] INFO:colcon.colcon_ros.task.ament_cmake.build:Building ROS package in '/home/rasya/ros2_ws/src/hydroships_gazebo' with build type 'ament_cmake'
[0.696s] INFO:colcon.colcon_cmake.task.cmake.build:Building CMake package in '/home/rasya/ros2_ws/src/hydroships_gazebo'
[0.696s] INFO:colcon.colcon_core.shell:Skip shell extension 'powershell' for command environment: Not usable outside of PowerShell
[0.696s] DEBUG:colcon.colcon_core.shell:Skip shell extension 'dsv' for command environment
[0.703s] DEBUG:colcon.colcon_core.event_handler.log_command:Invoking command in '/home/rasya/ros2_ws/build/hydroships_gazebo': AMENT_PREFIX_PATH=/home/rasya/ros2_ws/install/hydroships_control:/home/rasya/ros2_ws/install/hydroships_bringup:/home/rasya/ros2_ws/install/hydroships_gazebo:/home/rasya/ros2_ws/install/hydroships_description:/opt/ros/humble CMAKE_PREFIX_PATH=/home/rasya/ros2_ws/install/hydroships_description:/home/rasya/ros2_ws/install/hydroships_bringup:/home/rasya/ros2_ws/install/hydroships_gazebo:/home/rasya/ros2_ws/install/hydroships_control:/opt/ros/humble /usr/bin/cmake --build /home/rasya/ros2_ws/build/hydroships_gazebo -- -j12 -l12
[0.731s] DEBUG:colcon.colcon_core.event_handler.log_command:Invoked command in '/home/rasya/ros2_ws/build/hydroships_gazebo' returned '0': AMENT_PREFIX_PATH=/home/rasya/ros2_ws/install/hydroships_control:/home/rasya/ros2_ws/install/hydroships_bringup:/home/rasya/ros2_ws/install/hydroships_gazebo:/home/rasya/ros2_ws/install/hydroships_description:/opt/ros/humble CMAKE_PREFIX_PATH=/home/rasya/ros2_ws/install/hydroships_description:/home/rasya/ros2_ws/install/hydroships_bringup:/home/rasya/ros2_ws/install/hydroships_gazebo:/home/rasya/ros2_ws/install/hydroships_control:/opt/ros/humble /usr/bin/cmake --build /home/rasya/ros2_ws/build/hydroships_gazebo -- -j12 -l12
[0.732s] DEBUG:colcon.colcon_core.event_handler.log_command:Invoking command in '/home/rasya/ros2_ws/build/hydroships_gazebo': AMENT_PREFIX_PATH=/home/rasya/ros2_ws/install/hydroships_control:/home/rasya/ros2_ws/install/hydroships_bringup:/home/rasya/ros2_ws/install/hydroships_gazebo:/home/rasya/ros2_ws/install/hydroships_description:/opt/ros/humble CMAKE_PREFIX_PATH=/home/rasya/ros2_ws/install/hydroships_description:/home/rasya/ros2_ws/install/hydroships_bringup:/home/rasya/ros2_ws/install/hydroships_gazebo:/home/rasya/ros2_ws/install/hydroships_control:/opt/ros/humble /usr/bin/cmake --install /home/rasya/ros2_ws/build/hydroships_gazebo
[0.741s] Level 1:colcon.colcon_core.environment:create_environment_scripts_only(hydroships_gazebo)
[0.742s] Level 1:colcon.colcon_core.environment:checking '/home/rasya/ros2_ws/install/hydroships_gazebo' for CMake module files
[0.742s] DEBUG:colcon.colcon_core.event_handler.log_command:Invoked command in '/home/rasya/ros2_ws/build/hydroships_gazebo' returned '0': AMENT_PREFIX_PATH=/home/rasya/ros2_ws/install/hydroships_control:/home/rasya/ros2_ws/install/hydroships_bringup:/home/rasya/ros2_ws/install/hydroships_gazebo:/home/rasya/ros2_ws/install/hydroships_description:/opt/ros/humble CMAKE_PREFIX_PATH=/home/rasya/ros2_ws/install/hydroships_description:/home/rasya/ros2_ws/install/hydroships_bringup:/home/rasya/ros2_ws/install/hydroships_gazebo:/home/rasya/ros2_ws/install/hydroships_control:/opt/ros/humble /usr/bin/cmake --install /home/rasya/ros2_ws/build/hydroships_gazebo
[0.743s] Level 1:colcon.colcon_core.environment:checking '/home/rasya/ros2_ws/install/hydroships_gazebo' for CMake config files
[0.743s] Level 1:colcon.colcon_core.shell:create_environment_hook('hydroships_gazebo', 'cmake_prefix_path')
[0.743s] INFO:colcon.colcon_core.shell:Creating environment hook '/home/rasya/ros2_ws/install/hydroships_gazebo/share/hydroships_gazebo/hook/cmake_prefix_path.ps1'
[0.743s] INFO:colcon.colcon_core.shell:Creating environment descriptor '/home/rasya/ros2_ws/install/hydroships_gazebo/share/hydroships_gazebo/hook/cmake_prefix_path.dsv'
[0.744s] INFO:colcon.colcon_core.shell:Creating environment hook '/home/rasya/ros2_ws/install/hydroships_gazebo/share/hydroships_gazebo/hook/cmake_prefix_path.sh'
[0.744s] Level 1:colcon.colcon_core.environment:checking '/home/rasya/ros2_ws/install/hydroships_gazebo/bin'
[0.744s] Level 1:colcon.colcon_core.environment:checking '/home/rasya/ros2_ws/install/hydroships_gazebo/lib/pkgconfig/hydroships_gazebo.pc'
[0.744s] Level 1:colcon.colcon_core.environment:checking '/home/rasya/ros2_ws/install/hydroships_gazebo/lib/python3.10/site-packages'
[0.744s] Level 1:colcon.colcon_core.environment:checking '/home/rasya/ros2_ws/install/hydroships_gazebo/bin'
[0.745s] INFO:colcon.colcon_core.shell:Creating package script '/home/rasya/ros2_ws/install/hydroships_gazebo/share/hydroships_gazebo/package.ps1'
[0.745s] INFO:colcon.colcon_core.shell:Creating package descriptor '/home/rasya/ros2_ws/install/hydroships_gazebo/share/hydroships_gazebo/package.dsv'
[0.745s] INFO:colcon.colcon_core.shell:Creating package script '/home/rasya/ros2_ws/install/hydroships_gazebo/share/hydroships_gazebo/package.sh'
[0.745s] INFO:colcon.colcon_core.shell:Creating package script '/home/rasya/ros2_ws/install/hydroships_gazebo/share/hydroships_gazebo/package.bash'
[0.745s] INFO:colcon.colcon_core.shell:Creating package script '/home/rasya/ros2_ws/install/hydroships_gazebo/share/hydroships_gazebo/package.zsh'
[0.746s] Level 1:colcon.colcon_core.environment:create_file_with_runtime_dependencies(/home/rasya/ros2_ws/install/hydroships_gazebo/share/colcon-core/packages/hydroships_gazebo)
[0.746s] Level 1:colcon.colcon_core.environment:create_environment_scripts_only(hydroships_gazebo)
[0.746s] Level 1:colcon.colcon_core.environment:checking '/home/rasya/ros2_ws/install/hydroships_gazebo' for CMake module files
[0.746s] Level 1:colcon.colcon_core.environment:checking '/home/rasya/ros2_ws/install/hydroships_gazebo' for CMake config files
[0.746s] Level 1:colcon.colcon_core.shell:create_environment_hook('hydroships_gazebo', 'cmake_prefix_path')
[0.746s] INFO:colcon.colcon_core.shell:Creating environment hook '/home/rasya/ros2_ws/install/hydroships_gazebo/share/hydroships_gazebo/hook/cmake_prefix_path.ps1'
[0.747s] INFO:colcon.colcon_core.shell:Creating environment descriptor '/home/rasya/ros2_ws/install/hydroships_gazebo/share/hydroships_gazebo/hook/cmake_prefix_path.dsv'
[0.747s] INFO:colcon.colcon_core.shell:Creating environment hook '/home/rasya/ros2_ws/install/hydroships_gazebo/share/hydroships_gazebo/hook/cmake_prefix_path.sh'
[0.747s] Level 1:colcon.colcon_core.environment:checking '/home/rasya/ros2_ws/install/hydroships_gazebo/bin'
[0.747s] Level 1:colcon.colcon_core.environment:checking '/home/rasya/ros2_ws/install/hydroships_gazebo/lib/pkgconfig/hydroships_gazebo.pc'
[0.747s] Level 1:colcon.colcon_core.environment:checking '/home/rasya/ros2_ws/install/hydroships_gazebo/lib/python3.10/site-packages'
[0.747s] Level 1:colcon.colcon_core.environment:checking '/home/rasya/ros2_ws/install/hydroships_gazebo/bin'
[0.748s] INFO:colcon.colcon_core.shell:Creating package script '/home/rasya/ros2_ws/install/hydroships_gazebo/share/hydroships_gazebo/package.ps1'
[0.748s] INFO:colcon.colcon_core.shell:Creating package descriptor '/home/rasya/ros2_ws/install/hydroships_gazebo/share/hydroships_gazebo/package.dsv'
[0.748s] INFO:colcon.colcon_core.shell:Creating package script '/home/rasya/ros2_ws/install/hydroships_gazebo/share/hydroships_gazebo/package.sh'
[0.748s] INFO:colcon.colcon_core.shell:Creating package script '/home/rasya/ros2_ws/install/hydroships_gazebo/share/hydroships_gazebo/package.bash'
[0.748s] INFO:colcon.colcon_core.shell:Creating package script '/home/rasya/ros2_ws/install/hydroships_gazebo/share/hydroships_gazebo/package.zsh'
[0.749s] Level 1:colcon.colcon_core.environment:create_file_with_runtime_dependencies(/home/rasya/ros2_ws/install/hydroships_gazebo/share/colcon-core/packages/hydroships_gazebo)
[0.749s] INFO:colcon.colcon_ros.task.ament_cmake.build:Building ROS package in '/home/rasya/ros2_ws/src/hydroships_bringup' with build type 'ament_cmake'
[0.749s] INFO:colcon.colcon_cmake.task.cmake.build:Building CMake package in '/home/rasya/ros2_ws/src/hydroships_bringup'
[0.749s] INFO:colcon.colcon_core.shell:Skip shell extension 'powershell' for command environment: Not usable outside of PowerShell
[0.749s] DEBUG:colcon.colcon_core.shell:Skip shell extension 'dsv' for command environment
[0.757s] DEBUG:colcon.colcon_core.event_handler.log_command:Invoking command in '/home/rasya/ros2_ws/build/hydroships_bringup': AMENT_PREFIX_PATH=/home/rasya/ros2_ws/install/hydroships_control:/home/rasya/ros2_ws/install/hydroships_bringup:/home/rasya/ros2_ws/install/hydroships_gazebo:/home/rasya/ros2_ws/install/hydroships_description:/opt/ros/humble CMAKE_PREFIX_PATH=/home/rasya/ros2_ws/install/hydroships_gazebo:/home/rasya/ros2_ws/install/hydroships_description:/home/rasya/ros2_ws/install/hydroships_bringup:/home/rasya/ros2_ws/install/hydroships_control:/opt/ros/humble /usr/bin/cmake --build /home/rasya/ros2_ws/build/hydroships_bringup -- -j12 -l12
[0.787s] DEBUG:colcon.colcon_core.event_handler.log_command:Invoked command in '/home/rasya/ros2_ws/build/hydroships_bringup' returned '0': AMENT_PREFIX_PATH=/home/rasya/ros2_ws/install/hydroships_control:/home/rasya/ros2_ws/install/hydroships_bringup:/home/rasya/ros2_ws/install/hydroships_gazebo:/home/rasya/ros2_ws/install/hydroships_description:/opt/ros/humble CMAKE_PREFIX_PATH=/home/rasya/ros2_ws/install/hydroships_gazebo:/home/rasya/ros2_ws/install/hydroships_description:/home/rasya/ros2_ws/install/hydroships_bringup:/home/rasya/ros2_ws/install/hydroships_control:/opt/ros/humble /usr/bin/cmake --build /home/rasya/ros2_ws/build/hydroships_bringup -- -j12 -l12
[0.787s] DEBUG:colcon.colcon_core.event_handler.log_command:Invoking command in '/home/rasya/ros2_ws/build/hydroships_bringup': AMENT_PREFIX_PATH=/home/rasya/ros2_ws/install/hydroships_control:/home/rasya/ros2_ws/install/hydroships_bringup:/home/rasya/ros2_ws/install/hydroships_gazebo:/home/rasya/ros2_ws/install/hydroships_description:/opt/ros/humble CMAKE_PREFIX_PATH=/home/rasya/ros2_ws/install/hydroships_gazebo:/home/rasya/ros2_ws/install/hydroships_description:/home/rasya/ros2_ws/install/hydroships_bringup:/home/rasya/ros2_ws/install/hydroships_control:/opt/ros/humble /usr/bin/cmake --install /home/rasya/ros2_ws/build/hydroships_bringup
[0.796s] Level 1:colcon.colcon_core.environment:create_environment_scripts_only(hydroships_bringup)
[0.797s] Level 1:colcon.colcon_core.environment:checking '/home/rasya/ros2_ws/install/hydroships_bringup' for CMake module files
[0.797s] Level 1:colcon.colcon_core.environment:checking '/home/rasya/ros2_ws/install/hydroships_bringup' for CMake config files
[0.798s] DEBUG:colcon.colcon_core.event_handler.log_command:Invoked command in '/home/rasya/ros2_ws/build/hydroships_bringup' returned '0': AMENT_PREFIX_PATH=/home/rasya/ros2_ws/install/hydroships_control:/home/rasya/ros2_ws/install/hydroships_bringup:/home/rasya/ros2_ws/install/hydroships_gazebo:/home/rasya/ros2_ws/install/hydroships_description:/opt/ros/humble CMAKE_PREFIX_PATH=/home/rasya/ros2_ws/install/hydroships_gazebo:/home/rasya/ros2_ws/install/hydroships_description:/home/rasya/ros2_ws/install/hydroships_bringup:/home/rasya/ros2_ws/install/hydroships_control:/opt/ros/humble /usr/bin/cmake --install /home/rasya/ros2_ws/build/hydroships_bringup
[0.798s] Level 1:colcon.colcon_core.shell:create_environment_hook('hydroships_bringup', 'cmake_prefix_path')
[0.798s] INFO:colcon.colcon_core.shell:Creating environment hook '/home/rasya/ros2_ws/install/hydroships_bringup/share/hydroships_bringup/hook/cmake_prefix_path.ps1'
[0.799s] INFO:colcon.colcon_core.shell:Creating environment descriptor '/home/rasya/ros2_ws/install/hydroships_bringup/share/hydroships_bringup/hook/cmake_prefix_path.dsv'
[0.799s] INFO:colcon.colcon_core.shell:Creating environment hook '/home/rasya/ros2_ws/install/hydroships_bringup/share/hydroships_bringup/hook/cmake_prefix_path.sh'
[0.800s] Level 1:colcon.colcon_core.environment:checking '/home/rasya/ros2_ws/install/hydroships_bringup/bin'
[0.800s] Level 1:colcon.colcon_core.environment:checking '/home/rasya/ros2_ws/install/hydroships_bringup/lib/pkgconfig/hydroships_bringup.pc'
[0.800s] Level 1:colcon.colcon_core.environment:checking '/home/rasya/ros2_ws/install/hydroships_bringup/lib/python3.10/site-packages'
[0.800s] Level 1:colcon.colcon_core.environment:checking '/home/rasya/ros2_ws/install/hydroships_bringup/bin'
[0.801s] INFO:colcon.colcon_core.shell:Creating package script '/home/rasya/ros2_ws/install/hydroships_bringup/share/hydroships_bringup/package.ps1'
[0.801s] INFO:colcon.colcon_core.shell:Creating package descriptor '/home/rasya/ros2_ws/install/hydroships_bringup/share/hydroships_bringup/package.dsv'
[0.802s] INFO:colcon.colcon_core.shell:Creating package script '/home/rasya/ros2_ws/install/hydroships_bringup/share/hydroships_bringup/package.sh'
[0.802s] INFO:colcon.colcon_core.shell:Creating package script '/home/rasya/ros2_ws/install/hydroships_bringup/share/hydroships_bringup/package.bash'
[0.803s] INFO:colcon.colcon_core.shell:Creating package script '/home/rasya/ros2_ws/install/hydroships_bringup/share/hydroships_bringup/package.zsh'
[0.803s] Level 1:colcon.colcon_core.environment:create_file_with_runtime_dependencies(/home/rasya/ros2_ws/install/hydroships_bringup/share/colcon-core/packages/hydroships_bringup)
[0.803s] Level 1:colcon.colcon_core.environment:create_environment_scripts_only(hydroships_bringup)
[0.804s] Level 1:colcon.colcon_core.environment:checking '/home/rasya/ros2_ws/install/hydroships_bringup' for CMake module files
[0.804s] Level 1:colcon.colcon_core.environment:checking '/home/rasya/ros2_ws/install/hydroships_bringup' for CMake config files
[0.804s] Level 1:colcon.colcon_core.shell:create_environment_hook('hydroships_bringup', 'cmake_prefix_path')
[0.804s] INFO:colcon.colcon_core.shell:Creating environment hook '/home/rasya/ros2_ws/install/hydroships_bringup/share/hydroships_bringup/hook/cmake_prefix_path.ps1'
[0.805s] INFO:colcon.colcon_core.shell:Creating environment descriptor '/home/rasya/ros2_ws/install/hydroships_bringup/share/hydroships_bringup/hook/cmake_prefix_path.dsv'
[0.805s] INFO:colcon.colcon_core.shell:Creating environment hook '/home/rasya/ros2_ws/install/hydroships_bringup/share/hydroships_bringup/hook/cmake_prefix_path.sh'
[0.806s] Level 1:colcon.colcon_core.environment:checking '/home/rasya/ros2_ws/install/hydroships_bringup/bin'
[0.806s] Level 1:colcon.colcon_core.environment:checking '/home/rasya/ros2_ws/install/hydroships_bringup/lib/pkgconfig/hydroships_bringup.pc'
[0.806s] Level 1:colcon.colcon_core.environment:checking '/home/rasya/ros2_ws/install/hydroships_bringup/lib/python3.10/site-packages'
[0.806s] Level 1:colcon.colcon_core.environment:checking '/home/rasya/ros2_ws/install/hydroships_bringup/bin'
[0.806s] INFO:colcon.colcon_core.shell:Creating package script '/home/rasya/ros2_ws/install/hydroships_bringup/share/hydroships_bringup/package.ps1'
[0.807s] INFO:colcon.colcon_core.shell:Creating package descriptor '/home/rasya/ros2_ws/install/hydroships_bringup/share/hydroships_bringup/package.dsv'
[0.808s] INFO:colcon.colcon_core.shell:Creating package script '/home/rasya/ros2_ws/install/hydroships_bringup/share/hydroships_bringup/package.sh'
[0.808s] INFO:colcon.colcon_core.shell:Creating package script '/home/rasya/ros2_ws/install/hydroships_bringup/share/hydroships_bringup/package.bash'
[0.809s] INFO:colcon.colcon_core.shell:Creating package script '/home/rasya/ros2_ws/install/hydroships_bringup/share/hydroships_bringup/package.zsh'
[0.809s] Level 1:colcon.colcon_core.environment:create_file_with_runtime_dependencies(/home/rasya/ros2_ws/install/hydroships_bringup/share/colcon-core/packages/hydroships_bringup)
[0.809s] DEBUG:colcon.colcon_parallel_executor.executor.parallel:closing loop
[0.810s] DEBUG:colcon.colcon_parallel_executor.executor.parallel:loop closed
[0.810s] DEBUG:colcon.colcon_parallel_executor.executor.parallel:run_until_complete finished with '0'
[0.810s] DEBUG:colcon.colcon_core.event_reactor:joining thread
[0.815s] INFO:colcon.colcon_core.plugin_system:Skipping extension 'colcon_notification.desktop_notification.terminal_notifier': Not used on non-Darwin systems
[0.815s] INFO:colcon.colcon_core.plugin_system:Skipping extension 'colcon_notification.desktop_notification.win32': Not used on non-Windows systems
[0.815s] INFO:colcon.colcon_notification.desktop_notification:Sending desktop notification using 'notify2'
[0.824s] DEBUG:colcon.colcon_core.event_reactor:joined thread
[0.824s] INFO:colcon.colcon_core.shell:Creating prefix script '/home/rasya/ros2_ws/install/local_setup.ps1'
[0.825s] INFO:colcon.colcon_core.shell:Creating prefix util module '/home/rasya/ros2_ws/install/_local_setup_util_ps1.py'
[0.827s] INFO:colcon.colcon_core.shell:Creating prefix chain script '/home/rasya/ros2_ws/install/setup.ps1'
[0.828s] INFO:colcon.colcon_core.shell:Creating prefix script '/home/rasya/ros2_ws/install/local_setup.sh'
[0.828s] INFO:colcon.colcon_core.shell:Creating prefix util module '/home/rasya/ros2_ws/install/_local_setup_util_sh.py'
[0.829s] INFO:colcon.colcon_core.shell:Creating prefix chain script '/home/rasya/ros2_ws/install/setup.sh'
[0.830s] INFO:colcon.colcon_core.shell:Creating prefix script '/home/rasya/ros2_ws/install/local_setup.bash'
[0.830s] INFO:colcon.colcon_core.shell:Creating prefix chain script '/home/rasya/ros2_ws/install/setup.bash'
[0.831s] INFO:colcon.colcon_core.shell:Creating prefix script '/home/rasya/ros2_ws/install/local_setup.zsh'
[0.832s] INFO:colcon.colcon_core.shell:Creating prefix chain script '/home/rasya/ros2_ws/install/setup.zsh'
