-- Install configuration: ""
-- Up-to-date: /home/rasya/ros2_ws/install/hydroships_gazebo/share/hydroships_gazebo/worlds
-- Up-to-date: /home/rasya/ros2_ws/install/hydroships_gazebo/share/hydroships_gazebo/worlds/pool_empty.sdf
-- Installing: /home/rasya/ros2_ws/install/hydroships_gazebo/share/hydroships_gazebo/worlds/kki_arena.sdf
-- Up-to-date: /home/rasya/ros2_ws/install/hydroships_gazebo/share/hydroships_gazebo/launch
-- Up-to-date: /home/rasya/ros2_ws/install/hydroships_gazebo/share/hydroships_gazebo/launch/sim.launch.py
-- Up-to-date: /home/rasya/ros2_ws/install/hydroships_gazebo/share/hydroships_gazebo/config
-- Up-to-date: /home/rasya/ros2_ws/install/hydroships_gazebo/share/hydroships_gazebo/config/bridge.yaml
-- Up-to-date: /home/rasya/ros2_ws/install/hydroships_gazebo/share/hydroships_gazebo/media
-- Installing: /home/rasya/ros2_ws/install/hydroships_gazebo/share/hydroships_gazebo/media/qr_quad.obj
-- Up-to-date: /home/rasya/ros2_ws/install/hydroships_gazebo/share/hydroships_gazebo/media/qr_A.png
-- Installing: /home/rasya/ros2_ws/install/hydroships_gazebo/share/hydroships_gazebo/media/qr_quad.mtl
-- Up-to-date: /home/rasya/ros2_ws/install/hydroships_gazebo/share/ament_index/resource_index/package_run_dependencies/hydroships_gazebo
-- Up-to-date: /home/rasya/ros2_ws/install/hydroships_gazebo/share/ament_index/resource_index/parent_prefix_path/hydroships_gazebo
-- Up-to-date: /home/rasya/ros2_ws/install/hydroships_gazebo/share/hydroships_gazebo/environment/ament_prefix_path.sh
-- Up-to-date: /home/rasya/ros2_ws/install/hydroships_gazebo/share/hydroships_gazebo/environment/ament_prefix_path.dsv
-- Up-to-date: /home/rasya/ros2_ws/install/hydroships_gazebo/share/hydroships_gazebo/environment/path.sh
-- Up-to-date: /home/rasya/ros2_ws/install/hydroships_gazebo/share/hydroships_gazebo/environment/path.dsv
-- Up-to-date: /home/rasya/ros2_ws/install/hydroships_gazebo/share/hydroships_gazebo/local_setup.bash
-- Up-to-date: /home/rasya/ros2_ws/install/hydroships_gazebo/share/hydroships_gazebo/local_setup.sh
-- Up-to-date: /home/rasya/ros2_ws/install/hydroships_gazebo/share/hydroships_gazebo/local_setup.zsh
-- Up-to-date: /home/rasya/ros2_ws/install/hydroships_gazebo/share/hydroships_gazebo/local_setup.dsv
-- Installing: /home/rasya/ros2_ws/install/hydroships_gazebo/share/hydroships_gazebo/package.dsv
-- Up-to-date: /home/rasya/ros2_ws/install/hydroships_gazebo/share/ament_index/resource_index/packages/hydroships_gazebo
-- Up-to-date: /home/rasya/ros2_ws/install/hydroships_gazebo/share/hydroships_gazebo/cmake/hydroships_gazeboConfig.cmake
-- Up-to-date: /home/rasya/ros2_ws/install/hydroships_gazebo/share/hydroships_gazebo/cmake/hydroships_gazeboConfig-version.cmake
-- Up-to-date: /home/rasya/ros2_ws/install/hydroships_gazebo/share/hydroships_gazebo/package.xml
