[0.053s] DEBUG:colcon:Command line arguments: ['/usr/bin/colcon', 'build', '--packages-select', 'hydroships_bringup']
[0.053s] DEBUG:colcon:Parsed command line arguments: Namespace(log_base=None, log_level=None, verb_name='build', build_base='build', install_base='install', merge_install=False, symlink_install=False, test_result_base=None, continue_on_error=False, executor='parallel', parallel_workers=12, event_handlers=None, ignore_user_meta=False, metas=['./colcon.meta'], base_paths=['.'], packages_ignore=None, packages_ignore_regex=None, paths=None, packages_up_to=None, packages_up_to_regex=None, packages_above=None, packages_above_and_dependencies=None, packages_above_depth=None, packages_select_by_dep=None, packages_skip_by_dep=None, packages_skip_up_to=None, packages_select_build_failed=False, packages_skip_build_finished=False, packages_select_test_failures=False, packages_skip_test_passed=False, packages_select=['hydroships_bringup'], packages_skip=None, packages_select_regex=None, packages_skip_regex=None, packages_start=None, packages_end=None, allow_overriding=[], cmake_args=None, cmake_target=None, cmake_target_skip_unavailable=False, cmake_clean_cache=False, cmake_clean_first=False, cmake_force_configure=False, ament_cmake_args=None, catkin_cmake_args=None, catkin_skip_building_tests=False, verb_parser=<colcon_defaults.argument_parser.defaults.DefaultArgumentsDecorator object at 0x7dab35c2f760>, verb_extension=<colcon_core.verb.build.BuildVerb object at 0x7dab35d70dc0>, main=<bound method BuildVerb.main of <colcon_core.verb.build.BuildVerb object at 0x7dab35d70dc0>>)
[0.134s] Level 1:colcon.colcon_core.package_discovery:discover_packages(colcon_meta) check parameters
[0.134s] Level 1:colcon.colcon_core.package_discovery:discover_packages(recursive) check parameters
[0.134s] Level 1:colcon.colcon_core.package_discovery:discover_packages(ignore) check parameters
[0.134s] Level 1:colcon.colcon_core.package_discovery:discover_packages(path) check parameters
[0.134s] Level 1:colcon.colcon_core.package_discovery:discover_packages(colcon_meta) discover
[0.134s] Level 1:colcon.colcon_core.package_discovery:discover_packages(recursive) discover
[0.134s] INFO:colcon.colcon_core.package_discovery:Crawling recursively for packages in '/home/rasya/ros2_ws'
[0.134s] Level 1:colcon.colcon_core.package_identification:_identify(.) by extensions ['ignore', 'ignore_ament_install']
[0.134s] Level 1:colcon.colcon_core.package_identification:_identify(.) by extension 'ignore'
[0.134s] Level 1:colcon.colcon_core.package_identification:_identify(.) by extension 'ignore_ament_install'
[0.134s] Level 1:colcon.colcon_core.package_identification:_identify(.) by extensions ['colcon_pkg']
[0.134s] Level 1:colcon.colcon_core.package_identification:_identify(.) by extension 'colcon_pkg'
[0.134s] Level 1:colcon.colcon_core.package_identification:_identify(.) by extensions ['colcon_meta']
[0.134s] Level 1:colcon.colcon_core.package_identification:_identify(.) by extension 'colcon_meta'
[0.134s] Level 1:colcon.colcon_core.package_identification:_identify(.) by extensions ['ros']
[0.134s] Level 1:colcon.colcon_core.package_identification:_identify(.) by extension 'ros'
[0.140s] Level 1:colcon.colcon_core.package_identification:_identify(.) by extensions ['cmake', 'python']
[0.140s] Level 1:colcon.colcon_core.package_identification:_identify(.) by extension 'cmake'
[0.140s] Level 1:colcon.colcon_core.package_identification:_identify(.) by extension 'python'
[0.140s] Level 1:colcon.colcon_core.package_identification:_identify(.) by extensions ['python_setup_py']
[0.140s] Level 1:colcon.colcon_core.package_identification:_identify(.) by extension 'python_setup_py'
[0.140s] Level 1:colcon.colcon_core.package_identification:_identify(build) by extensions ['ignore', 'ignore_ament_install']
[0.141s] Level 1:colcon.colcon_core.package_identification:_identify(build) by extension 'ignore'
[0.141s] Level 1:colcon.colcon_core.package_identification:_identify(build) ignored
[0.141s] Level 1:colcon.colcon_core.package_identification:_identify(install) by extensions ['ignore', 'ignore_ament_install']
[0.141s] Level 1:colcon.colcon_core.package_identification:_identify(install) by extension 'ignore'
[0.141s] Level 1:colcon.colcon_core.package_identification:_identify(install) ignored
[0.141s] Level 1:colcon.colcon_core.package_identification:_identify(log) by extensions ['ignore', 'ignore_ament_install']
[0.141s] Level 1:colcon.colcon_core.package_identification:_identify(log) by extension 'ignore'
[0.141s] Level 1:colcon.colcon_core.package_identification:_identify(log) ignored
[0.141s] Level 1:colcon.colcon_core.package_identification:_identify(src) by extensions ['ignore', 'ignore_ament_install']
[0.141s] Level 1:colcon.colcon_core.package_identification:_identify(src) by extension 'ignore'
[0.141s] Level 1:colcon.colcon_core.package_identification:_identify(src) by extension 'ignore_ament_install'
[0.141s] Level 1:colcon.colcon_core.package_identification:_identify(src) by extensions ['colcon_pkg']
[0.141s] Level 1:colcon.colcon_core.package_identification:_identify(src) by extension 'colcon_pkg'
[0.141s] Level 1:colcon.colcon_core.package_identification:_identify(src) by extensions ['colcon_meta']
[0.141s] Level 1:colcon.colcon_core.package_identification:_identify(src) by extension 'colcon_meta'
[0.141s] Level 1:colcon.colcon_core.package_identification:_identify(src) by extensions ['ros']
[0.141s] Level 1:colcon.colcon_core.package_identification:_identify(src) by extension 'ros'
[0.141s] Level 1:colcon.colcon_core.package_identification:_identify(src) by extensions ['cmake', 'python']
[0.141s] Level 1:colcon.colcon_core.package_identification:_identify(src) by extension 'cmake'
[0.141s] Level 1:colcon.colcon_core.package_identification:_identify(src) by extension 'python'
[0.141s] Level 1:colcon.colcon_core.package_identification:_identify(src) by extensions ['python_setup_py']
[0.141s] Level 1:colcon.colcon_core.package_identification:_identify(src) by extension 'python_setup_py'
[0.141s] Level 1:colcon.colcon_core.package_identification:_identify(src/hydroships_bringup) by extensions ['ignore', 'ignore_ament_install']
[0.141s] Level 1:colcon.colcon_core.package_identification:_identify(src/hydroships_bringup) by extension 'ignore'
[0.141s] Level 1:colcon.colcon_core.package_identification:_identify(src/hydroships_bringup) by extension 'ignore_ament_install'
[0.141s] Level 1:colcon.colcon_core.package_identification:_identify(src/hydroships_bringup) by extensions ['colcon_pkg']
[0.141s] Level 1:colcon.colcon_core.package_identification:_identify(src/hydroships_bringup) by extension 'colcon_pkg'
[0.141s] Level 1:colcon.colcon_core.package_identification:_identify(src/hydroships_bringup) by extensions ['colcon_meta']
[0.141s] Level 1:colcon.colcon_core.package_identification:_identify(src/hydroships_bringup) by extension 'colcon_meta'
[0.141s] Level 1:colcon.colcon_core.package_identification:_identify(src/hydroships_bringup) by extensions ['ros']
[0.141s] Level 1:colcon.colcon_core.package_identification:_identify(src/hydroships_bringup) by extension 'ros'
[0.143s] DEBUG:colcon.colcon_core.package_identification:Package 'src/hydroships_bringup' with type 'ros.ament_cmake' and name 'hydroships_bringup'
[0.143s] Level 1:colcon.colcon_core.package_identification:_identify(src/hydroships_control) by extensions ['ignore', 'ignore_ament_install']
[0.143s] Level 1:colcon.colcon_core.package_identification:_identify(src/hydroships_control) by extension 'ignore'
[0.143s] Level 1:colcon.colcon_core.package_identification:_identify(src/hydroships_control) by extension 'ignore_ament_install'
[0.143s] Level 1:colcon.colcon_core.package_identification:_identify(src/hydroships_control) by extensions ['colcon_pkg']
[0.143s] Level 1:colcon.colcon_core.package_identification:_identify(src/hydroships_control) by extension 'colcon_pkg'
[0.143s] Level 1:colcon.colcon_core.package_identification:_identify(src/hydroships_control) by extensions ['colcon_meta']
[0.143s] Level 1:colcon.colcon_core.package_identification:_identify(src/hydroships_control) by extension 'colcon_meta'
[0.143s] Level 1:colcon.colcon_core.package_identification:_identify(src/hydroships_control) by extensions ['ros']
[0.143s] Level 1:colcon.colcon_core.package_identification:_identify(src/hydroships_control) by extension 'ros'
[0.143s] DEBUG:colcon.colcon_core.package_identification:Package 'src/hydroships_control' with type 'ros.ament_python' and name 'hydroships_control'
[0.143s] Level 1:colcon.colcon_core.package_identification:_identify(src/hydroships_description) by extensions ['ignore', 'ignore_ament_install']
[0.143s] Level 1:colcon.colcon_core.package_identification:_identify(src/hydroships_description) by extension 'ignore'
[0.143s] Level 1:colcon.colcon_core.package_identification:_identify(src/hydroships_description) by extension 'ignore_ament_install'
[0.143s] Level 1:colcon.colcon_core.package_identification:_identify(src/hydroships_description) by extensions ['colcon_pkg']
[0.143s] Level 1:colcon.colcon_core.package_identification:_identify(src/hydroships_description) by extension 'colcon_pkg'
[0.143s] Level 1:colcon.colcon_core.package_identification:_identify(src/hydroships_description) by extensions ['colcon_meta']
[0.144s] Level 1:colcon.colcon_core.package_identification:_identify(src/hydroships_description) by extension 'colcon_meta'
[0.144s] Level 1:colcon.colcon_core.package_identification:_identify(src/hydroships_description) by extensions ['ros']
[0.144s] Level 1:colcon.colcon_core.package_identification:_identify(src/hydroships_description) by extension 'ros'
[0.144s] DEBUG:colcon.colcon_core.package_identification:Package 'src/hydroships_description' with type 'ros.ament_cmake' and name 'hydroships_description'
[0.144s] Level 1:colcon.colcon_core.package_identification:_identify(src/hydroships_gazebo) by extensions ['ignore', 'ignore_ament_install']
[0.144s] Level 1:colcon.colcon_core.package_identification:_identify(src/hydroships_gazebo) by extension 'ignore'
[0.144s] Level 1:colcon.colcon_core.package_identification:_identify(src/hydroships_gazebo) by extension 'ignore_ament_install'
[0.144s] Level 1:colcon.colcon_core.package_identification:_identify(src/hydroships_gazebo) by extensions ['colcon_pkg']
[0.144s] Level 1:colcon.colcon_core.package_identification:_identify(src/hydroships_gazebo) by extension 'colcon_pkg'
[0.144s] Level 1:colcon.colcon_core.package_identification:_identify(src/hydroships_gazebo) by extensions ['colcon_meta']
[0.144s] Level 1:colcon.colcon_core.package_identification:_identify(src/hydroships_gazebo) by extension 'colcon_meta'
[0.144s] Level 1:colcon.colcon_core.package_identification:_identify(src/hydroships_gazebo) by extensions ['ros']
[0.144s] Level 1:colcon.colcon_core.package_identification:_identify(src/hydroships_gazebo) by extension 'ros'
[0.144s] DEBUG:colcon.colcon_core.package_identification:Package 'src/hydroships_gazebo' with type 'ros.ament_cmake' and name 'hydroships_gazebo'
[0.144s] Level 1:colcon.colcon_core.package_discovery:discover_packages(recursive) using defaults
[0.144s] Level 1:colcon.colcon_core.package_discovery:discover_packages(ignore) discover
[0.144s] Level 1:colcon.colcon_core.package_discovery:discover_packages(ignore) using defaults
[0.144s] Level 1:colcon.colcon_core.package_discovery:discover_packages(path) discover
[0.144s] Level 1:colcon.colcon_core.package_discovery:discover_packages(path) using defaults
[0.156s] INFO:colcon.colcon_core.package_selection:Skipping not selected package 'hydroships_control' in 'src/hydroships_control'
[0.156s] INFO:colcon.colcon_core.package_selection:Skipping not selected package 'hydroships_description' in 'src/hydroships_description'
[0.156s] INFO:colcon.colcon_core.package_selection:Skipping not selected package 'hydroships_gazebo' in 'src/hydroships_gazebo'
[0.156s] Level 1:colcon.colcon_core.package_discovery:discover_packages(prefix_path) check parameters
[0.156s] Level 1:colcon.colcon_core.package_discovery:discover_packages(prefix_path) discover
[0.157s] DEBUG:colcon.colcon_installed_package_information.package_discovery:Found 4 installed packages in /home/rasya/ros2_ws/install
[0.158s] DEBUG:colcon.colcon_installed_package_information.package_discovery:Found 293 installed packages in /opt/ros/humble
[0.164s] Level 1:colcon.colcon_core.package_discovery:discover_packages(prefix_path) using defaults
[0.185s] Level 5:colcon.colcon_core.verb:set package 'hydroships_bringup' build argument 'cmake_args' from command line to 'None'
[0.185s] Level 5:colcon.colcon_core.verb:set package 'hydroships_bringup' build argument 'cmake_target' from command line to 'None'
[0.185s] Level 5:colcon.colcon_core.verb:set package 'hydroships_bringup' build argument 'cmake_target_skip_unavailable' from command line to 'False'
[0.185s] Level 5:colcon.colcon_core.verb:set package 'hydroships_bringup' build argument 'cmake_clean_cache' from command line to 'False'
[0.185s] Level 5:colcon.colcon_core.verb:set package 'hydroships_bringup' build argument 'cmake_clean_first' from command line to 'False'
[0.185s] Level 5:colcon.colcon_core.verb:set package 'hydroships_bringup' build argument 'cmake_force_configure' from command line to 'False'
[0.185s] Level 5:colcon.colcon_core.verb:set package 'hydroships_bringup' build argument 'ament_cmake_args' from command line to 'None'
[0.185s] Level 5:colcon.colcon_core.verb:set package 'hydroships_bringup' build argument 'catkin_cmake_args' from command line to 'None'
[0.185s] Level 5:colcon.colcon_core.verb:set package 'hydroships_bringup' build argument 'catkin_skip_building_tests' from command line to 'False'
[0.185s] DEBUG:colcon.colcon_core.verb:Building package 'hydroships_bringup' with the following arguments: {'ament_cmake_args': None, 'build_base': '/home/rasya/ros2_ws/build/hydroships_bringup', 'catkin_cmake_args': None, 'catkin_skip_building_tests': False, 'cmake_args': None, 'cmake_clean_cache': False, 'cmake_clean_first': False, 'cmake_force_configure': False, 'cmake_target': None, 'cmake_target_skip_unavailable': False, 'install_base': '/home/rasya/ros2_ws/install/hydroships_bringup', 'merge_install': False, 'path': '/home/rasya/ros2_ws/src/hydroships_bringup', 'symlink_install': False, 'test_result_base': None}
[0.185s] INFO:colcon.colcon_core.executor:Executing jobs using 'parallel' executor
[0.186s] DEBUG:colcon.colcon_parallel_executor.executor.parallel:run_until_complete
[0.186s] INFO:colcon.colcon_ros.task.ament_cmake.build:Building ROS package in '/home/rasya/ros2_ws/src/hydroships_bringup' with build type 'ament_cmake'
[0.186s] INFO:colcon.colcon_cmake.task.cmake.build:Building CMake package in '/home/rasya/ros2_ws/src/hydroships_bringup'
[0.187s] INFO:colcon.colcon_core.plugin_system:Skipping extension 'colcon_core.shell.bat': Not used on non-Windows systems
[0.187s] INFO:colcon.colcon_core.shell:Skip shell extension 'powershell' for command environment: Not usable outside of PowerShell
[0.187s] DEBUG:colcon.colcon_core.shell:Skip shell extension 'dsv' for command environment
[0.196s] DEBUG:colcon.colcon_core.event_handler.log_command:Invoking command in '/home/rasya/ros2_ws/build/hydroships_bringup': AMENT_PREFIX_PATH=/home/rasya/ros2_ws/install/hydroships_control:/home/rasya/ros2_ws/install/hydroships_bringup:/home/rasya/ros2_ws/install/hydroships_gazebo:/home/rasya/ros2_ws/install/hydroships_description:/opt/ros/humble CMAKE_PREFIX_PATH=/home/rasya/ros2_ws/install/hydroships_gazebo:/home/rasya/ros2_ws/install/hydroships_description:/home/rasya/ros2_ws/install/hydroships_bringup:/home/rasya/ros2_ws/install/hydroships_control:/opt/ros/humble /usr/bin/cmake --build /home/rasya/ros2_ws/build/hydroships_bringup -- -j12 -l12
[0.354s] DEBUG:colcon.colcon_core.event_handler.log_command:Invoked command in '/home/rasya/ros2_ws/build/hydroships_bringup' returned '0': AMENT_PREFIX_PATH=/home/rasya/ros2_ws/install/hydroships_control:/home/rasya/ros2_ws/install/hydroships_bringup:/home/rasya/ros2_ws/install/hydroships_gazebo:/home/rasya/ros2_ws/install/hydroships_description:/opt/ros/humble CMAKE_PREFIX_PATH=/home/rasya/ros2_ws/install/hydroships_gazebo:/home/rasya/ros2_ws/install/hydroships_description:/home/rasya/ros2_ws/install/hydroships_bringup:/home/rasya/ros2_ws/install/hydroships_control:/opt/ros/humble /usr/bin/cmake --build /home/rasya/ros2_ws/build/hydroships_bringup -- -j12 -l12
[0.361s] DEBUG:colcon.colcon_core.event_handler.log_command:Invoking command in '/home/rasya/ros2_ws/build/hydroships_bringup': AMENT_PREFIX_PATH=/home/rasya/ros2_ws/install/hydroships_control:/home/rasya/ros2_ws/install/hydroships_bringup:/home/rasya/ros2_ws/install/hydroships_gazebo:/home/rasya/ros2_ws/install/hydroships_description:/opt/ros/humble CMAKE_PREFIX_PATH=/home/rasya/ros2_ws/install/hydroships_gazebo:/home/rasya/ros2_ws/install/hydroships_description:/home/rasya/ros2_ws/install/hydroships_bringup:/home/rasya/ros2_ws/install/hydroships_control:/opt/ros/humble /usr/bin/cmake --install /home/rasya/ros2_ws/build/hydroships_bringup
[0.370s] Level 1:colcon.colcon_core.environment:create_environment_scripts_only(hydroships_bringup)
[0.370s] DEBUG:colcon.colcon_core.event_handler.log_command:Invoked command in '/home/rasya/ros2_ws/build/hydroships_bringup' returned '0': AMENT_PREFIX_PATH=/home/rasya/ros2_ws/install/hydroships_control:/home/rasya/ros2_ws/install/hydroships_bringup:/home/rasya/ros2_ws/install/hydroships_gazebo:/home/rasya/ros2_ws/install/hydroships_description:/opt/ros/humble CMAKE_PREFIX_PATH=/home/rasya/ros2_ws/install/hydroships_gazebo:/home/rasya/ros2_ws/install/hydroships_description:/home/rasya/ros2_ws/install/hydroships_bringup:/home/rasya/ros2_ws/install/hydroships_control:/opt/ros/humble /usr/bin/cmake --install /home/rasya/ros2_ws/build/hydroships_bringup
[0.372s] Level 1:colcon.colcon_core.environment:checking '/home/rasya/ros2_ws/install/hydroships_bringup' for CMake module files
[0.373s] Level 1:colcon.colcon_core.environment:checking '/home/rasya/ros2_ws/install/hydroships_bringup' for CMake config files
[0.373s] Level 1:colcon.colcon_core.shell:create_environment_hook('hydroships_bringup', 'cmake_prefix_path')
[0.373s] INFO:colcon.colcon_core.shell:Creating environment hook '/home/rasya/ros2_ws/install/hydroships_bringup/share/hydroships_bringup/hook/cmake_prefix_path.ps1'
[0.374s] INFO:colcon.colcon_core.shell:Creating environment descriptor '/home/rasya/ros2_ws/install/hydroships_bringup/share/hydroships_bringup/hook/cmake_prefix_path.dsv'
[0.374s] INFO:colcon.colcon_core.shell:Creating environment hook '/home/rasya/ros2_ws/install/hydroships_bringup/share/hydroships_bringup/hook/cmake_prefix_path.sh'
[0.375s] Level 1:colcon.colcon_core.environment:checking '/home/rasya/ros2_ws/install/hydroships_bringup/bin'
[0.375s] Level 1:colcon.colcon_core.environment:checking '/home/rasya/ros2_ws/install/hydroships_bringup/lib/pkgconfig/hydroships_bringup.pc'
[0.375s] Level 1:colcon.colcon_core.environment:checking '/home/rasya/ros2_ws/install/hydroships_bringup/lib/python3.10/site-packages'
[0.375s] Level 1:colcon.colcon_core.environment:checking '/home/rasya/ros2_ws/install/hydroships_bringup/bin'
[0.376s] INFO:colcon.colcon_core.shell:Creating package script '/home/rasya/ros2_ws/install/hydroships_bringup/share/hydroships_bringup/package.ps1'
[0.377s] INFO:colcon.colcon_core.shell:Creating package descriptor '/home/rasya/ros2_ws/install/hydroships_bringup/share/hydroships_bringup/package.dsv'
[0.377s] INFO:colcon.colcon_core.shell:Creating package script '/home/rasya/ros2_ws/install/hydroships_bringup/share/hydroships_bringup/package.sh'
[0.378s] INFO:colcon.colcon_core.shell:Creating package script '/home/rasya/ros2_ws/install/hydroships_bringup/share/hydroships_bringup/package.bash'
[0.378s] INFO:colcon.colcon_core.shell:Creating package script '/home/rasya/ros2_ws/install/hydroships_bringup/share/hydroships_bringup/package.zsh'
[0.379s] Level 1:colcon.colcon_core.environment:create_file_with_runtime_dependencies(/home/rasya/ros2_ws/install/hydroships_bringup/share/colcon-core/packages/hydroships_bringup)
[0.379s] Level 1:colcon.colcon_core.environment:create_environment_scripts_only(hydroships_bringup)
[0.380s] Level 1:colcon.colcon_core.environment:checking '/home/rasya/ros2_ws/install/hydroships_bringup' for CMake module files
[0.380s] Level 1:colcon.colcon_core.environment:checking '/home/rasya/ros2_ws/install/hydroships_bringup' for CMake config files
[0.380s] Level 1:colcon.colcon_core.shell:create_environment_hook('hydroships_bringup', 'cmake_prefix_path')
[0.380s] INFO:colcon.colcon_core.shell:Creating environment hook '/home/rasya/ros2_ws/install/hydroships_bringup/share/hydroships_bringup/hook/cmake_prefix_path.ps1'
[0.381s] INFO:colcon.colcon_core.shell:Creating environment descriptor '/home/rasya/ros2_ws/install/hydroships_bringup/share/hydroships_bringup/hook/cmake_prefix_path.dsv'
[0.381s] INFO:colcon.colcon_core.shell:Creating environment hook '/home/rasya/ros2_ws/install/hydroships_bringup/share/hydroships_bringup/hook/cmake_prefix_path.sh'
[0.382s] Level 1:colcon.colcon_core.environment:checking '/home/rasya/ros2_ws/install/hydroships_bringup/bin'
[0.382s] Level 1:colcon.colcon_core.environment:checking '/home/rasya/ros2_ws/install/hydroships_bringup/lib/pkgconfig/hydroships_bringup.pc'
[0.382s] Level 1:colcon.colcon_core.environment:checking '/home/rasya/ros2_ws/install/hydroships_bringup/lib/python3.10/site-packages'
[0.382s] Level 1:colcon.colcon_core.environment:checking '/home/rasya/ros2_ws/install/hydroships_bringup/bin'
[0.383s] INFO:colcon.colcon_core.shell:Creating package script '/home/rasya/ros2_ws/install/hydroships_bringup/share/hydroships_bringup/package.ps1'
[0.383s] INFO:colcon.colcon_core.shell:Creating package descriptor '/home/rasya/ros2_ws/install/hydroships_bringup/share/hydroships_bringup/package.dsv'
[0.384s] INFO:colcon.colcon_core.shell:Creating package script '/home/rasya/ros2_ws/install/hydroships_bringup/share/hydroships_bringup/package.sh'
[0.384s] INFO:colcon.colcon_core.shell:Creating package script '/home/rasya/ros2_ws/install/hydroships_bringup/share/hydroships_bringup/package.bash'
[0.384s] INFO:colcon.colcon_core.shell:Creating package script '/home/rasya/ros2_ws/install/hydroships_bringup/share/hydroships_bringup/package.zsh'
[0.384s] Level 1:colcon.colcon_core.environment:create_file_with_runtime_dependencies(/home/rasya/ros2_ws/install/hydroships_bringup/share/colcon-core/packages/hydroships_bringup)
[0.384s] DEBUG:colcon.colcon_parallel_executor.executor.parallel:closing loop
[0.384s] DEBUG:colcon.colcon_parallel_executor.executor.parallel:loop closed
[0.384s] DEBUG:colcon.colcon_parallel_executor.executor.parallel:run_until_complete finished with '0'
[0.384s] DEBUG:colcon.colcon_core.event_reactor:joining thread
[0.389s] INFO:colcon.colcon_core.plugin_system:Skipping extension 'colcon_notification.desktop_notification.terminal_notifier': Not used on non-Darwin systems
[0.389s] INFO:colcon.colcon_core.plugin_system:Skipping extension 'colcon_notification.desktop_notification.win32': Not used on non-Windows systems
[0.389s] INFO:colcon.colcon_notification.desktop_notification:Sending desktop notification using 'notify2'
[0.399s] DEBUG:colcon.colcon_core.event_reactor:joined thread
[0.399s] INFO:colcon.colcon_core.shell:Creating prefix script '/home/rasya/ros2_ws/install/local_setup.ps1'
[0.399s] INFO:colcon.colcon_core.shell:Creating prefix util module '/home/rasya/ros2_ws/install/_local_setup_util_ps1.py'
[0.400s] INFO:colcon.colcon_core.shell:Creating prefix chain script '/home/rasya/ros2_ws/install/setup.ps1'
[0.401s] INFO:colcon.colcon_core.shell:Creating prefix script '/home/rasya/ros2_ws/install/local_setup.sh'
[0.401s] INFO:colcon.colcon_core.shell:Creating prefix util module '/home/rasya/ros2_ws/install/_local_setup_util_sh.py'
[0.401s] INFO:colcon.colcon_core.shell:Creating prefix chain script '/home/rasya/ros2_ws/install/setup.sh'
[0.402s] INFO:colcon.colcon_core.shell:Creating prefix script '/home/rasya/ros2_ws/install/local_setup.bash'
[0.402s] INFO:colcon.colcon_core.shell:Creating prefix chain script '/home/rasya/ros2_ws/install/setup.bash'
[0.403s] INFO:colcon.colcon_core.shell:Creating prefix script '/home/rasya/ros2_ws/install/local_setup.zsh'
[0.403s] INFO:colcon.colcon_core.shell:Creating prefix chain script '/home/rasya/ros2_ws/install/setup.zsh'
