[0.053s] DEBUG:colcon:Command line arguments: ['/usr/bin/colcon', 'build']
[0.053s] DEBUG:colcon:Parsed command line arguments: Namespace(log_base=None, log_level=None, verb_name='build', build_base='build', install_base='install', merge_install=False, symlink_install=False, test_result_base=None, continue_on_error=False, executor='parallel', parallel_workers=12, event_handlers=None, ignore_user_meta=False, metas=['./colcon.meta'], base_paths=['.'], packages_ignore=None, packages_ignore_regex=None, paths=None, packages_up_to=None, packages_up_to_regex=None, packages_above=None, packages_above_and_dependencies=None, packages_above_depth=None, packages_select_by_dep=None, packages_skip_by_dep=None, packages_skip_up_to=None, packages_select_build_failed=False, packages_skip_build_finished=False, packages_select_test_failures=False, packages_skip_test_passed=False, packages_select=None, packages_skip=None, packages_select_regex=None, packages_skip_regex=None, packages_start=None, packages_end=None, allow_overriding=[], cmake_args=None, cmake_target=None, cmake_target_skip_unavailable=False, cmake_clean_cache=False, cmake_clean_first=False, cmake_force_configure=False, ament_cmake_args=None, catkin_cmake_args=None, catkin_skip_building_tests=False, verb_parser=<colcon_defaults.argument_parser.defaults.DefaultArgumentsDecorator object at 0x7a79d4e2f6d0>, verb_extension=<colcon_core.verb.build.BuildVerb object at 0x7a79d4f70d30>, main=<bound method BuildVerb.main of <colcon_core.verb.build.BuildVerb object at 0x7a79d4f70d30>>)
[0.133s] Level 1:colcon.colcon_core.package_discovery:discover_packages(colcon_meta) check parameters
[0.133s] Level 1:colcon.colcon_core.package_discovery:discover_packages(recursive) check parameters
[0.133s] Level 1:colcon.colcon_core.package_discovery:discover_packages(ignore) check parameters
[0.133s] Level 1:colcon.colcon_core.package_discovery:discover_packages(path) check parameters
[0.133s] Level 1:colcon.colcon_core.package_discovery:discover_packages(colcon_meta) discover
[0.133s] Level 1:colcon.colcon_core.package_discovery:discover_packages(recursive) discover
[0.133s] INFO:colcon.colcon_core.package_discovery:Crawling recursively for packages in '/home/rasya/ros2_ws'
[0.133s] Level 1:colcon.colcon_core.package_identification:_identify(.) by extensions ['ignore', 'ignore_ament_install']
[0.133s] Level 1:colcon.colcon_core.package_identification:_identify(.) by extension 'ignore'
[0.133s] Level 1:colcon.colcon_core.package_identification:_identify(.) by extension 'ignore_ament_install'
[0.133s] Level 1:colcon.colcon_core.package_identification:_identify(.) by extensions ['colcon_pkg']
[0.133s] Level 1:colcon.colcon_core.package_identification:_identify(.) by extension 'colcon_pkg'
[0.133s] Level 1:colcon.colcon_core.package_identification:_identify(.) by extensions ['colcon_meta']
[0.133s] Level 1:colcon.colcon_core.package_identification:_identify(.) by extension 'colcon_meta'
[0.133s] Level 1:colcon.colcon_core.package_identification:_identify(.) by extensions ['ros']
[0.133s] Level 1:colcon.colcon_core.package_identification:_identify(.) by extension 'ros'
[0.140s] Level 1:colcon.colcon_core.package_identification:_identify(.) by extensions ['cmake', 'python']
[0.140s] Level 1:colcon.colcon_core.package_identification:_identify(.) by extension 'cmake'
[0.140s] Level 1:colcon.colcon_core.package_identification:_identify(.) by extension 'python'
[0.140s] Level 1:colcon.colcon_core.package_identification:_identify(.) by extensions ['python_setup_py']
[0.140s] Level 1:colcon.colcon_core.package_identification:_identify(.) by extension 'python_setup_py'
[0.140s] Level 1:colcon.colcon_core.package_identification:_identify(build) by extensions ['ignore', 'ignore_ament_install']
[0.140s] Level 1:colcon.colcon_core.package_identification:_identify(build) by extension 'ignore'
[0.140s] Level 1:colcon.colcon_core.package_identification:_identify(build) ignored
[0.140s] Level 1:colcon.colcon_core.package_identification:_identify(install) by extensions ['ignore', 'ignore_ament_install']
[0.140s] Level 1:colcon.colcon_core.package_identification:_identify(install) by extension 'ignore'
[0.140s] Level 1:colcon.colcon_core.package_identification:_identify(install) ignored
[0.140s] Level 1:colcon.colcon_core.package_identification:_identify(log) by extensions ['ignore', 'ignore_ament_install']
[0.140s] Level 1:colcon.colcon_core.package_identification:_identify(log) by extension 'ignore'
[0.140s] Level 1:colcon.colcon_core.package_identification:_identify(log) ignored
[0.140s] Level 1:colcon.colcon_core.package_identification:_identify(src) by extensions ['ignore', 'ignore_ament_install']
[0.140s] Level 1:colcon.colcon_core.package_identification:_identify(src) by extension 'ignore'
[0.140s] Level 1:colcon.colcon_core.package_identification:_identify(src) by extension 'ignore_ament_install'
[0.140s] Level 1:colcon.colcon_core.package_identification:_identify(src) by extensions ['colcon_pkg']
[0.140s] Level 1:colcon.colcon_core.package_identification:_identify(src) by extension 'colcon_pkg'
[0.140s] Level 1:colcon.colcon_core.package_identification:_identify(src) by extensions ['colcon_meta']
[0.140s] Level 1:colcon.colcon_core.package_identification:_identify(src) by extension 'colcon_meta'
[0.140s] Level 1:colcon.colcon_core.package_identification:_identify(src) by extensions ['ros']
[0.140s] Level 1:colcon.colcon_core.package_identification:_identify(src) by extension 'ros'
[0.140s] Level 1:colcon.colcon_core.package_identification:_identify(src) by extensions ['cmake', 'python']
[0.140s] Level 1:colcon.colcon_core.package_identification:_identify(src) by extension 'cmake'
[0.140s] Level 1:colcon.colcon_core.package_identification:_identify(src) by extension 'python'
[0.140s] Level 1:colcon.colcon_core.package_identification:_identify(src) by extensions ['python_setup_py']
[0.140s] Level 1:colcon.colcon_core.package_identification:_identify(src) by extension 'python_setup_py'
[0.140s] Level 1:colcon.colcon_core.package_identification:_identify(src/hydroships_bringup) by extensions ['ignore', 'ignore_ament_install']
[0.140s] Level 1:colcon.colcon_core.package_identification:_identify(src/hydroships_bringup) by extension 'ignore'
[0.140s] Level 1:colcon.colcon_core.package_identification:_identify(src/hydroships_bringup) by extension 'ignore_ament_install'
[0.140s] Level 1:colcon.colcon_core.package_identification:_identify(src/hydroships_bringup) by extensions ['colcon_pkg']
[0.140s] Level 1:colcon.colcon_core.package_identification:_identify(src/hydroships_bringup) by extension 'colcon_pkg'
[0.140s] Level 1:colcon.colcon_core.package_identification:_identify(src/hydroships_bringup) by extensions ['colcon_meta']
[0.140s] Level 1:colcon.colcon_core.package_identification:_identify(src/hydroships_bringup) by extension 'colcon_meta'
[0.140s] Level 1:colcon.colcon_core.package_identification:_identify(src/hydroships_bringup) by extensions ['ros']
[0.140s] Level 1:colcon.colcon_core.package_identification:_identify(src/hydroships_bringup) by extension 'ros'
[0.142s] DEBUG:colcon.colcon_core.package_identification:Package 'src/hydroships_bringup' with type 'ros.ament_cmake' and name 'hydroships_bringup'
[0.142s] Level 1:colcon.colcon_core.package_identification:_identify(src/hydroships_control) by extensions ['ignore', 'ignore_ament_install']
[0.142s] Level 1:colcon.colcon_core.package_identification:_identify(src/hydroships_control) by extension 'ignore'
[0.142s] Level 1:colcon.colcon_core.package_identification:_identify(src/hydroships_control) by extension 'ignore_ament_install'
[0.142s] Level 1:colcon.colcon_core.package_identification:_identify(src/hydroships_control) by extensions ['colcon_pkg']
[0.142s] Level 1:colcon.colcon_core.package_identification:_identify(src/hydroships_control) by extension 'colcon_pkg'
[0.142s] Level 1:colcon.colcon_core.package_identification:_identify(src/hydroships_control) by extensions ['colcon_meta']
[0.142s] Level 1:colcon.colcon_core.package_identification:_identify(src/hydroships_control) by extension 'colcon_meta'
[0.142s] Level 1:colcon.colcon_core.package_identification:_identify(src/hydroships_control) by extensions ['ros']
[0.142s] Level 1:colcon.colcon_core.package_identification:_identify(src/hydroships_control) by extension 'ros'
[0.142s] DEBUG:colcon.colcon_core.package_identification:Package 'src/hydroships_control' with type 'ros.ament_python' and name 'hydroships_control'
[0.142s] Level 1:colcon.colcon_core.package_identification:_identify(src/hydroships_description) by extensions ['ignore', 'ignore_ament_install']
[0.143s] Level 1:colcon.colcon_core.package_identification:_identify(src/hydroships_description) by extension 'ignore'
[0.143s] Level 1:colcon.colcon_core.package_identification:_identify(src/hydroships_description) by extension 'ignore_ament_install'
[0.143s] Level 1:colcon.colcon_core.package_identification:_identify(src/hydroships_description) by extensions ['colcon_pkg']
[0.143s] Level 1:colcon.colcon_core.package_identification:_identify(src/hydroships_description) by extension 'colcon_pkg'
[0.143s] Level 1:colcon.colcon_core.package_identification:_identify(src/hydroships_description) by extensions ['colcon_meta']
[0.143s] Level 1:colcon.colcon_core.package_identification:_identify(src/hydroships_description) by extension 'colcon_meta'
[0.143s] Level 1:colcon.colcon_core.package_identification:_identify(src/hydroships_description) by extensions ['ros']
[0.143s] Level 1:colcon.colcon_core.package_identification:_identify(src/hydroships_description) by extension 'ros'
[0.143s] DEBUG:colcon.colcon_core.package_identification:Package 'src/hydroships_description' with type 'ros.ament_cmake' and name 'hydroships_description'
[0.143s] Level 1:colcon.colcon_core.package_identification:_identify(src/hydroships_gazebo) by extensions ['ignore', 'ignore_ament_install']
[0.143s] Level 1:colcon.colcon_core.package_identification:_identify(src/hydroships_gazebo) by extension 'ignore'
[0.143s] Level 1:colcon.colcon_core.package_identification:_identify(src/hydroships_gazebo) by extension 'ignore_ament_install'
[0.143s] Level 1:colcon.colcon_core.package_identification:_identify(src/hydroships_gazebo) by extensions ['colcon_pkg']
[0.143s] Level 1:colcon.colcon_core.package_identification:_identify(src/hydroships_gazebo) by extension 'colcon_pkg'
[0.143s] Level 1:colcon.colcon_core.package_identification:_identify(src/hydroships_gazebo) by extensions ['colcon_meta']
[0.143s] Level 1:colcon.colcon_core.package_identification:_identify(src/hydroships_gazebo) by extension 'colcon_meta'
[0.143s] Level 1:colcon.colcon_core.package_identification:_identify(src/hydroships_gazebo) by extensions ['ros']
[0.143s] Level 1:colcon.colcon_core.package_identification:_identify(src/hydroships_gazebo) by extension 'ros'
[0.143s] DEBUG:colcon.colcon_core.package_identification:Package 'src/hydroships_gazebo' with type 'ros.ament_cmake' and name 'hydroships_gazebo'
[0.143s] Level 1:colcon.colcon_core.package_discovery:discover_packages(recursive) using defaults
[0.143s] Level 1:colcon.colcon_core.package_discovery:discover_packages(ignore) discover
[0.144s] Level 1:colcon.colcon_core.package_discovery:discover_packages(ignore) using defaults
[0.144s] Level 1:colcon.colcon_core.package_discovery:discover_packages(path) discover
[0.144s] Level 1:colcon.colcon_core.package_discovery:discover_packages(path) using defaults
[0.155s] Level 1:colcon.colcon_core.package_discovery:discover_packages(prefix_path) check parameters
[0.155s] Level 1:colcon.colcon_core.package_discovery:discover_packages(prefix_path) discover
[0.155s] WARNING:colcon.colcon_ros.prefix_path.ament:The path '/home/rasya/ros2_ws/install/hydroships_bringup' in the environment variable AMENT_PREFIX_PATH doesn't exist
[0.155s] WARNING:colcon.colcon_ros.prefix_path.ament:The path '/home/rasya/ros2_ws/install/hydroships_gazebo' in the environment variable AMENT_PREFIX_PATH doesn't exist
[0.155s] WARNING:colcon.colcon_ros.prefix_path.ament:The path '/home/rasya/ros2_ws/install/hydroships_description' in the environment variable AMENT_PREFIX_PATH doesn't exist
[0.156s] WARNING:colcon.colcon_ros.prefix_path.ament:The path '/home/rasya/ros2_ws/install/hydroships_control' in the environment variable AMENT_PREFIX_PATH doesn't exist
[0.156s] WARNING:colcon.colcon_ros.prefix_path.catkin:The path '/home/rasya/ros2_ws/install/hydroships_bringup' in the environment variable CMAKE_PREFIX_PATH doesn't exist
[0.156s] WARNING:colcon.colcon_ros.prefix_path.catkin:The path '/home/rasya/ros2_ws/install/hydroships_gazebo' in the environment variable CMAKE_PREFIX_PATH doesn't exist
[0.156s] WARNING:colcon.colcon_ros.prefix_path.catkin:The path '/home/rasya/ros2_ws/install/hydroships_description' in the environment variable CMAKE_PREFIX_PATH doesn't exist
[0.156s] DEBUG:colcon.colcon_installed_package_information.package_discovery:Found 0 installed packages in /home/rasya/ros2_ws/install
[0.156s] DEBUG:colcon.colcon_installed_package_information.package_discovery:Found 293 installed packages in /opt/ros/humble
[0.163s] Level 1:colcon.colcon_core.package_discovery:discover_packages(prefix_path) using defaults
[0.184s] Level 5:colcon.colcon_core.verb:set package 'hydroships_control' build argument 'cmake_args' from command line to 'None'
[0.184s] Level 5:colcon.colcon_core.verb:set package 'hydroships_control' build argument 'cmake_target' from command line to 'None'
[0.184s] Level 5:colcon.colcon_core.verb:set package 'hydroships_control' build argument 'cmake_target_skip_unavailable' from command line to 'False'
[0.184s] Level 5:colcon.colcon_core.verb:set package 'hydroships_control' build argument 'cmake_clean_cache' from command line to 'False'
[0.184s] Level 5:colcon.colcon_core.verb:set package 'hydroships_control' build argument 'cmake_clean_first' from command line to 'False'
[0.184s] Level 5:colcon.colcon_core.verb:set package 'hydroships_control' build argument 'cmake_force_configure' from command line to 'False'
[0.184s] Level 5:colcon.colcon_core.verb:set package 'hydroships_control' build argument 'ament_cmake_args' from command line to 'None'
[0.184s] Level 5:colcon.colcon_core.verb:set package 'hydroships_control' build argument 'catkin_cmake_args' from command line to 'None'
[0.184s] Level 5:colcon.colcon_core.verb:set package 'hydroships_control' build argument 'catkin_skip_building_tests' from command line to 'False'
[0.184s] DEBUG:colcon.colcon_core.verb:Building package 'hydroships_control' with the following arguments: {'ament_cmake_args': None, 'build_base': '/home/rasya/ros2_ws/build/hydroships_control', 'catkin_cmake_args': None, 'catkin_skip_building_tests': False, 'cmake_args': None, 'cmake_clean_cache': False, 'cmake_clean_first': False, 'cmake_force_configure': False, 'cmake_target': None, 'cmake_target_skip_unavailable': False, 'install_base': '/home/rasya/ros2_ws/install/hydroships_control', 'merge_install': False, 'path': '/home/rasya/ros2_ws/src/hydroships_control', 'symlink_install': False, 'test_result_base': None}
[0.185s] Level 5:colcon.colcon_core.verb:set package 'hydroships_description' build argument 'cmake_args' from command line to 'None'
[0.185s] Level 5:colcon.colcon_core.verb:set package 'hydroships_description' build argument 'cmake_target' from command line to 'None'
[0.185s] Level 5:colcon.colcon_core.verb:set package 'hydroships_description' build argument 'cmake_target_skip_unavailable' from command line to 'False'
[0.185s] Level 5:colcon.colcon_core.verb:set package 'hydroships_description' build argument 'cmake_clean_cache' from command line to 'False'
[0.185s] Level 5:colcon.colcon_core.verb:set package 'hydroships_description' build argument 'cmake_clean_first' from command line to 'False'
[0.185s] Level 5:colcon.colcon_core.verb:set package 'hydroships_description' build argument 'cmake_force_configure' from command line to 'False'
[0.185s] Level 5:colcon.colcon_core.verb:set package 'hydroships_description' build argument 'ament_cmake_args' from command line to 'None'
[0.185s] Level 5:colcon.colcon_core.verb:set package 'hydroships_description' build argument 'catkin_cmake_args' from command line to 'None'
[0.185s] Level 5:colcon.colcon_core.verb:set package 'hydroships_description' build argument 'catkin_skip_building_tests' from command line to 'False'
[0.185s] DEBUG:colcon.colcon_core.verb:Building package 'hydroships_description' with the following arguments: {'ament_cmake_args': None, 'build_base': '/home/rasya/ros2_ws/build/hydroships_description', 'catkin_cmake_args': None, 'catkin_skip_building_tests': False, 'cmake_args': None, 'cmake_clean_cache': False, 'cmake_clean_first': False, 'cmake_force_configure': False, 'cmake_target': None, 'cmake_target_skip_unavailable': False, 'install_base': '/home/rasya/ros2_ws/install/hydroships_description', 'merge_install': False, 'path': '/home/rasya/ros2_ws/src/hydroships_description', 'symlink_install': False, 'test_result_base': None}
[0.185s] Level 5:colcon.colcon_core.verb:set package 'hydroships_gazebo' build argument 'cmake_args' from command line to 'None'
[0.185s] Level 5:colcon.colcon_core.verb:set package 'hydroships_gazebo' build argument 'cmake_target' from command line to 'None'
[0.185s] Level 5:colcon.colcon_core.verb:set package 'hydroships_gazebo' build argument 'cmake_target_skip_unavailable' from command line to 'False'
[0.185s] Level 5:colcon.colcon_core.verb:set package 'hydroships_gazebo' build argument 'cmake_clean_cache' from command line to 'False'
[0.185s] Level 5:colcon.colcon_core.verb:set package 'hydroships_gazebo' build argument 'cmake_clean_first' from command line to 'False'
[0.185s] Level 5:colcon.colcon_core.verb:set package 'hydroships_gazebo' build argument 'cmake_force_configure' from command line to 'False'
[0.185s] Level 5:colcon.colcon_core.verb:set package 'hydroships_gazebo' build argument 'ament_cmake_args' from command line to 'None'
[0.185s] Level 5:colcon.colcon_core.verb:set package 'hydroships_gazebo' build argument 'catkin_cmake_args' from command line to 'None'
[0.185s] Level 5:colcon.colcon_core.verb:set package 'hydroships_gazebo' build argument 'catkin_skip_building_tests' from command line to 'False'
[0.185s] DEBUG:colcon.colcon_core.verb:Building package 'hydroships_gazebo' with the following arguments: {'ament_cmake_args': None, 'build_base': '/home/rasya/ros2_ws/build/hydroships_gazebo', 'catkin_cmake_args': None, 'catkin_skip_building_tests': False, 'cmake_args': None, 'cmake_clean_cache': False, 'cmake_clean_first': False, 'cmake_force_configure': False, 'cmake_target': None, 'cmake_target_skip_unavailable': False, 'install_base': '/home/rasya/ros2_ws/install/hydroships_gazebo', 'merge_install': False, 'path': '/home/rasya/ros2_ws/src/hydroships_gazebo', 'symlink_install': False, 'test_result_base': None}
[0.185s] Level 5:colcon.colcon_core.verb:set package 'hydroships_bringup' build argument 'cmake_args' from command line to 'None'
[0.185s] Level 5:colcon.colcon_core.verb:set package 'hydroships_bringup' build argument 'cmake_target' from command line to 'None'
[0.185s] Level 5:colcon.colcon_core.verb:set package 'hydroships_bringup' build argument 'cmake_target_skip_unavailable' from command line to 'False'
[0.185s] Level 5:colcon.colcon_core.verb:set package 'hydroships_bringup' build argument 'cmake_clean_cache' from command line to 'False'
[0.185s] Level 5:colcon.colcon_core.verb:set package 'hydroships_bringup' build argument 'cmake_clean_first' from command line to 'False'
[0.185s] Level 5:colcon.colcon_core.verb:set package 'hydroships_bringup' build argument 'cmake_force_configure' from command line to 'False'
[0.185s] Level 5:colcon.colcon_core.verb:set package 'hydroships_bringup' build argument 'ament_cmake_args' from command line to 'None'
[0.185s] Level 5:colcon.colcon_core.verb:set package 'hydroships_bringup' build argument 'catkin_cmake_args' from command line to 'None'
[0.185s] Level 5:colcon.colcon_core.verb:set package 'hydroships_bringup' build argument 'catkin_skip_building_tests' from command line to 'False'
[0.185s] DEBUG:colcon.colcon_core.verb:Building package 'hydroships_bringup' with the following arguments: {'ament_cmake_args': None, 'build_base': '/home/rasya/ros2_ws/build/hydroships_bringup', 'catkin_cmake_args': None, 'catkin_skip_building_tests': False, 'cmake_args': None, 'cmake_clean_cache': False, 'cmake_clean_first': False, 'cmake_force_configure': False, 'cmake_target': None, 'cmake_target_skip_unavailable': False, 'install_base': '/home/rasya/ros2_ws/install/hydroships_bringup', 'merge_install': False, 'path': '/home/rasya/ros2_ws/src/hydroships_bringup', 'symlink_install': False, 'test_result_base': None}
[0.185s] INFO:colcon.colcon_core.executor:Executing jobs using 'parallel' executor
[0.186s] DEBUG:colcon.colcon_parallel_executor.executor.parallel:run_until_complete
[0.186s] INFO:colcon.colcon_ros.task.ament_cmake.build:Building ROS package in '/home/rasya/ros2_ws/src/hydroships_description' with build type 'ament_cmake'
[0.186s] INFO:colcon.colcon_cmake.task.cmake.build:Building CMake package in '/home/rasya/ros2_ws/src/hydroships_description'
[0.188s] INFO:colcon.colcon_core.plugin_system:Skipping extension 'colcon_core.shell.bat': Not used on non-Windows systems
[0.188s] INFO:colcon.colcon_core.shell:Skip shell extension 'powershell' for command environment: Not usable outside of PowerShell
[0.188s] DEBUG:colcon.colcon_core.shell:Skip shell extension 'dsv' for command environment
[0.190s] INFO:colcon.colcon_ros.task.ament_python.build:Building ROS package in '/home/rasya/ros2_ws/src/hydroships_control' with build type 'ament_python'
[0.190s] Level 1:colcon.colcon_core.shell:create_environment_hook('hydroships_control', 'ament_prefix_path')
[0.190s] INFO:colcon.colcon_core.shell:Creating environment hook '/home/rasya/ros2_ws/install/hydroships_control/share/hydroships_control/hook/ament_prefix_path.ps1'
[0.190s] INFO:colcon.colcon_core.shell:Creating environment descriptor '/home/rasya/ros2_ws/install/hydroships_control/share/hydroships_control/hook/ament_prefix_path.dsv'
[0.191s] INFO:colcon.colcon_core.shell:Creating environment hook '/home/rasya/ros2_ws/install/hydroships_control/share/hydroships_control/hook/ament_prefix_path.sh'
[0.191s] INFO:colcon.colcon_core.shell:Skip shell extension 'powershell' for command environment: Not usable outside of PowerShell
[0.191s] DEBUG:colcon.colcon_core.shell:Skip shell extension 'dsv' for command environment
[0.195s] DEBUG:colcon.colcon_core.event_handler.log_command:Invoking command in '/home/rasya/ros2_ws/build/hydroships_description': CMAKE_PREFIX_PATH=${CMAKE_PREFIX_PATH}:/home/rasya/ros2_ws/install/hydroships_control:/opt/ros/humble /usr/bin/cmake /home/rasya/ros2_ws/src/hydroships_description -DCMAKE_INSTALL_PREFIX=/home/rasya/ros2_ws/install/hydroships_description
[0.320s] INFO:colcon.colcon_core.task.python.build:Building Python package in '/home/rasya/ros2_ws/src/hydroships_control'
[0.321s] INFO:colcon.colcon_core.shell:Skip shell extension 'powershell' for command environment: Not usable outside of PowerShell
[0.321s] DEBUG:colcon.colcon_core.shell:Skip shell extension 'dsv' for command environment
[0.515s] DEBUG:colcon.colcon_core.task.python.build:Available setuptools commands: bdist_egg, build, sdist, bdist, develop, dist_info, alias, test, install_headers, rotate, install_scripts, build_scripts, register, build_ext, check, install_egg_info, upload_docs, build_py, install, build_clib, easy_install, clean, bdist_rpm, egg_info, upload, setopt, install_data, bdist_dumb, saveopts, symlink_data, install_lib
[0.517s] DEBUG:colcon.colcon_core.event_handler.log_command:Invoking command in '/home/rasya/ros2_ws/src/hydroships_control': PYTHONPATH=/home/rasya/ros2_ws/build/hydroships_control/prefix_override:/usr/lib/python3/dist-packages/colcon_core/task/python/colcon_distutils_commands:/home/rasya/ros2_ws/install/hydroships_control/lib/python3.10/site-packages:${PYTHONPATH} /usr/bin/python3 -W ignore:setup.py install is deprecated -W ignore:easy_install command is deprecated setup.py egg_info --egg-base ../../build/hydroships_control build --build-base /home/rasya/ros2_ws/build/hydroships_control/build install --record /home/rasya/ros2_ws/build/hydroships_control/install.log --install-scripts $base/lib/hydroships_control --single-version-externally-managed install_data
[0.608s] DEBUG:colcon.colcon_core.event_handler.log_command:Invoked command in '/home/rasya/ros2_ws/build/hydroships_description' returned '0': CMAKE_PREFIX_PATH=${CMAKE_PREFIX_PATH}:/home/rasya/ros2_ws/install/hydroships_control:/opt/ros/humble /usr/bin/cmake /home/rasya/ros2_ws/src/hydroships_description -DCMAKE_INSTALL_PREFIX=/home/rasya/ros2_ws/install/hydroships_description
[0.609s] DEBUG:colcon.colcon_core.event_handler.log_command:Invoking command in '/home/rasya/ros2_ws/build/hydroships_description': CMAKE_PREFIX_PATH=${CMAKE_PREFIX_PATH}:/home/rasya/ros2_ws/install/hydroships_control:/opt/ros/humble /usr/bin/cmake --build /home/rasya/ros2_ws/build/hydroships_description -- -j12 -l12
[0.640s] DEBUG:colcon.colcon_core.event_handler.log_command:Invoked command in '/home/rasya/ros2_ws/build/hydroships_description' returned '0': CMAKE_PREFIX_PATH=${CMAKE_PREFIX_PATH}:/home/rasya/ros2_ws/install/hydroships_control:/opt/ros/humble /usr/bin/cmake --build /home/rasya/ros2_ws/build/hydroships_description -- -j12 -l12
[0.649s] DEBUG:colcon.colcon_core.event_handler.log_command:Invoking command in '/home/rasya/ros2_ws/build/hydroships_description': CMAKE_PREFIX_PATH=${CMAKE_PREFIX_PATH}:/home/rasya/ros2_ws/install/hydroships_control:/opt/ros/humble /usr/bin/cmake --install /home/rasya/ros2_ws/build/hydroships_description
[0.656s] Level 1:colcon.colcon_core.environment:create_environment_scripts_only(hydroships_description)
[0.656s] DEBUG:colcon.colcon_core.event_handler.log_command:Invoked command in '/home/rasya/ros2_ws/build/hydroships_description' returned '0': CMAKE_PREFIX_PATH=${CMAKE_PREFIX_PATH}:/home/rasya/ros2_ws/install/hydroships_control:/opt/ros/humble /usr/bin/cmake --install /home/rasya/ros2_ws/build/hydroships_description
[0.658s] Level 1:colcon.colcon_core.environment:checking '/home/rasya/ros2_ws/install/hydroships_description' for CMake module files
[0.659s] Level 1:colcon.colcon_core.environment:checking '/home/rasya/ros2_ws/install/hydroships_description' for CMake config files
[0.659s] Level 1:colcon.colcon_core.shell:create_environment_hook('hydroships_description', 'cmake_prefix_path')
[0.659s] INFO:colcon.colcon_core.shell:Creating environment hook '/home/rasya/ros2_ws/install/hydroships_description/share/hydroships_description/hook/cmake_prefix_path.ps1'
[0.660s] INFO:colcon.colcon_core.shell:Creating environment descriptor '/home/rasya/ros2_ws/install/hydroships_description/share/hydroships_description/hook/cmake_prefix_path.dsv'
[0.660s] INFO:colcon.colcon_core.shell:Creating environment hook '/home/rasya/ros2_ws/install/hydroships_description/share/hydroships_description/hook/cmake_prefix_path.sh'
[0.660s] Level 1:colcon.colcon_core.environment:checking '/home/rasya/ros2_ws/install/hydroships_description/bin'
[0.660s] Level 1:colcon.colcon_core.environment:checking '/home/rasya/ros2_ws/install/hydroships_description/lib/pkgconfig/hydroships_description.pc'
[0.661s] Level 1:colcon.colcon_core.environment:checking '/home/rasya/ros2_ws/install/hydroships_description/lib/python3.10/site-packages'
[0.661s] Level 1:colcon.colcon_core.environment:checking '/home/rasya/ros2_ws/install/hydroships_description/bin'
[0.661s] INFO:colcon.colcon_core.shell:Creating package script '/home/rasya/ros2_ws/install/hydroships_description/share/hydroships_description/package.ps1'
[0.663s] INFO:colcon.colcon_core.shell:Creating package descriptor '/home/rasya/ros2_ws/install/hydroships_description/share/hydroships_description/package.dsv'
[0.663s] INFO:colcon.colcon_core.shell:Creating package script '/home/rasya/ros2_ws/install/hydroships_description/share/hydroships_description/package.sh'
[0.664s] INFO:colcon.colcon_core.shell:Creating package script '/home/rasya/ros2_ws/install/hydroships_description/share/hydroships_description/package.bash'
[0.664s] INFO:colcon.colcon_core.shell:Creating package script '/home/rasya/ros2_ws/install/hydroships_description/share/hydroships_description/package.zsh'
[0.665s] Level 1:colcon.colcon_core.environment:create_file_with_runtime_dependencies(/home/rasya/ros2_ws/install/hydroships_description/share/colcon-core/packages/hydroships_description)
[0.665s] Level 1:colcon.colcon_core.environment:create_environment_scripts_only(hydroships_description)
[0.665s] Level 1:colcon.colcon_core.environment:checking '/home/rasya/ros2_ws/install/hydroships_description' for CMake module files
[0.665s] Level 1:colcon.colcon_core.environment:checking '/home/rasya/ros2_ws/install/hydroships_description' for CMake config files
[0.665s] Level 1:colcon.colcon_core.shell:create_environment_hook('hydroships_description', 'cmake_prefix_path')
[0.665s] INFO:colcon.colcon_core.shell:Creating environment hook '/home/rasya/ros2_ws/install/hydroships_description/share/hydroships_description/hook/cmake_prefix_path.ps1'
[0.666s] INFO:colcon.colcon_core.shell:Creating environment descriptor '/home/rasya/ros2_ws/install/hydroships_description/share/hydroships_description/hook/cmake_prefix_path.dsv'
[0.666s] INFO:colcon.colcon_core.shell:Creating environment hook '/home/rasya/ros2_ws/install/hydroships_description/share/hydroships_description/hook/cmake_prefix_path.sh'
[0.666s] Level 1:colcon.colcon_core.environment:checking '/home/rasya/ros2_ws/install/hydroships_description/bin'
[0.666s] Level 1:colcon.colcon_core.environment:checking '/home/rasya/ros2_ws/install/hydroships_description/lib/pkgconfig/hydroships_description.pc'
[0.666s] Level 1:colcon.colcon_core.environment:checking '/home/rasya/ros2_ws/install/hydroships_description/lib/python3.10/site-packages'
[0.667s] Level 1:colcon.colcon_core.environment:checking '/home/rasya/ros2_ws/install/hydroships_description/bin'
[0.667s] INFO:colcon.colcon_core.shell:Creating package script '/home/rasya/ros2_ws/install/hydroships_description/share/hydroships_description/package.ps1'
[0.667s] INFO:colcon.colcon_core.shell:Creating package descriptor '/home/rasya/ros2_ws/install/hydroships_description/share/hydroships_description/package.dsv'
[0.667s] INFO:colcon.colcon_core.shell:Creating package script '/home/rasya/ros2_ws/install/hydroships_description/share/hydroships_description/package.sh'
[0.668s] INFO:colcon.colcon_core.shell:Creating package script '/home/rasya/ros2_ws/install/hydroships_description/share/hydroships_description/package.bash'
[0.668s] INFO:colcon.colcon_core.shell:Creating package script '/home/rasya/ros2_ws/install/hydroships_description/share/hydroships_description/package.zsh'
[0.668s] Level 1:colcon.colcon_core.environment:create_file_with_runtime_dependencies(/home/rasya/ros2_ws/install/hydroships_description/share/colcon-core/packages/hydroships_description)
[0.668s] INFO:colcon.colcon_ros.task.ament_cmake.build:Building ROS package in '/home/rasya/ros2_ws/src/hydroships_gazebo' with build type 'ament_cmake'
[0.668s] INFO:colcon.colcon_cmake.task.cmake.build:Building CMake package in '/home/rasya/ros2_ws/src/hydroships_gazebo'
[0.668s] INFO:colcon.colcon_core.shell:Skip shell extension 'powershell' for command environment: Not usable outside of PowerShell
[0.669s] DEBUG:colcon.colcon_core.shell:Skip shell extension 'dsv' for command environment
[0.675s] DEBUG:colcon.colcon_core.event_handler.log_command:Invoking command in '/home/rasya/ros2_ws/build/hydroships_gazebo': CMAKE_PREFIX_PATH=/home/rasya/ros2_ws/install/hydroships_description:/home/rasya/ros2_ws/install/hydroships_bringup:/home/rasya/ros2_ws/install/hydroships_gazebo:/home/rasya/ros2_ws/install/hydroships_control:/opt/ros/humble /usr/bin/cmake /home/rasya/ros2_ws/src/hydroships_gazebo -DCMAKE_INSTALL_PREFIX=/home/rasya/ros2_ws/install/hydroships_gazebo
[0.675s] Level 1:colcon.colcon_core.environment:checking '/home/rasya/ros2_ws/install/hydroships_control' for CMake module files
[0.676s] DEBUG:colcon.colcon_core.event_handler.log_command:Invoked command in '/home/rasya/ros2_ws/src/hydroships_control' returned '0': PYTHONPATH=/home/rasya/ros2_ws/build/hydroships_control/prefix_override:/usr/lib/python3/dist-packages/colcon_core/task/python/colcon_distutils_commands:/home/rasya/ros2_ws/install/hydroships_control/lib/python3.10/site-packages:${PYTHONPATH} /usr/bin/python3 -W ignore:setup.py install is deprecated -W ignore:easy_install command is deprecated setup.py egg_info --egg-base ../../build/hydroships_control build --build-base /home/rasya/ros2_ws/build/hydroships_control/build install --record /home/rasya/ros2_ws/build/hydroships_control/install.log --install-scripts $base/lib/hydroships_control --single-version-externally-managed install_data
[0.676s] Level 1:colcon.colcon_core.environment:checking '/home/rasya/ros2_ws/install/hydroships_control' for CMake config files
[0.677s] Level 1:colcon.colcon_core.environment:checking '/home/rasya/ros2_ws/install/hydroships_control/lib'
[0.677s] Level 1:colcon.colcon_core.environment:checking '/home/rasya/ros2_ws/install/hydroships_control/bin'
[0.677s] Level 1:colcon.colcon_core.environment:checking '/home/rasya/ros2_ws/install/hydroships_control/lib/pkgconfig/hydroships_control.pc'
[0.677s] Level 1:colcon.colcon_core.environment:checking '/home/rasya/ros2_ws/install/hydroships_control/lib/python3.10/site-packages'
[0.677s] Level 1:colcon.colcon_core.shell:create_environment_hook('hydroships_control', 'pythonpath')
[0.677s] INFO:colcon.colcon_core.shell:Creating environment hook '/home/rasya/ros2_ws/install/hydroships_control/share/hydroships_control/hook/pythonpath.ps1'
[0.678s] INFO:colcon.colcon_core.shell:Creating environment descriptor '/home/rasya/ros2_ws/install/hydroships_control/share/hydroships_control/hook/pythonpath.dsv'
[0.678s] INFO:colcon.colcon_core.shell:Creating environment hook '/home/rasya/ros2_ws/install/hydroships_control/share/hydroships_control/hook/pythonpath.sh'
[0.679s] Level 1:colcon.colcon_core.environment:checking '/home/rasya/ros2_ws/install/hydroships_control/bin'
[0.679s] Level 1:colcon.colcon_core.environment:create_environment_scripts_only(hydroships_control)
[0.679s] INFO:colcon.colcon_core.shell:Creating package script '/home/rasya/ros2_ws/install/hydroships_control/share/hydroships_control/package.ps1'
[0.680s] INFO:colcon.colcon_core.shell:Creating package descriptor '/home/rasya/ros2_ws/install/hydroships_control/share/hydroships_control/package.dsv'
[0.680s] INFO:colcon.colcon_core.shell:Creating package script '/home/rasya/ros2_ws/install/hydroships_control/share/hydroships_control/package.sh'
[0.681s] INFO:colcon.colcon_core.shell:Creating package script '/home/rasya/ros2_ws/install/hydroships_control/share/hydroships_control/package.bash'
[0.681s] INFO:colcon.colcon_core.shell:Creating package script '/home/rasya/ros2_ws/install/hydroships_control/share/hydroships_control/package.zsh'
[0.681s] Level 1:colcon.colcon_core.environment:create_file_with_runtime_dependencies(/home/rasya/ros2_ws/install/hydroships_control/share/colcon-core/packages/hydroships_control)
[1.088s] DEBUG:colcon.colcon_core.event_handler.log_command:Invoked command in '/home/rasya/ros2_ws/build/hydroships_gazebo' returned '0': CMAKE_PREFIX_PATH=/home/rasya/ros2_ws/install/hydroships_description:/home/rasya/ros2_ws/install/hydroships_bringup:/home/rasya/ros2_ws/install/hydroships_gazebo:/home/rasya/ros2_ws/install/hydroships_control:/opt/ros/humble /usr/bin/cmake /home/rasya/ros2_ws/src/hydroships_gazebo -DCMAKE_INSTALL_PREFIX=/home/rasya/ros2_ws/install/hydroships_gazebo
[1.089s] DEBUG:colcon.colcon_core.event_handler.log_command:Invoking command in '/home/rasya/ros2_ws/build/hydroships_gazebo': CMAKE_PREFIX_PATH=/home/rasya/ros2_ws/install/hydroships_description:/home/rasya/ros2_ws/install/hydroships_bringup:/home/rasya/ros2_ws/install/hydroships_gazebo:/home/rasya/ros2_ws/install/hydroships_control:/opt/ros/humble /usr/bin/cmake --build /home/rasya/ros2_ws/build/hydroships_gazebo -- -j12 -l12
[1.118s] DEBUG:colcon.colcon_core.event_handler.log_command:Invoked command in '/home/rasya/ros2_ws/build/hydroships_gazebo' returned '0': CMAKE_PREFIX_PATH=/home/rasya/ros2_ws/install/hydroships_description:/home/rasya/ros2_ws/install/hydroships_bringup:/home/rasya/ros2_ws/install/hydroships_gazebo:/home/rasya/ros2_ws/install/hydroships_control:/opt/ros/humble /usr/bin/cmake --build /home/rasya/ros2_ws/build/hydroships_gazebo -- -j12 -l12
[1.120s] DEBUG:colcon.colcon_core.event_handler.log_command:Invoking command in '/home/rasya/ros2_ws/build/hydroships_gazebo': CMAKE_PREFIX_PATH=/home/rasya/ros2_ws/install/hydroships_description:/home/rasya/ros2_ws/install/hydroships_bringup:/home/rasya/ros2_ws/install/hydroships_gazebo:/home/rasya/ros2_ws/install/hydroships_control:/opt/ros/humble /usr/bin/cmake --install /home/rasya/ros2_ws/build/hydroships_gazebo
[1.129s] Level 1:colcon.colcon_core.environment:create_environment_scripts_only(hydroships_gazebo)
[1.129s] Level 1:colcon.colcon_core.environment:checking '/home/rasya/ros2_ws/install/hydroships_gazebo' for CMake module files
[1.130s] DEBUG:colcon.colcon_core.event_handler.log_command:Invoked command in '/home/rasya/ros2_ws/build/hydroships_gazebo' returned '0': CMAKE_PREFIX_PATH=/home/rasya/ros2_ws/install/hydroships_description:/home/rasya/ros2_ws/install/hydroships_bringup:/home/rasya/ros2_ws/install/hydroships_gazebo:/home/rasya/ros2_ws/install/hydroships_control:/opt/ros/humble /usr/bin/cmake --install /home/rasya/ros2_ws/build/hydroships_gazebo
[1.130s] Level 1:colcon.colcon_core.environment:checking '/home/rasya/ros2_ws/install/hydroships_gazebo' for CMake config files
[1.130s] Level 1:colcon.colcon_core.shell:create_environment_hook('hydroships_gazebo', 'cmake_prefix_path')
[1.130s] INFO:colcon.colcon_core.shell:Creating environment hook '/home/rasya/ros2_ws/install/hydroships_gazebo/share/hydroships_gazebo/hook/cmake_prefix_path.ps1'
[1.131s] INFO:colcon.colcon_core.shell:Creating environment descriptor '/home/rasya/ros2_ws/install/hydroships_gazebo/share/hydroships_gazebo/hook/cmake_prefix_path.dsv'
[1.131s] INFO:colcon.colcon_core.shell:Creating environment hook '/home/rasya/ros2_ws/install/hydroships_gazebo/share/hydroships_gazebo/hook/cmake_prefix_path.sh'
[1.131s] Level 1:colcon.colcon_core.environment:checking '/home/rasya/ros2_ws/install/hydroships_gazebo/bin'
[1.131s] Level 1:colcon.colcon_core.environment:checking '/home/rasya/ros2_ws/install/hydroships_gazebo/lib/pkgconfig/hydroships_gazebo.pc'
[1.131s] Level 1:colcon.colcon_core.environment:checking '/home/rasya/ros2_ws/install/hydroships_gazebo/lib/python3.10/site-packages'
[1.131s] Level 1:colcon.colcon_core.environment:checking '/home/rasya/ros2_ws/install/hydroships_gazebo/bin'
[1.131s] INFO:colcon.colcon_core.shell:Creating package script '/home/rasya/ros2_ws/install/hydroships_gazebo/share/hydroships_gazebo/package.ps1'
[1.132s] INFO:colcon.colcon_core.shell:Creating package descriptor '/home/rasya/ros2_ws/install/hydroships_gazebo/share/hydroships_gazebo/package.dsv'
[1.132s] INFO:colcon.colcon_core.shell:Creating package script '/home/rasya/ros2_ws/install/hydroships_gazebo/share/hydroships_gazebo/package.sh'
[1.132s] INFO:colcon.colcon_core.shell:Creating package script '/home/rasya/ros2_ws/install/hydroships_gazebo/share/hydroships_gazebo/package.bash'
[1.132s] INFO:colcon.colcon_core.shell:Creating package script '/home/rasya/ros2_ws/install/hydroships_gazebo/share/hydroships_gazebo/package.zsh'
[1.132s] Level 1:colcon.colcon_core.environment:create_file_with_runtime_dependencies(/home/rasya/ros2_ws/install/hydroships_gazebo/share/colcon-core/packages/hydroships_gazebo)
[1.133s] Level 1:colcon.colcon_core.environment:create_environment_scripts_only(hydroships_gazebo)
[1.133s] Level 1:colcon.colcon_core.environment:checking '/home/rasya/ros2_ws/install/hydroships_gazebo' for CMake module files
[1.133s] Level 1:colcon.colcon_core.environment:checking '/home/rasya/ros2_ws/install/hydroships_gazebo' for CMake config files
[1.133s] Level 1:colcon.colcon_core.shell:create_environment_hook('hydroships_gazebo', 'cmake_prefix_path')
[1.133s] INFO:colcon.colcon_core.shell:Creating environment hook '/home/rasya/ros2_ws/install/hydroships_gazebo/share/hydroships_gazebo/hook/cmake_prefix_path.ps1'
[1.133s] INFO:colcon.colcon_core.shell:Creating environment descriptor '/home/rasya/ros2_ws/install/hydroships_gazebo/share/hydroships_gazebo/hook/cmake_prefix_path.dsv'
[1.134s] INFO:colcon.colcon_core.shell:Creating environment hook '/home/rasya/ros2_ws/install/hydroships_gazebo/share/hydroships_gazebo/hook/cmake_prefix_path.sh'
[1.134s] Level 1:colcon.colcon_core.environment:checking '/home/rasya/ros2_ws/install/hydroships_gazebo/bin'
[1.134s] Level 1:colcon.colcon_core.environment:checking '/home/rasya/ros2_ws/install/hydroships_gazebo/lib/pkgconfig/hydroships_gazebo.pc'
[1.134s] Level 1:colcon.colcon_core.environment:checking '/home/rasya/ros2_ws/install/hydroships_gazebo/lib/python3.10/site-packages'
[1.134s] Level 1:colcon.colcon_core.environment:checking '/home/rasya/ros2_ws/install/hydroships_gazebo/bin'
[1.134s] INFO:colcon.colcon_core.shell:Creating package script '/home/rasya/ros2_ws/install/hydroships_gazebo/share/hydroships_gazebo/package.ps1'
[1.135s] INFO:colcon.colcon_core.shell:Creating package descriptor '/home/rasya/ros2_ws/install/hydroships_gazebo/share/hydroships_gazebo/package.dsv'
[1.135s] INFO:colcon.colcon_core.shell:Creating package script '/home/rasya/ros2_ws/install/hydroships_gazebo/share/hydroships_gazebo/package.sh'
[1.135s] INFO:colcon.colcon_core.shell:Creating package script '/home/rasya/ros2_ws/install/hydroships_gazebo/share/hydroships_gazebo/package.bash'
[1.135s] INFO:colcon.colcon_core.shell:Creating package script '/home/rasya/ros2_ws/install/hydroships_gazebo/share/hydroships_gazebo/package.zsh'
[1.135s] Level 1:colcon.colcon_core.environment:create_file_with_runtime_dependencies(/home/rasya/ros2_ws/install/hydroships_gazebo/share/colcon-core/packages/hydroships_gazebo)
[1.135s] INFO:colcon.colcon_ros.task.ament_cmake.build:Building ROS package in '/home/rasya/ros2_ws/src/hydroships_bringup' with build type 'ament_cmake'
[1.136s] INFO:colcon.colcon_cmake.task.cmake.build:Building CMake package in '/home/rasya/ros2_ws/src/hydroships_bringup'
[1.136s] INFO:colcon.colcon_core.shell:Skip shell extension 'powershell' for command environment: Not usable outside of PowerShell
[1.136s] DEBUG:colcon.colcon_core.shell:Skip shell extension 'dsv' for command environment
[1.142s] DEBUG:colcon.colcon_core.event_handler.log_command:Invoking command in '/home/rasya/ros2_ws/build/hydroships_bringup': AMENT_PREFIX_PATH=/home/rasya/ros2_ws/install/hydroships_control:/home/rasya/ros2_ws/install/hydroships_bringup:/home/rasya/ros2_ws/install/hydroships_gazebo:/home/rasya/ros2_ws/install/hydroships_description:/opt/ros/humble CMAKE_PREFIX_PATH=/home/rasya/ros2_ws/install/hydroships_gazebo:/home/rasya/ros2_ws/install/hydroships_description:/home/rasya/ros2_ws/install/hydroships_bringup:/home/rasya/ros2_ws/install/hydroships_control:/opt/ros/humble /usr/bin/cmake /home/rasya/ros2_ws/src/hydroships_bringup -DCMAKE_INSTALL_PREFIX=/home/rasya/ros2_ws/install/hydroships_bringup
[1.537s] DEBUG:colcon.colcon_core.event_handler.log_command:Invoked command in '/home/rasya/ros2_ws/build/hydroships_bringup' returned '0': AMENT_PREFIX_PATH=/home/rasya/ros2_ws/install/hydroships_control:/home/rasya/ros2_ws/install/hydroships_bringup:/home/rasya/ros2_ws/install/hydroships_gazebo:/home/rasya/ros2_ws/install/hydroships_description:/opt/ros/humble CMAKE_PREFIX_PATH=/home/rasya/ros2_ws/install/hydroships_gazebo:/home/rasya/ros2_ws/install/hydroships_description:/home/rasya/ros2_ws/install/hydroships_bringup:/home/rasya/ros2_ws/install/hydroships_control:/opt/ros/humble /usr/bin/cmake /home/rasya/ros2_ws/src/hydroships_bringup -DCMAKE_INSTALL_PREFIX=/home/rasya/ros2_ws/install/hydroships_bringup
[1.539s] DEBUG:colcon.colcon_core.event_handler.log_command:Invoking command in '/home/rasya/ros2_ws/build/hydroships_bringup': AMENT_PREFIX_PATH=/home/rasya/ros2_ws/install/hydroships_control:/home/rasya/ros2_ws/install/hydroships_bringup:/home/rasya/ros2_ws/install/hydroships_gazebo:/home/rasya/ros2_ws/install/hydroships_description:/opt/ros/humble CMAKE_PREFIX_PATH=/home/rasya/ros2_ws/install/hydroships_gazebo:/home/rasya/ros2_ws/install/hydroships_description:/home/rasya/ros2_ws/install/hydroships_bringup:/home/rasya/ros2_ws/install/hydroships_control:/opt/ros/humble /usr/bin/cmake --build /home/rasya/ros2_ws/build/hydroships_bringup -- -j12 -l12
[1.567s] DEBUG:colcon.colcon_core.event_handler.log_command:Invoked command in '/home/rasya/ros2_ws/build/hydroships_bringup' returned '0': AMENT_PREFIX_PATH=/home/rasya/ros2_ws/install/hydroships_control:/home/rasya/ros2_ws/install/hydroships_bringup:/home/rasya/ros2_ws/install/hydroships_gazebo:/home/rasya/ros2_ws/install/hydroships_description:/opt/ros/humble CMAKE_PREFIX_PATH=/home/rasya/ros2_ws/install/hydroships_gazebo:/home/rasya/ros2_ws/install/hydroships_description:/home/rasya/ros2_ws/install/hydroships_bringup:/home/rasya/ros2_ws/install/hydroships_control:/opt/ros/humble /usr/bin/cmake --build /home/rasya/ros2_ws/build/hydroships_bringup -- -j12 -l12
[1.568s] DEBUG:colcon.colcon_core.event_handler.log_command:Invoking command in '/home/rasya/ros2_ws/build/hydroships_bringup': AMENT_PREFIX_PATH=/home/rasya/ros2_ws/install/hydroships_control:/home/rasya/ros2_ws/install/hydroships_bringup:/home/rasya/ros2_ws/install/hydroships_gazebo:/home/rasya/ros2_ws/install/hydroships_description:/opt/ros/humble CMAKE_PREFIX_PATH=/home/rasya/ros2_ws/install/hydroships_gazebo:/home/rasya/ros2_ws/install/hydroships_description:/home/rasya/ros2_ws/install/hydroships_bringup:/home/rasya/ros2_ws/install/hydroships_control:/opt/ros/humble /usr/bin/cmake --install /home/rasya/ros2_ws/build/hydroships_bringup
[1.578s] Level 1:colcon.colcon_core.environment:create_environment_scripts_only(hydroships_bringup)
[1.578s] Level 1:colcon.colcon_core.environment:checking '/home/rasya/ros2_ws/install/hydroships_bringup' for CMake module files
[1.578s] DEBUG:colcon.colcon_core.event_handler.log_command:Invoked command in '/home/rasya/ros2_ws/build/hydroships_bringup' returned '0': AMENT_PREFIX_PATH=/home/rasya/ros2_ws/install/hydroships_control:/home/rasya/ros2_ws/install/hydroships_bringup:/home/rasya/ros2_ws/install/hydroships_gazebo:/home/rasya/ros2_ws/install/hydroships_description:/opt/ros/humble CMAKE_PREFIX_PATH=/home/rasya/ros2_ws/install/hydroships_gazebo:/home/rasya/ros2_ws/install/hydroships_description:/home/rasya/ros2_ws/install/hydroships_bringup:/home/rasya/ros2_ws/install/hydroships_control:/opt/ros/humble /usr/bin/cmake --install /home/rasya/ros2_ws/build/hydroships_bringup
[1.579s] Level 1:colcon.colcon_core.environment:checking '/home/rasya/ros2_ws/install/hydroships_bringup' for CMake config files
[1.579s] Level 1:colcon.colcon_core.shell:create_environment_hook('hydroships_bringup', 'cmake_prefix_path')
[1.579s] INFO:colcon.colcon_core.shell:Creating environment hook '/home/rasya/ros2_ws/install/hydroships_bringup/share/hydroships_bringup/hook/cmake_prefix_path.ps1'
[1.579s] INFO:colcon.colcon_core.shell:Creating environment descriptor '/home/rasya/ros2_ws/install/hydroships_bringup/share/hydroships_bringup/hook/cmake_prefix_path.dsv'
[1.580s] INFO:colcon.colcon_core.shell:Creating environment hook '/home/rasya/ros2_ws/install/hydroships_bringup/share/hydroships_bringup/hook/cmake_prefix_path.sh'
[1.580s] Level 1:colcon.colcon_core.environment:checking '/home/rasya/ros2_ws/install/hydroships_bringup/bin'
[1.580s] Level 1:colcon.colcon_core.environment:checking '/home/rasya/ros2_ws/install/hydroships_bringup/lib/pkgconfig/hydroships_bringup.pc'
[1.580s] Level 1:colcon.colcon_core.environment:checking '/home/rasya/ros2_ws/install/hydroships_bringup/lib/python3.10/site-packages'
[1.580s] Level 1:colcon.colcon_core.environment:checking '/home/rasya/ros2_ws/install/hydroships_bringup/bin'
[1.580s] INFO:colcon.colcon_core.shell:Creating package script '/home/rasya/ros2_ws/install/hydroships_bringup/share/hydroships_bringup/package.ps1'
[1.581s] INFO:colcon.colcon_core.shell:Creating package descriptor '/home/rasya/ros2_ws/install/hydroships_bringup/share/hydroships_bringup/package.dsv'
[1.581s] INFO:colcon.colcon_core.shell:Creating package script '/home/rasya/ros2_ws/install/hydroships_bringup/share/hydroships_bringup/package.sh'
[1.581s] INFO:colcon.colcon_core.shell:Creating package script '/home/rasya/ros2_ws/install/hydroships_bringup/share/hydroships_bringup/package.bash'
[1.581s] INFO:colcon.colcon_core.shell:Creating package script '/home/rasya/ros2_ws/install/hydroships_bringup/share/hydroships_bringup/package.zsh'
[1.581s] Level 1:colcon.colcon_core.environment:create_file_with_runtime_dependencies(/home/rasya/ros2_ws/install/hydroships_bringup/share/colcon-core/packages/hydroships_bringup)
[1.582s] Level 1:colcon.colcon_core.environment:create_environment_scripts_only(hydroships_bringup)
[1.582s] Level 1:colcon.colcon_core.environment:checking '/home/rasya/ros2_ws/install/hydroships_bringup' for CMake module files
[1.582s] Level 1:colcon.colcon_core.environment:checking '/home/rasya/ros2_ws/install/hydroships_bringup' for CMake config files
[1.582s] Level 1:colcon.colcon_core.shell:create_environment_hook('hydroships_bringup', 'cmake_prefix_path')
[1.582s] INFO:colcon.colcon_core.shell:Creating environment hook '/home/rasya/ros2_ws/install/hydroships_bringup/share/hydroships_bringup/hook/cmake_prefix_path.ps1'
[1.582s] INFO:colcon.colcon_core.shell:Creating environment descriptor '/home/rasya/ros2_ws/install/hydroships_bringup/share/hydroships_bringup/hook/cmake_prefix_path.dsv'
[1.582s] INFO:colcon.colcon_core.shell:Creating environment hook '/home/rasya/ros2_ws/install/hydroships_bringup/share/hydroships_bringup/hook/cmake_prefix_path.sh'
[1.583s] Level 1:colcon.colcon_core.environment:checking '/home/rasya/ros2_ws/install/hydroships_bringup/bin'
[1.583s] Level 1:colcon.colcon_core.environment:checking '/home/rasya/ros2_ws/install/hydroships_bringup/lib/pkgconfig/hydroships_bringup.pc'
[1.583s] Level 1:colcon.colcon_core.environment:checking '/home/rasya/ros2_ws/install/hydroships_bringup/lib/python3.10/site-packages'
[1.583s] Level 1:colcon.colcon_core.environment:checking '/home/rasya/ros2_ws/install/hydroships_bringup/bin'
[1.583s] INFO:colcon.colcon_core.shell:Creating package script '/home/rasya/ros2_ws/install/hydroships_bringup/share/hydroships_bringup/package.ps1'
[1.583s] INFO:colcon.colcon_core.shell:Creating package descriptor '/home/rasya/ros2_ws/install/hydroships_bringup/share/hydroships_bringup/package.dsv'
[1.583s] INFO:colcon.colcon_core.shell:Creating package script '/home/rasya/ros2_ws/install/hydroships_bringup/share/hydroships_bringup/package.sh'
[1.584s] INFO:colcon.colcon_core.shell:Creating package script '/home/rasya/ros2_ws/install/hydroships_bringup/share/hydroships_bringup/package.bash'
[1.584s] INFO:colcon.colcon_core.shell:Creating package script '/home/rasya/ros2_ws/install/hydroships_bringup/share/hydroships_bringup/package.zsh'
[1.584s] Level 1:colcon.colcon_core.environment:create_file_with_runtime_dependencies(/home/rasya/ros2_ws/install/hydroships_bringup/share/colcon-core/packages/hydroships_bringup)
[1.584s] DEBUG:colcon.colcon_parallel_executor.executor.parallel:closing loop
[1.584s] DEBUG:colcon.colcon_parallel_executor.executor.parallel:loop closed
[1.584s] DEBUG:colcon.colcon_parallel_executor.executor.parallel:run_until_complete finished with '0'
[1.584s] DEBUG:colcon.colcon_core.event_reactor:joining thread
[1.589s] INFO:colcon.colcon_core.plugin_system:Skipping extension 'colcon_notification.desktop_notification.terminal_notifier': Not used on non-Darwin systems
[1.589s] INFO:colcon.colcon_core.plugin_system:Skipping extension 'colcon_notification.desktop_notification.win32': Not used on non-Windows systems
[1.589s] INFO:colcon.colcon_notification.desktop_notification:Sending desktop notification using 'notify2'
[1.597s] DEBUG:colcon.colcon_core.event_reactor:joined thread
[1.597s] INFO:colcon.colcon_core.shell:Creating prefix script '/home/rasya/ros2_ws/install/local_setup.ps1'
[1.598s] INFO:colcon.colcon_core.shell:Creating prefix util module '/home/rasya/ros2_ws/install/_local_setup_util_ps1.py'
[1.600s] INFO:colcon.colcon_core.shell:Creating prefix chain script '/home/rasya/ros2_ws/install/setup.ps1'
[1.601s] INFO:colcon.colcon_core.shell:Creating prefix script '/home/rasya/ros2_ws/install/local_setup.sh'
[1.601s] INFO:colcon.colcon_core.shell:Creating prefix util module '/home/rasya/ros2_ws/install/_local_setup_util_sh.py'
[1.602s] INFO:colcon.colcon_core.shell:Creating prefix chain script '/home/rasya/ros2_ws/install/setup.sh'
[1.603s] INFO:colcon.colcon_core.shell:Creating prefix script '/home/rasya/ros2_ws/install/local_setup.bash'
[1.603s] INFO:colcon.colcon_core.shell:Creating prefix chain script '/home/rasya/ros2_ws/install/setup.bash'
[1.604s] INFO:colcon.colcon_core.shell:Creating prefix script '/home/rasya/ros2_ws/install/local_setup.zsh'
[1.604s] INFO:colcon.colcon_core.shell:Creating prefix chain script '/home/rasya/ros2_ws/install/setup.zsh'
