[0.047s] Invoking command in '/home/rasya/ros2_ws/build/hydroships_gazebo': AMENT_PREFIX_PATH=/home/rasya/ros2_ws/install/hydroships_description:/home/rasya/ros2_ws/install/hydroships_control:${AMENT_PREFIX_PATH} CMAKE_PREFIX_PATH=/home/rasya/ros2_ws/install/hydroships_description:/opt/ros/humble PYTHONPATH=/home/rasya/ros2_ws/install/hydroships_control/lib/python3.10/site-packages:${PYTHONPATH} /usr/bin/cmake --build /home/rasya/ros2_ws/build/hydroships_gazebo -- -j12 -l12
[0.163s] Invoked command in '/home/rasya/ros2_ws/build/hydroships_gazebo' returned '0': AMENT_PREFIX_PATH=/home/rasya/ros2_ws/install/hydroships_description:/home/rasya/ros2_ws/install/hydroships_control:${AMENT_PREFIX_PATH} CMAKE_PREFIX_PATH=/home/rasya/ros2_ws/install/hydroships_description:/opt/ros/humble PYTHONPATH=/home/rasya/ros2_ws/install/hydroships_control/lib/python3.10/site-packages:${PYTHONPATH} /usr/bin/cmake --build /home/rasya/ros2_ws/build/hydroships_gazebo -- -j12 -l12
[0.198s] Invoking command in '/home/rasya/ros2_ws/build/hydroships_gazebo': AMENT_PREFIX_PATH=/home/rasya/ros2_ws/install/hydroships_description:/home/rasya/ros2_ws/install/hydroships_control:${AMENT_PREFIX_PATH} CMAKE_PREFIX_PATH=/home/rasya/ros2_ws/install/hydroships_description:/opt/ros/humble PYTHONPATH=/home/rasya/ros2_ws/install/hydroships_control/lib/python3.10/site-packages:${PYTHONPATH} /usr/bin/cmake --install /home/rasya/ros2_ws/build/hydroships_gazebo
[0.220s] -- Install configuration: ""
[0.220s] -- Up-to-date: /home/rasya/ros2_ws/install/hydroships_gazebo/share/hydroships_gazebo/worlds
[0.223s] -- Up-to-date: /home/rasya/ros2_ws/install/hydroships_gazebo/share/hydroships_gazebo/worlds/pool_empty.sdf
[0.224s] -- Installing: /home/rasya/ros2_ws/install/hydroships_gazebo/share/hydroships_gazebo/worlds/kki_arena.sdf
[0.224s] -- Up-to-date: /home/rasya/ros2_ws/install/hydroships_gazebo/share/hydroships_gazebo/launch
[0.224s] -- Up-to-date: /home/rasya/ros2_ws/install/hydroships_gazebo/share/hydroships_gazebo/launch/sim.launch.py
[0.224s] -- Up-to-date: /home/rasya/ros2_ws/install/hydroships_gazebo/share/hydroships_gazebo/config
[0.225s] -- Up-to-date: /home/rasya/ros2_ws/install/hydroships_gazebo/share/hydroships_gazebo/config/bridge.yaml
[0.225s] -- Up-to-date: /home/rasya/ros2_ws/install/hydroships_gazebo/share/hydroships_gazebo/media
[0.225s] -- Up-to-date: /home/rasya/ros2_ws/install/hydroships_gazebo/share/hydroships_gazebo/media/qr_A.png
[0.225s] -- Up-to-date: /home/rasya/ros2_ws/install/hydroships_gazebo/share/ament_index/resource_index/package_run_dependencies/hydroships_gazebo
[0.226s] -- Up-to-date: /home/rasya/ros2_ws/install/hydroships_gazebo/share/ament_index/resource_index/parent_prefix_path/hydroships_gazebo
[0.230s] -- Up-to-date: /home/rasya/ros2_ws/install/hydroships_gazebo/share/hydroships_gazebo/environment/ament_prefix_path.sh
[0.230s] -- Up-to-date: /home/rasya/ros2_ws/install/hydroships_gazebo/share/hydroships_gazebo/environment/ament_prefix_path.dsv
[0.231s] -- Up-to-date: /home/rasya/ros2_ws/install/hydroships_gazebo/share/hydroships_gazebo/environment/path.sh
[0.231s] -- Up-to-date: /home/rasya/ros2_ws/install/hydroships_gazebo/share/hydroships_gazebo/environment/path.dsv
[0.231s] -- Up-to-date: /home/rasya/ros2_ws/install/hydroships_gazebo/share/hydroships_gazebo/local_setup.bash
[0.231s] -- Up-to-date: /home/rasya/ros2_ws/install/hydroships_gazebo/share/hydroships_gazebo/local_setup.sh
[0.231s] -- Up-to-date: /home/rasya/ros2_ws/install/hydroships_gazebo/share/hydroships_gazebo/local_setup.zsh
[0.232s] -- Up-to-date: /home/rasya/ros2_ws/install/hydroships_gazebo/share/hydroships_gazebo/local_setup.dsv
[0.232s] -- Up-to-date: /home/rasya/ros2_ws/install/hydroships_gazebo/share/hydroships_gazebo/package.dsv
[0.233s] -- Up-to-date: /home/rasya/ros2_ws/install/hydroships_gazebo/share/ament_index/resource_index/packages/hydroships_gazebo
[0.235s] -- Up-to-date: /home/rasya/ros2_ws/install/hydroships_gazebo/share/hydroships_gazebo/cmake/hydroships_gazeboConfig.cmake
[0.239s] -- Up-to-date: /home/rasya/ros2_ws/install/hydroships_gazebo/share/hydroships_gazebo/cmake/hydroships_gazeboConfig-version.cmake
[0.240s] -- Up-to-date: /home/rasya/ros2_ws/install/hydroships_gazebo/share/hydroships_gazebo/package.xml
[0.241s] Invoked command in '/home/rasya/ros2_ws/build/hydroships_gazebo' returned '0': AMENT_PREFIX_PATH=/home/rasya/ros2_ws/install/hydroships_description:/home/rasya/ros2_ws/install/hydroships_control:${AMENT_PREFIX_PATH} CMAKE_PREFIX_PATH=/home/rasya/ros2_ws/install/hydroships_description:/opt/ros/humble PYTHONPATH=/home/rasya/ros2_ws/install/hydroships_control/lib/python3.10/site-packages:${PYTHONPATH} /usr/bin/cmake --install /home/rasya/ros2_ws/build/hydroships_gazebo
