-- Install configuration: ""
-- Up-to-date: /home/rasya/ros2_ws/install/hydroships_description/share/hydroships_description/urdf
-- Installing: /home/rasya/ros2_ws/install/hydroships_description/share/hydroships_description/urdf/hydroships.urdf.xacro
-- Up-to-date: /home/rasya/ros2_ws/install/hydroships_description/share/hydroships_description/meshes
-- Up-to-date: /home/rasya/ros2_ws/install/hydroships_description/share/hydroships_description/meshes/README.md
-- Up-to-date: /home/rasya/ros2_ws/install/hydroships_description/share/ament_index/resource_index/package_run_dependencies/hydroships_description
-- Up-to-date: /home/rasya/ros2_ws/install/hydroships_description/share/ament_index/resource_index/parent_prefix_path/hydroships_description
-- Up-to-date: /home/rasya/ros2_ws/install/hydroships_description/share/hydroships_description/environment/ament_prefix_path.sh
-- Up-to-date: /home/rasya/ros2_ws/install/hydroships_description/share/hydroships_description/environment/ament_prefix_path.dsv
-- Up-to-date: /home/rasya/ros2_ws/install/hydroships_description/share/hydroships_description/environment/path.sh
-- Up-to-date: /home/rasya/ros2_ws/install/hydroships_description/share/hydroships_description/environment/path.dsv
-- Up-to-date: /home/rasya/ros2_ws/install/hydroships_description/share/hydroships_description/local_setup.bash
-- Up-to-date: /home/rasya/ros2_ws/install/hydroships_description/share/hydroships_description/local_setup.sh
-- Up-to-date: /home/rasya/ros2_ws/install/hydroships_description/share/hydroships_description/local_setup.zsh
-- Up-to-date: /home/rasya/ros2_ws/install/hydroships_description/share/hydroships_description/local_setup.dsv
-- Installing: /home/rasya/ros2_ws/install/hydroships_description/share/hydroships_description/package.dsv
-- Up-to-date: /home/rasya/ros2_ws/install/hydroships_description/share/ament_index/resource_index/packages/hydroships_description
-- Up-to-date: /home/rasya/ros2_ws/install/hydroships_description/share/hydroships_description/cmake/hydroships_descriptionConfig.cmake
-- Up-to-date: /home/rasya/ros2_ws/install/hydroships_description/share/hydroships_description/cmake/hydroships_descriptionConfig-version.cmake
-- Up-to-date: /home/rasya/ros2_ws/install/hydroships_description/share/hydroships_description/package.xml
