[0.006s] Invoking command in '/home/rasya/ros2_ws/build/hydroships_bringup': AMENT_PREFIX_PATH=/home/rasya/ros2_ws/install/hydroships_control:/home/rasya/ros2_ws/install/hydroships_bringup:/home/rasya/ros2_ws/install/hydroships_gazebo:/home/rasya/ros2_ws/install/hydroships_description:/opt/ros/humble CMAKE_PREFIX_PATH=/home/rasya/ros2_ws/install/hydroships_gazebo:/home/rasya/ros2_ws/install/hydroships_description:/home/rasya/ros2_ws/install/hydroships_bringup:/home/rasya/ros2_ws/install/hydroships_control:/opt/ros/humble /usr/bin/cmake /home/rasya/ros2_ws/src/hydroships_bringup -DCMAKE_INSTALL_PREFIX=/home/rasya/ros2_ws/install/hydroships_bringup
[0.047s] -- The C compiler identification is GNU 11.4.0
[0.088s] -- The CXX compiler identification is GNU 11.4.0
[0.092s] -- Detecting C compiler ABI info
[0.142s] -- Detecting C compiler ABI info - done
[0.147s] -- Check for working C compiler: /usr/bin/cc - skipped
[0.147s] -- Detecting C compile features
[0.147s] -- Detecting C compile features - done
[0.149s] -- Detecting CXX compiler ABI info
[0.206s] -- Detecting CXX compiler ABI info - done
[0.213s] -- Check for working CXX compiler: /usr/bin/c++ - skipped
[0.214s] -- Detecting CXX compile features
[0.214s] -- Detecting CXX compile features - done
[0.216s] -- Found ament_cmake: 1.3.14 (/opt/ros/humble/share/ament_cmake/cmake)
[0.306s] -- Found Python3: /usr/bin/python3 (found version "3.10.12") found components: Interpreter 
[0.397s] -- Configuring done
[0.398s] -- Generating done
[0.398s] -- Build files have been written to: /home/rasya/ros2_ws/build/hydroships_bringup
[0.401s] Invoked command in '/home/rasya/ros2_ws/build/hydroships_bringup' returned '0': AMENT_PREFIX_PATH=/home/rasya/ros2_ws/install/hydroships_control:/home/rasya/ros2_ws/install/hydroships_bringup:/home/rasya/ros2_ws/install/hydroships_gazebo:/home/rasya/ros2_ws/install/hydroships_description:/opt/ros/humble CMAKE_PREFIX_PATH=/home/rasya/ros2_ws/install/hydroships_gazebo:/home/rasya/ros2_ws/install/hydroships_description:/home/rasya/ros2_ws/install/hydroships_bringup:/home/rasya/ros2_ws/install/hydroships_control:/opt/ros/humble /usr/bin/cmake /home/rasya/ros2_ws/src/hydroships_bringup -DCMAKE_INSTALL_PREFIX=/home/rasya/ros2_ws/install/hydroships_bringup
[0.402s] Invoking command in '/home/rasya/ros2_ws/build/hydroships_bringup': AMENT_PREFIX_PATH=/home/rasya/ros2_ws/install/hydroships_control:/home/rasya/ros2_ws/install/hydroships_bringup:/home/rasya/ros2_ws/install/hydroships_gazebo:/home/rasya/ros2_ws/install/hydroships_description:/opt/ros/humble CMAKE_PREFIX_PATH=/home/rasya/ros2_ws/install/hydroships_gazebo:/home/rasya/ros2_ws/install/hydroships_description:/home/rasya/ros2_ws/install/hydroships_bringup:/home/rasya/ros2_ws/install/hydroships_control:/opt/ros/humble /usr/bin/cmake --build /home/rasya/ros2_ws/build/hydroships_bringup -- -j12 -l12
[0.431s] Invoked command in '/home/rasya/ros2_ws/build/hydroships_bringup' returned '0': AMENT_PREFIX_PATH=/home/rasya/ros2_ws/install/hydroships_control:/home/rasya/ros2_ws/install/hydroships_bringup:/home/rasya/ros2_ws/install/hydroships_gazebo:/home/rasya/ros2_ws/install/hydroships_description:/opt/ros/humble CMAKE_PREFIX_PATH=/home/rasya/ros2_ws/install/hydroships_gazebo:/home/rasya/ros2_ws/install/hydroships_description:/home/rasya/ros2_ws/install/hydroships_bringup:/home/rasya/ros2_ws/install/hydroships_control:/opt/ros/humble /usr/bin/cmake --build /home/rasya/ros2_ws/build/hydroships_bringup -- -j12 -l12
[0.432s] Invoking command in '/home/rasya/ros2_ws/build/hydroships_bringup': AMENT_PREFIX_PATH=/home/rasya/ros2_ws/install/hydroships_control:/home/rasya/ros2_ws/install/hydroships_bringup:/home/rasya/ros2_ws/install/hydroships_gazebo:/home/rasya/ros2_ws/install/hydroships_description:/opt/ros/humble CMAKE_PREFIX_PATH=/home/rasya/ros2_ws/install/hydroships_gazebo:/home/rasya/ros2_ws/install/hydroships_description:/home/rasya/ros2_ws/install/hydroships_bringup:/home/rasya/ros2_ws/install/hydroships_control:/opt/ros/humble /usr/bin/cmake --install /home/rasya/ros2_ws/build/hydroships_bringup
[0.438s] -- Install configuration: ""
[0.438s] -- Installing: /home/rasya/ros2_ws/install/hydroships_bringup/share/hydroships_bringup/launch
[0.439s] -- Installing: /home/rasya/ros2_ws/install/hydroships_bringup/share/hydroships_bringup/launch/hydroships_stabilized.launch.py
[0.439s] -- Installing: /home/rasya/ros2_ws/install/hydroships_bringup/share/hydroships_bringup/launch/hydroships_sim.launch.py
[0.439s] -- Installing: /home/rasya/ros2_ws/install/hydroships_bringup/share/ament_index/resource_index/package_run_dependencies/hydroships_bringup
[0.439s] -- Installing: /home/rasya/ros2_ws/install/hydroships_bringup/share/ament_index/resource_index/parent_prefix_path/hydroships_bringup
[0.439s] -- Installing: /home/rasya/ros2_ws/install/hydroships_bringup/share/hydroships_bringup/environment/ament_prefix_path.sh
[0.439s] -- Installing: /home/rasya/ros2_ws/install/hydroships_bringup/share/hydroships_bringup/environment/ament_prefix_path.dsv
[0.439s] -- Installing: /home/rasya/ros2_ws/install/hydroships_bringup/share/hydroships_bringup/environment/path.sh
[0.439s] -- Installing: /home/rasya/ros2_ws/install/hydroships_bringup/share/hydroships_bringup/environment/path.dsv
[0.439s] -- Installing: /home/rasya/ros2_ws/install/hydroships_bringup/share/hydroships_bringup/local_setup.bash
[0.439s] -- Installing: /home/rasya/ros2_ws/install/hydroships_bringup/share/hydroships_bringup/local_setup.sh
[0.440s] -- Installing: /home/rasya/ros2_ws/install/hydroships_bringup/share/hydroships_bringup/local_setup.zsh
[0.440s] -- Installing: /home/rasya/ros2_ws/install/hydroships_bringup/share/hydroships_bringup/local_setup.dsv
[0.440s] -- Installing: /home/rasya/ros2_ws/install/hydroships_bringup/share/hydroships_bringup/package.dsv
[0.440s] -- Installing: /home/rasya/ros2_ws/install/hydroships_bringup/share/ament_index/resource_index/packages/hydroships_bringup
[0.440s] -- Installing: /home/rasya/ros2_ws/install/hydroships_bringup/share/hydroships_bringup/cmake/hydroships_bringupConfig.cmake
[0.440s] -- Installing: /home/rasya/ros2_ws/install/hydroships_bringup/share/hydroships_bringup/cmake/hydroships_bringupConfig-version.cmake
[0.440s] -- Installing: /home/rasya/ros2_ws/install/hydroships_bringup/share/hydroships_bringup/package.xml
[0.442s] Invoked command in '/home/rasya/ros2_ws/build/hydroships_bringup' returned '0': AMENT_PREFIX_PATH=/home/rasya/ros2_ws/install/hydroships_control:/home/rasya/ros2_ws/install/hydroships_bringup:/home/rasya/ros2_ws/install/hydroships_gazebo:/home/rasya/ros2_ws/install/hydroships_description:/opt/ros/humble CMAKE_PREFIX_PATH=/home/rasya/ros2_ws/install/hydroships_gazebo:/home/rasya/ros2_ws/install/hydroships_description:/home/rasya/ros2_ws/install/hydroships_bringup:/home/rasya/ros2_ws/install/hydroships_control:/opt/ros/humble /usr/bin/cmake --install /home/rasya/ros2_ws/build/hydroships_bringup
