[0.009s] Invoking command in '/home/rasya/ros2_ws/build/hydroships_bringup': AMENT_PREFIX_PATH=/home/rasya/ros2_ws/install/hydroships_control:/home/rasya/ros2_ws/install/hydroships_bringup:/home/rasya/ros2_ws/install/hydroships_gazebo:/home/rasya/ros2_ws/install/hydroships_description:/opt/ros/humble CMAKE_PREFIX_PATH=/home/rasya/ros2_ws/install/hydroships_gazebo:/home/rasya/ros2_ws/install/hydroships_description:/home/rasya/ros2_ws/install/hydroships_bringup:/home/rasya/ros2_ws/install/hydroships_control:/opt/ros/humble /usr/bin/cmake --build /home/rasya/ros2_ws/build/hydroships_bringup -- -j12 -l12
[0.025s] -- Found ament_cmake: 1.3.14 (/opt/ros/humble/share/ament_cmake/cmake)
[0.148s] -- Configuring done
[0.149s] -- Generating done
[0.150s] -- Build files have been written to: /home/rasya/ros2_ws/build/hydroships_bringup
[0.167s] Invoked command in '/home/rasya/ros2_ws/build/hydroships_bringup' returned '0': AMENT_PREFIX_PATH=/home/rasya/ros2_ws/install/hydroships_control:/home/rasya/ros2_ws/install/hydroships_bringup:/home/rasya/ros2_ws/install/hydroships_gazebo:/home/rasya/ros2_ws/install/hydroships_description:/opt/ros/humble CMAKE_PREFIX_PATH=/home/rasya/ros2_ws/install/hydroships_gazebo:/home/rasya/ros2_ws/install/hydroships_description:/home/rasya/ros2_ws/install/hydroships_bringup:/home/rasya/ros2_ws/install/hydroships_control:/opt/ros/humble /usr/bin/cmake --build /home/rasya/ros2_ws/build/hydroships_bringup -- -j12 -l12
[0.175s] Invoking command in '/home/rasya/ros2_ws/build/hydroships_bringup': AMENT_PREFIX_PATH=/home/rasya/ros2_ws/install/hydroships_control:/home/rasya/ros2_ws/install/hydroships_bringup:/home/rasya/ros2_ws/install/hydroships_gazebo:/home/rasya/ros2_ws/install/hydroships_description:/opt/ros/humble CMAKE_PREFIX_PATH=/home/rasya/ros2_ws/install/hydroships_gazebo:/home/rasya/ros2_ws/install/hydroships_description:/home/rasya/ros2_ws/install/hydroships_bringup:/home/rasya/ros2_ws/install/hydroships_control:/opt/ros/humble /usr/bin/cmake --install /home/rasya/ros2_ws/build/hydroships_bringup
[0.181s] -- Install configuration: ""
[0.181s] -- Up-to-date: /home/rasya/ros2_ws/install/hydroships_bringup/share/hydroships_bringup//launch
[0.181s] -- Up-to-date: /home/rasya/ros2_ws/install/hydroships_bringup/share/hydroships_bringup//launch/hydroships_stabilized.launch.py
[0.181s] -- Up-to-date: /home/rasya/ros2_ws/install/hydroships_bringup/share/hydroships_bringup//launch/hydroships_sim.launch.py
[0.181s] -- Up-to-date: /home/rasya/ros2_ws/install/hydroships_bringup/share/ament_index/resource_index/package_run_dependencies/hydroships_bringup
[0.181s] -- Up-to-date: /home/rasya/ros2_ws/install/hydroships_bringup/share/ament_index/resource_index/parent_prefix_path/hydroships_bringup
[0.181s] -- Up-to-date: /home/rasya/ros2_ws/install/hydroships_bringup/share/hydroships_bringup/environment/ament_prefix_path.sh
[0.181s] -- Installing: /home/rasya/ros2_ws/install/hydroships_bringup/share/hydroships_bringup/environment/ament_prefix_path.dsv
[0.182s] -- Up-to-date: /home/rasya/ros2_ws/install/hydroships_bringup/share/hydroships_bringup/environment/path.sh
[0.182s] -- Installing: /home/rasya/ros2_ws/install/hydroships_bringup/share/hydroships_bringup/environment/path.dsv
[0.182s] -- Up-to-date: /home/rasya/ros2_ws/install/hydroships_bringup/share/hydroships_bringup/local_setup.bash
[0.182s] -- Up-to-date: /home/rasya/ros2_ws/install/hydroships_bringup/share/hydroships_bringup/local_setup.sh
[0.182s] -- Up-to-date: /home/rasya/ros2_ws/install/hydroships_bringup/share/hydroships_bringup/local_setup.zsh
[0.182s] -- Installing: /home/rasya/ros2_ws/install/hydroships_bringup/share/hydroships_bringup/local_setup.dsv
[0.182s] -- Installing: /home/rasya/ros2_ws/install/hydroships_bringup/share/hydroships_bringup/package.dsv
[0.182s] -- Up-to-date: /home/rasya/ros2_ws/install/hydroships_bringup/share/ament_index/resource_index/packages/hydroships_bringup
[0.182s] -- Up-to-date: /home/rasya/ros2_ws/install/hydroships_bringup/share/hydroships_bringup/cmake/hydroships_bringupConfig.cmake
[0.182s] -- Up-to-date: /home/rasya/ros2_ws/install/hydroships_bringup/share/hydroships_bringup/cmake/hydroships_bringupConfig-version.cmake
[0.182s] -- Up-to-date: /home/rasya/ros2_ws/install/hydroships_bringup/share/hydroships_bringup/package.xml
[0.183s] Invoked command in '/home/rasya/ros2_ws/build/hydroships_bringup' returned '0': AMENT_PREFIX_PATH=/home/rasya/ros2_ws/install/hydroships_control:/home/rasya/ros2_ws/install/hydroships_bringup:/home/rasya/ros2_ws/install/hydroships_gazebo:/home/rasya/ros2_ws/install/hydroships_description:/opt/ros/humble CMAKE_PREFIX_PATH=/home/rasya/ros2_ws/install/hydroships_gazebo:/home/rasya/ros2_ws/install/hydroships_description:/home/rasya/ros2_ws/install/hydroships_bringup:/home/rasya/ros2_ws/install/hydroships_control:/opt/ros/humble /usr/bin/cmake --install /home/rasya/ros2_ws/build/hydroships_bringup
