running egg_info
writing ../../build/hydroships_control/hydroships_control.egg-info/PKG-INFO
writing dependency_links to ../../build/hydroships_control/hydroships_control.egg-info/dependency_links.txt
writing entry points to ../../build/hydroships_control/hydroships_control.egg-info/entry_points.txt
writing requirements to ../../build/hydroships_control/hydroships_control.egg-info/requires.txt
writing top-level names to ../../build/hydroships_control/hydroships_control.egg-info/top_level.txt
reading manifest file '../../build/hydroships_control/hydroships_control.egg-info/SOURCES.txt'
writing manifest file '../../build/hydroships_control/hydroships_control.egg-info/SOURCES.txt'
running build
running build_py
copying hydroships_control/qr_detector.py -> /home/rasya/ros2_ws/build/hydroships_control/build/lib/hydroships_control
running install
running install_lib
copying /home/rasya/ros2_ws/build/hydroships_control/build/lib/hydroships_control/qr_detector.py -> /home/rasya/ros2_ws/install/hydroships_control/lib/python3.10/site-packages/hydroships_control
byte-compiling /home/rasya/ros2_ws/install/hydroships_control/lib/python3.10/site-packages/hydroships_control/qr_detector.py to qr_detector.cpython-310.pyc
running install_data
copying package.xml -> /home/rasya/ros2_ws/install/hydroships_control/share/hydroships_control
running install_egg_info
removing '/home/rasya/ros2_ws/install/hydroships_control/lib/python3.10/site-packages/hydroships_control-0.1.0-py3.10.egg-info' (and everything under it)
Copying ../../build/hydroships_control/hydroships_control.egg-info to /home/rasya/ros2_ws/install/hydroships_control/lib/python3.10/site-packages/hydroships_control-0.1.0-py3.10.egg-info
running install_scripts
Installing depth_publisher script to /home/rasya/ros2_ws/install/hydroships_control/lib/hydroships_control
Installing gripper_controller script to /home/rasya/ros2_ws/install/hydroships_control/lib/hydroships_control
Installing mission_fsm script to /home/rasya/ros2_ws/install/hydroships_control/lib/hydroships_control
Installing qr_detector script to /home/rasya/ros2_ws/install/hydroships_control/lib/hydroships_control
Installing stabilizer script to /home/rasya/ros2_ws/install/hydroships_control/lib/hydroships_control
Installing teleop_keyboard script to /home/rasya/ros2_ws/install/hydroships_control/lib/hydroships_control
Installing teleop_stabilized script to /home/rasya/ros2_ws/install/hydroships_control/lib/hydroships_control
Installing thruster_allocator script to /home/rasya/ros2_ws/install/hydroships_control/lib/hydroships_control
writing list of installed files to '/home/rasya/ros2_ws/build/hydroships_control/install.log'
