running egg_info
creating ../../build/hydroships_control/hydroships_control.egg-info
writing ../../build/hydroships_control/hydroships_control.egg-info/PKG-INFO
writing dependency_links to ../../build/hydroships_control/hydroships_control.egg-info/dependency_links.txt
writing entry points to ../../build/hydroships_control/hydroships_control.egg-info/entry_points.txt
writing requirements to ../../build/hydroships_control/hydroships_control.egg-info/requires.txt
writing top-level names to ../../build/hydroships_control/hydroships_control.egg-info/top_level.txt
writing manifest file '../../build/hydroships_control/hydroships_control.egg-info/SOURCES.txt'
reading manifest file '../../build/hydroships_control/hydroships_control.egg-info/SOURCES.txt'
writing manifest file '../../build/hydroships_control/hydroships_control.egg-info/SOURCES.txt'
running build
running build_py
creating /home/rasya/ros2_ws/build/hydroships_control/build
creating /home/rasya/ros2_ws/build/hydroships_control/build/lib
creating /home/rasya/ros2_ws/build/hydroships_control/build/lib/hydroships_control
copying hydroships_control/teleop_keyboard.py -> /home/rasya/ros2_ws/build/hydroships_control/build/lib/hydroships_control
copying hydroships_control/thruster_allocator.py -> /home/rasya/ros2_ws/build/hydroships_control/build/lib/hydroships_control
copying hydroships_control/pid.py -> /home/rasya/ros2_ws/build/hydroships_control/build/lib/hydroships_control
copying hydroships_control/stabilizer.py -> /home/rasya/ros2_ws/build/hydroships_control/build/lib/hydroships_control
copying hydroships_control/__init__.py -> /home/rasya/ros2_ws/build/hydroships_control/build/lib/hydroships_control
copying hydroships_control/teleop_stabilized.py -> /home/rasya/ros2_ws/build/hydroships_control/build/lib/hydroships_control
copying hydroships_control/allocation.py -> /home/rasya/ros2_ws/build/hydroships_control/build/lib/hydroships_control
running install
running install_lib
creating /home/rasya/ros2_ws/install/hydroships_control/lib/python3.10/site-packages/hydroships_control
copying /home/rasya/ros2_ws/build/hydroships_control/build/lib/hydroships_control/teleop_keyboard.py -> /home/rasya/ros2_ws/install/hydroships_control/lib/python3.10/site-packages/hydroships_control
copying /home/rasya/ros2_ws/build/hydroships_control/build/lib/hydroships_control/thruster_allocator.py -> /home/rasya/ros2_ws/install/hydroships_control/lib/python3.10/site-packages/hydroships_control
copying /home/rasya/ros2_ws/build/hydroships_control/build/lib/hydroships_control/pid.py -> /home/rasya/ros2_ws/install/hydroships_control/lib/python3.10/site-packages/hydroships_control
copying /home/rasya/ros2_ws/build/hydroships_control/build/lib/hydroships_control/stabilizer.py -> /home/rasya/ros2_ws/install/hydroships_control/lib/python3.10/site-packages/hydroships_control
copying /home/rasya/ros2_ws/build/hydroships_control/build/lib/hydroships_control/__init__.py -> /home/rasya/ros2_ws/install/hydroships_control/lib/python3.10/site-packages/hydroships_control
copying /home/rasya/ros2_ws/build/hydroships_control/build/lib/hydroships_control/teleop_stabilized.py -> /home/rasya/ros2_ws/install/hydroships_control/lib/python3.10/site-packages/hydroships_control
copying /home/rasya/ros2_ws/build/hydroships_control/build/lib/hydroships_control/allocation.py -> /home/rasya/ros2_ws/install/hydroships_control/lib/python3.10/site-packages/hydroships_control
byte-compiling /home/rasya/ros2_ws/install/hydroships_control/lib/python3.10/site-packages/hydroships_control/teleop_keyboard.py to teleop_keyboard.cpython-310.pyc
byte-compiling /home/rasya/ros2_ws/install/hydroships_control/lib/python3.10/site-packages/hydroships_control/thruster_allocator.py to thruster_allocator.cpython-310.pyc
byte-compiling /home/rasya/ros2_ws/install/hydroships_control/lib/python3.10/site-packages/hydroships_control/pid.py to pid.cpython-310.pyc
byte-compiling /home/rasya/ros2_ws/install/hydroships_control/lib/python3.10/site-packages/hydroships_control/stabilizer.py to stabilizer.cpython-310.pyc
byte-compiling /home/rasya/ros2_ws/install/hydroships_control/lib/python3.10/site-packages/hydroships_control/__init__.py to __init__.cpython-310.pyc
byte-compiling /home/rasya/ros2_ws/install/hydroships_control/lib/python3.10/site-packages/hydroships_control/teleop_stabilized.py to teleop_stabilized.cpython-310.pyc
byte-compiling /home/rasya/ros2_ws/install/hydroships_control/lib/python3.10/site-packages/hydroships_control/allocation.py to allocation.cpython-310.pyc
running install_data
creating /home/rasya/ros2_ws/install/hydroships_control/share/ament_index
creating /home/rasya/ros2_ws/install/hydroships_control/share/ament_index/resource_index
creating /home/rasya/ros2_ws/install/hydroships_control/share/ament_index/resource_index/packages
copying resource/hydroships_control -> /home/rasya/ros2_ws/install/hydroships_control/share/ament_index/resource_index/packages
copying package.xml -> /home/rasya/ros2_ws/install/hydroships_control/share/hydroships_control
creating /home/rasya/ros2_ws/install/hydroships_control/share/hydroships_control/launch
copying launch/teleop.launch.py -> /home/rasya/ros2_ws/install/hydroships_control/share/hydroships_control/launch
creating /home/rasya/ros2_ws/install/hydroships_control/share/hydroships_control/config
copying config/gains.yaml -> /home/rasya/ros2_ws/install/hydroships_control/share/hydroships_control/config
running install_egg_info
Copying ../../build/hydroships_control/hydroships_control.egg-info to /home/rasya/ros2_ws/install/hydroships_control/lib/python3.10/site-packages/hydroships_control-0.1.0-py3.10.egg-info
running install_scripts
Installing stabilizer script to /home/rasya/ros2_ws/install/hydroships_control/lib/hydroships_control
Installing teleop_keyboard script to /home/rasya/ros2_ws/install/hydroships_control/lib/hydroships_control
Installing teleop_stabilized script to /home/rasya/ros2_ws/install/hydroships_control/lib/hydroships_control
Installing thruster_allocator script to /home/rasya/ros2_ws/install/hydroships_control/lib/hydroships_control
writing list of installed files to '/home/rasya/ros2_ws/build/hydroships_control/install.log'
