[0.327s] Invoking command in '/home/rasya/ros2_ws/src/hydroships_control': PYTHONPATH=/home/rasya/ros2_ws/build/hydroships_control/prefix_override:/usr/lib/python3/dist-packages/colcon_core/task/python/colcon_distutils_commands:/home/rasya/ros2_ws/install/hydroships_control/lib/python3.10/site-packages:${PYTHONPATH} /usr/bin/python3 -W ignore:setup.py install is deprecated -W ignore:easy_install command is deprecated setup.py egg_info --egg-base ../../build/hydroships_control build --build-base /home/rasya/ros2_ws/build/hydroships_control/build install --record /home/rasya/ros2_ws/build/hydroships_control/install.log --install-scripts $base/lib/hydroships_control --single-version-externally-managed install_data
[0.451s] running egg_info
[0.451s] creating ../../build/hydroships_control/hydroships_control.egg-info
[0.451s] writing ../../build/hydroships_control/hydroships_control.egg-info/PKG-INFO
[0.451s] writing dependency_links to ../../build/hydroships_control/hydroships_control.egg-info/dependency_links.txt
[0.451s] writing entry points to ../../build/hydroships_control/hydroships_control.egg-info/entry_points.txt
[0.452s] writing requirements to ../../build/hydroships_control/hydroships_control.egg-info/requires.txt
[0.452s] writing top-level names to ../../build/hydroships_control/hydroships_control.egg-info/top_level.txt
[0.452s] writing manifest file '../../build/hydroships_control/hydroships_control.egg-info/SOURCES.txt'
[0.452s] reading manifest file '../../build/hydroships_control/hydroships_control.egg-info/SOURCES.txt'
[0.453s] writing manifest file '../../build/hydroships_control/hydroships_control.egg-info/SOURCES.txt'
[0.453s] running build
[0.453s] running build_py
[0.453s] creating /home/rasya/ros2_ws/build/hydroships_control/build
[0.453s] creating /home/rasya/ros2_ws/build/hydroships_control/build/lib
[0.453s] creating /home/rasya/ros2_ws/build/hydroships_control/build/lib/hydroships_control
[0.453s] copying hydroships_control/teleop_keyboard.py -> /home/rasya/ros2_ws/build/hydroships_control/build/lib/hydroships_control
[0.453s] copying hydroships_control/thruster_allocator.py -> /home/rasya/ros2_ws/build/hydroships_control/build/lib/hydroships_control
[0.453s] copying hydroships_control/pid.py -> /home/rasya/ros2_ws/build/hydroships_control/build/lib/hydroships_control
[0.453s] copying hydroships_control/stabilizer.py -> /home/rasya/ros2_ws/build/hydroships_control/build/lib/hydroships_control
[0.453s] copying hydroships_control/__init__.py -> /home/rasya/ros2_ws/build/hydroships_control/build/lib/hydroships_control
[0.454s] copying hydroships_control/teleop_stabilized.py -> /home/rasya/ros2_ws/build/hydroships_control/build/lib/hydroships_control
[0.454s] copying hydroships_control/allocation.py -> /home/rasya/ros2_ws/build/hydroships_control/build/lib/hydroships_control
[0.454s] running install
[0.454s] running install_lib
[0.454s] creating /home/rasya/ros2_ws/install/hydroships_control/lib/python3.10/site-packages/hydroships_control
[0.454s] copying /home/rasya/ros2_ws/build/hydroships_control/build/lib/hydroships_control/teleop_keyboard.py -> /home/rasya/ros2_ws/install/hydroships_control/lib/python3.10/site-packages/hydroships_control
[0.454s] copying /home/rasya/ros2_ws/build/hydroships_control/build/lib/hydroships_control/thruster_allocator.py -> /home/rasya/ros2_ws/install/hydroships_control/lib/python3.10/site-packages/hydroships_control
[0.454s] copying /home/rasya/ros2_ws/build/hydroships_control/build/lib/hydroships_control/pid.py -> /home/rasya/ros2_ws/install/hydroships_control/lib/python3.10/site-packages/hydroships_control
[0.454s] copying /home/rasya/ros2_ws/build/hydroships_control/build/lib/hydroships_control/stabilizer.py -> /home/rasya/ros2_ws/install/hydroships_control/lib/python3.10/site-packages/hydroships_control
[0.454s] copying /home/rasya/ros2_ws/build/hydroships_control/build/lib/hydroships_control/__init__.py -> /home/rasya/ros2_ws/install/hydroships_control/lib/python3.10/site-packages/hydroships_control
[0.454s] copying /home/rasya/ros2_ws/build/hydroships_control/build/lib/hydroships_control/teleop_stabilized.py -> /home/rasya/ros2_ws/install/hydroships_control/lib/python3.10/site-packages/hydroships_control
[0.454s] copying /home/rasya/ros2_ws/build/hydroships_control/build/lib/hydroships_control/allocation.py -> /home/rasya/ros2_ws/install/hydroships_control/lib/python3.10/site-packages/hydroships_control
[0.454s] byte-compiling /home/rasya/ros2_ws/install/hydroships_control/lib/python3.10/site-packages/hydroships_control/teleop_keyboard.py to teleop_keyboard.cpython-310.pyc
[0.455s] byte-compiling /home/rasya/ros2_ws/install/hydroships_control/lib/python3.10/site-packages/hydroships_control/thruster_allocator.py to thruster_allocator.cpython-310.pyc
[0.455s] byte-compiling /home/rasya/ros2_ws/install/hydroships_control/lib/python3.10/site-packages/hydroships_control/pid.py to pid.cpython-310.pyc
[0.455s] byte-compiling /home/rasya/ros2_ws/install/hydroships_control/lib/python3.10/site-packages/hydroships_control/stabilizer.py to stabilizer.cpython-310.pyc
[0.456s] byte-compiling /home/rasya/ros2_ws/install/hydroships_control/lib/python3.10/site-packages/hydroships_control/__init__.py to __init__.cpython-310.pyc
[0.456s] byte-compiling /home/rasya/ros2_ws/install/hydroships_control/lib/python3.10/site-packages/hydroships_control/teleop_stabilized.py to teleop_stabilized.cpython-310.pyc
[0.456s] byte-compiling /home/rasya/ros2_ws/install/hydroships_control/lib/python3.10/site-packages/hydroships_control/allocation.py to allocation.cpython-310.pyc
[0.457s] running install_data
[0.457s] creating /home/rasya/ros2_ws/install/hydroships_control/share/ament_index
[0.457s] creating /home/rasya/ros2_ws/install/hydroships_control/share/ament_index/resource_index
[0.457s] creating /home/rasya/ros2_ws/install/hydroships_control/share/ament_index/resource_index/packages
[0.457s] copying resource/hydroships_control -> /home/rasya/ros2_ws/install/hydroships_control/share/ament_index/resource_index/packages
[0.457s] copying package.xml -> /home/rasya/ros2_ws/install/hydroships_control/share/hydroships_control
[0.457s] creating /home/rasya/ros2_ws/install/hydroships_control/share/hydroships_control/launch
[0.457s] copying launch/teleop.launch.py -> /home/rasya/ros2_ws/install/hydroships_control/share/hydroships_control/launch
[0.457s] creating /home/rasya/ros2_ws/install/hydroships_control/share/hydroships_control/config
[0.458s] copying config/gains.yaml -> /home/rasya/ros2_ws/install/hydroships_control/share/hydroships_control/config
[0.459s] running install_egg_info
[0.459s] Copying ../../build/hydroships_control/hydroships_control.egg-info to /home/rasya/ros2_ws/install/hydroships_control/lib/python3.10/site-packages/hydroships_control-0.1.0-py3.10.egg-info
[0.459s] running install_scripts
[0.471s] Installing stabilizer script to /home/rasya/ros2_ws/install/hydroships_control/lib/hydroships_control
[0.471s] Installing teleop_keyboard script to /home/rasya/ros2_ws/install/hydroships_control/lib/hydroships_control
[0.472s] Installing teleop_stabilized script to /home/rasya/ros2_ws/install/hydroships_control/lib/hydroships_control
[0.472s] Installing thruster_allocator script to /home/rasya/ros2_ws/install/hydroships_control/lib/hydroships_control
[0.472s] writing list of installed files to '/home/rasya/ros2_ws/build/hydroships_control/install.log'
[0.486s] Invoked command in '/home/rasya/ros2_ws/src/hydroships_control' returned '0': PYTHONPATH=/home/rasya/ros2_ws/build/hydroships_control/prefix_override:/usr/lib/python3/dist-packages/colcon_core/task/python/colcon_distutils_commands:/home/rasya/ros2_ws/install/hydroships_control/lib/python3.10/site-packages:${PYTHONPATH} /usr/bin/python3 -W ignore:setup.py install is deprecated -W ignore:easy_install command is deprecated setup.py egg_info --egg-base ../../build/hydroships_control build --build-base /home/rasya/ros2_ws/build/hydroships_control/build install --record /home/rasya/ros2_ws/build/hydroships_control/install.log --install-scripts $base/lib/hydroships_control --single-version-externally-managed install_data
