[0.007s] Invoking command in '/home/rasya/ros2_ws/build/hydroships_description': CMAKE_PREFIX_PATH=${CMAKE_PREFIX_PATH}:/home/rasya/ros2_ws/install/hydroships_control:/opt/ros/humble /usr/bin/cmake /home/rasya/ros2_ws/src/hydroships_description -DCMAKE_INSTALL_PREFIX=/home/rasya/ros2_ws/install/hydroships_description
[0.050s] -- The C compiler identification is GNU 11.4.0
[0.091s] -- The CXX compiler identification is GNU 11.4.0
[0.096s] -- Detecting C compiler ABI info
[0.148s] -- Detecting C compiler ABI info - done
[0.153s] -- Check for working C compiler: /usr/bin/cc - skipped
[0.153s] -- Detecting C compile features
[0.153s] -- Detecting C compile features - done
[0.155s] -- Detecting CXX compiler ABI info
[0.210s] -- Detecting CXX compiler ABI info - done
[0.214s] -- Check for working CXX compiler: /usr/bin/c++ - skipped
[0.215s] -- Detecting CXX compile features
[0.215s] -- Detecting CXX compile features - done
[0.216s] -- Found ament_cmake: 1.3.14 (/opt/ros/humble/share/ament_cmake/cmake)
[0.316s] -- Found Python3: /usr/bin/python3 (found version "3.10.12") found components: Interpreter 
[0.416s] -- Configuring done
[0.417s] -- Generating done
[0.418s] -- Build files have been written to: /home/rasya/ros2_ws/build/hydroships_description
[0.421s] Invoked command in '/home/rasya/ros2_ws/build/hydroships_description' returned '0': CMAKE_PREFIX_PATH=${CMAKE_PREFIX_PATH}:/home/rasya/ros2_ws/install/hydroships_control:/opt/ros/humble /usr/bin/cmake /home/rasya/ros2_ws/src/hydroships_description -DCMAKE_INSTALL_PREFIX=/home/rasya/ros2_ws/install/hydroships_description
[0.422s] Invoking command in '/home/rasya/ros2_ws/build/hydroships_description': CMAKE_PREFIX_PATH=${CMAKE_PREFIX_PATH}:/home/rasya/ros2_ws/install/hydroships_control:/opt/ros/humble /usr/bin/cmake --build /home/rasya/ros2_ws/build/hydroships_description -- -j12 -l12
[0.453s] Invoked command in '/home/rasya/ros2_ws/build/hydroships_description' returned '0': CMAKE_PREFIX_PATH=${CMAKE_PREFIX_PATH}:/home/rasya/ros2_ws/install/hydroships_control:/opt/ros/humble /usr/bin/cmake --build /home/rasya/ros2_ws/build/hydroships_description -- -j12 -l12
[0.462s] Invoking command in '/home/rasya/ros2_ws/build/hydroships_description': CMAKE_PREFIX_PATH=${CMAKE_PREFIX_PATH}:/home/rasya/ros2_ws/install/hydroships_control:/opt/ros/humble /usr/bin/cmake --install /home/rasya/ros2_ws/build/hydroships_description
[0.467s] -- Install configuration: ""
[0.467s] -- Installing: /home/rasya/ros2_ws/install/hydroships_description/share/hydroships_description/urdf
[0.467s] -- Installing: /home/rasya/ros2_ws/install/hydroships_description/share/hydroships_description/urdf/hydroships.urdf.xacro
[0.467s] -- Installing: /home/rasya/ros2_ws/install/hydroships_description/share/hydroships_description/meshes
[0.467s] -- Installing: /home/rasya/ros2_ws/install/hydroships_description/share/hydroships_description/meshes/README.md
[0.467s] -- Installing: /home/rasya/ros2_ws/install/hydroships_description/share/ament_index/resource_index/package_run_dependencies/hydroships_description
[0.467s] -- Installing: /home/rasya/ros2_ws/install/hydroships_description/share/ament_index/resource_index/parent_prefix_path/hydroships_description
[0.467s] -- Installing: /home/rasya/ros2_ws/install/hydroships_description/share/hydroships_description/environment/ament_prefix_path.sh
[0.467s] -- Installing: /home/rasya/ros2_ws/install/hydroships_description/share/hydroships_description/environment/ament_prefix_path.dsv
[0.467s] -- Installing: /home/rasya/ros2_ws/install/hydroships_description/share/hydroships_description/environment/path.sh
[0.468s] -- Installing: /home/rasya/ros2_ws/install/hydroships_description/share/hydroships_description/environment/path.dsv
[0.468s] -- Installing: /home/rasya/ros2_ws/install/hydroships_description/share/hydroships_description/local_setup.bash
[0.468s] -- Installing: /home/rasya/ros2_ws/install/hydroships_description/share/hydroships_description/local_setup.sh
[0.468s] -- Installing: /home/rasya/ros2_ws/install/hydroships_description/share/hydroships_description/local_setup.zsh
[0.468s] -- Installing: /home/rasya/ros2_ws/install/hydroships_description/share/hydroships_description/local_setup.dsv
[0.468s] -- Installing: /home/rasya/ros2_ws/install/hydroships_description/share/hydroships_description/package.dsv
[0.468s] -- Installing: /home/rasya/ros2_ws/install/hydroships_description/share/ament_index/resource_index/packages/hydroships_description
[0.468s] -- Installing: /home/rasya/ros2_ws/install/hydroships_description/share/hydroships_description/cmake/hydroships_descriptionConfig.cmake
[0.468s] -- Installing: /home/rasya/ros2_ws/install/hydroships_description/share/hydroships_description/cmake/hydroships_descriptionConfig-version.cmake
[0.468s] -- Installing: /home/rasya/ros2_ws/install/hydroships_description/share/hydroships_description/package.xml
[0.469s] Invoked command in '/home/rasya/ros2_ws/build/hydroships_description' returned '0': CMAKE_PREFIX_PATH=${CMAKE_PREFIX_PATH}:/home/rasya/ros2_ws/install/hydroships_control:/opt/ros/humble /usr/bin/cmake --install /home/rasya/ros2_ws/build/hydroships_description
