[0.026s] Invoking command in '/home/rasya/ros2_ws/build/hydroships_bringup': AMENT_PREFIX_PATH=/home/rasya/ros2_ws/install/hydroships_gazebo:/home/rasya/ros2_ws/install/hydroships_description:/home/rasya/ros2_ws/install/hydroships_control:${AMENT_PREFIX_PATH} CMAKE_PREFIX_PATH=/home/rasya/ros2_ws/install/hydroships_gazebo:/home/rasya/ros2_ws/install/hydroships_description:/opt/ros/humble PYTHONPATH=/home/rasya/ros2_ws/install/hydroships_control/lib/python3.10/site-packages:${PYTHONPATH} /usr/bin/cmake --build /home/rasya/ros2_ws/build/hydroships_bringup -- -j12 -l12
[0.126s] Invoked command in '/home/rasya/ros2_ws/build/hydroships_bringup' returned '0': AMENT_PREFIX_PATH=/home/rasya/ros2_ws/install/hydroships_gazebo:/home/rasya/ros2_ws/install/hydroships_description:/home/rasya/ros2_ws/install/hydroships_control:${AMENT_PREFIX_PATH} CMAKE_PREFIX_PATH=/home/rasya/ros2_ws/install/hydroships_gazebo:/home/rasya/ros2_ws/install/hydroships_description:/opt/ros/humble PYTHONPATH=/home/rasya/ros2_ws/install/hydroships_control/lib/python3.10/site-packages:${PYTHONPATH} /usr/bin/cmake --build /home/rasya/ros2_ws/build/hydroships_bringup -- -j12 -l12
[0.132s] Invoking command in '/home/rasya/ros2_ws/build/hydroships_bringup': AMENT_PREFIX_PATH=/home/rasya/ros2_ws/install/hydroships_gazebo:/home/rasya/ros2_ws/install/hydroships_description:/home/rasya/ros2_ws/install/hydroships_control:${AMENT_PREFIX_PATH} CMAKE_PREFIX_PATH=/home/rasya/ros2_ws/install/hydroships_gazebo:/home/rasya/ros2_ws/install/hydroships_description:/opt/ros/humble PYTHONPATH=/home/rasya/ros2_ws/install/hydroships_control/lib/python3.10/site-packages:${PYTHONPATH} /usr/bin/cmake --install /home/rasya/ros2_ws/build/hydroships_bringup
[0.159s] -- Install configuration: ""
[0.160s] -- Up-to-date: /home/rasya/ros2_ws/install/hydroships_bringup/share/hydroships_bringup//launch
[0.160s] -- Up-to-date: /home/rasya/ros2_ws/install/hydroships_bringup/share/hydroships_bringup//launch/hydroships_stabilized.launch.py
[0.160s] -- Up-to-date: /home/rasya/ros2_ws/install/hydroships_bringup/share/hydroships_bringup//launch/hydroships_mission.launch.py
[0.160s] -- Up-to-date: /home/rasya/ros2_ws/install/hydroships_bringup/share/hydroships_bringup//launch/hydroships_sim.launch.py
[0.161s] -- Up-to-date: /home/rasya/ros2_ws/install/hydroships_bringup/share/ament_index/resource_index/package_run_dependencies/hydroships_bringup
[0.161s] -- Up-to-date: /home/rasya/ros2_ws/install/hydroships_bringup/share/ament_index/resource_index/parent_prefix_path/hydroships_bringup
[0.161s] -- Up-to-date: /home/rasya/ros2_ws/install/hydroships_bringup/share/hydroships_bringup/environment/ament_prefix_path.sh
[0.161s] -- Up-to-date: /home/rasya/ros2_ws/install/hydroships_bringup/share/hydroships_bringup/environment/ament_prefix_path.dsv
[0.161s] -- Up-to-date: /home/rasya/ros2_ws/install/hydroships_bringup/share/hydroships_bringup/environment/path.sh
[0.161s] -- Up-to-date: /home/rasya/ros2_ws/install/hydroships_bringup/share/hydroships_bringup/environment/path.dsv
[0.161s] -- Up-to-date: /home/rasya/ros2_ws/install/hydroships_bringup/share/hydroships_bringup/local_setup.bash
[0.161s] -- Up-to-date: /home/rasya/ros2_ws/install/hydroships_bringup/share/hydroships_bringup/local_setup.sh
[0.162s] -- Up-to-date: /home/rasya/ros2_ws/install/hydroships_bringup/share/hydroships_bringup/local_setup.zsh
[0.162s] -- Up-to-date: /home/rasya/ros2_ws/install/hydroships_bringup/share/hydroships_bringup/local_setup.dsv
[0.162s] -- Installing: /home/rasya/ros2_ws/install/hydroships_bringup/share/hydroships_bringup/package.dsv
[0.162s] -- Up-to-date: /home/rasya/ros2_ws/install/hydroships_bringup/share/ament_index/resource_index/packages/hydroships_bringup
[0.162s] -- Up-to-date: /home/rasya/ros2_ws/install/hydroships_bringup/share/hydroships_bringup/cmake/hydroships_bringupConfig.cmake
[0.162s] -- Up-to-date: /home/rasya/ros2_ws/install/hydroships_bringup/share/hydroships_bringup/cmake/hydroships_bringupConfig-version.cmake
[0.163s] -- Up-to-date: /home/rasya/ros2_ws/install/hydroships_bringup/share/hydroships_bringup/package.xml
[0.167s] Invoked command in '/home/rasya/ros2_ws/build/hydroships_bringup' returned '0': AMENT_PREFIX_PATH=/home/rasya/ros2_ws/install/hydroships_gazebo:/home/rasya/ros2_ws/install/hydroships_description:/home/rasya/ros2_ws/install/hydroships_control:${AMENT_PREFIX_PATH} CMAKE_PREFIX_PATH=/home/rasya/ros2_ws/install/hydroships_gazebo:/home/rasya/ros2_ws/install/hydroships_description:/opt/ros/humble PYTHONPATH=/home/rasya/ros2_ws/install/hydroships_control/lib/python3.10/site-packages:${PYTHONPATH} /usr/bin/cmake --install /home/rasya/ros2_ws/build/hydroships_bringup
