[0.446s] DEBUG:colcon:Command line arguments: ['/usr/bin/colcon', 'build', '--packages-select', 'hydroships_gazebo']
[0.446s] DEBUG:colcon:Parsed command line arguments: Namespace(log_base=None, log_level=None, verb_name='build', build_base='build', install_base='install', merge_install=False, symlink_install=False, test_result_base=None, continue_on_error=False, executor='parallel', parallel_workers=12, event_handlers=None, ignore_user_meta=False, metas=['./colcon.meta'], base_paths=['.'], packages_ignore=None, packages_ignore_regex=None, paths=None, packages_up_to=None, packages_up_to_regex=None, packages_above=None, packages_above_and_dependencies=None, packages_above_depth=None, packages_select_by_dep=None, packages_skip_by_dep=None, packages_skip_up_to=None, packages_select_build_failed=False, packages_skip_build_finished=False, packages_select_test_failures=False, packages_skip_test_passed=False, packages_select=['hydroships_gazebo'], packages_skip=None, packages_select_regex=None, packages_skip_regex=None, packages_start=None, packages_end=None, allow_overriding=[], cmake_args=None, cmake_target=None, cmake_target_skip_unavailable=False, cmake_clean_cache=False, cmake_clean_first=False, cmake_force_configure=False, ament_cmake_args=None, catkin_cmake_args=None, catkin_skip_building_tests=False, verb_parser=<colcon_defaults.argument_parser.defaults.DefaultArgumentsDecorator object at 0x7ca0626dfe20>, verb_extension=<colcon_core.verb.build.BuildVerb object at 0x7ca062875480>, main=<bound method BuildVerb.main of <colcon_core.verb.build.BuildVerb object at 0x7ca062875480>>)
[1.096s] Level 1:colcon.colcon_core.package_discovery:discover_packages(colcon_meta) check parameters
[1.096s] Level 1:colcon.colcon_core.package_discovery:discover_packages(recursive) check parameters
[1.097s] Level 1:colcon.colcon_core.package_discovery:discover_packages(ignore) check parameters
[1.097s] Level 1:colcon.colcon_core.package_discovery:discover_packages(path) check parameters
[1.097s] Level 1:colcon.colcon_core.package_discovery:discover_packages(colcon_meta) discover
[1.097s] Level 1:colcon.colcon_core.package_discovery:discover_packages(recursive) discover
[1.097s] INFO:colcon.colcon_core.package_discovery:Crawling recursively for packages in '/home/rasya/ros2_ws'
[1.098s] Level 1:colcon.colcon_core.package_identification:_identify(.) by extensions ['ignore', 'ignore_ament_install']
[1.098s] Level 1:colcon.colcon_core.package_identification:_identify(.) by extension 'ignore'
[1.099s] Level 1:colcon.colcon_core.package_identification:_identify(.) by extension 'ignore_ament_install'
[1.099s] Level 1:colcon.colcon_core.package_identification:_identify(.) by extensions ['colcon_pkg']
[1.099s] Level 1:colcon.colcon_core.package_identification:_identify(.) by extension 'colcon_pkg'
[1.099s] Level 1:colcon.colcon_core.package_identification:_identify(.) by extensions ['colcon_meta']
[1.099s] Level 1:colcon.colcon_core.package_identification:_identify(.) by extension 'colcon_meta'
[1.099s] Level 1:colcon.colcon_core.package_identification:_identify(.) by extensions ['ros']
[1.099s] Level 1:colcon.colcon_core.package_identification:_identify(.) by extension 'ros'
[1.153s] Level 1:colcon.colcon_core.package_identification:_identify(.) by extensions ['cmake', 'python']
[1.153s] Level 1:colcon.colcon_core.package_identification:_identify(.) by extension 'cmake'
[1.153s] Level 1:colcon.colcon_core.package_identification:_identify(.) by extension 'python'
[1.153s] Level 1:colcon.colcon_core.package_identification:_identify(.) by extensions ['python_setup_py']
[1.154s] Level 1:colcon.colcon_core.package_identification:_identify(.) by extension 'python_setup_py'
[1.154s] Level 1:colcon.colcon_core.package_identification:_identify(build) by extensions ['ignore', 'ignore_ament_install']
[1.155s] Level 1:colcon.colcon_core.package_identification:_identify(build) by extension 'ignore'
[1.155s] Level 1:colcon.colcon_core.package_identification:_identify(build) ignored
[1.156s] Level 1:colcon.colcon_core.package_identification:_identify(install) by extensions ['ignore', 'ignore_ament_install']
[1.156s] Level 1:colcon.colcon_core.package_identification:_identify(install) by extension 'ignore'
[1.157s] Level 1:colcon.colcon_core.package_identification:_identify(install) ignored
[1.157s] Level 1:colcon.colcon_core.package_identification:_identify(log) by extensions ['ignore', 'ignore_ament_install']
[1.158s] Level 1:colcon.colcon_core.package_identification:_identify(log) by extension 'ignore'
[1.158s] Level 1:colcon.colcon_core.package_identification:_identify(log) ignored
[1.159s] Level 1:colcon.colcon_core.package_identification:_identify(model) by extensions ['ignore', 'ignore_ament_install']
[1.159s] Level 1:colcon.colcon_core.package_identification:_identify(model) by extension 'ignore'
[1.160s] Level 1:colcon.colcon_core.package_identification:_identify(model) by extension 'ignore_ament_install'
[1.160s] Level 1:colcon.colcon_core.package_identification:_identify(model) by extensions ['colcon_pkg']
[1.160s] Level 1:colcon.colcon_core.package_identification:_identify(model) by extension 'colcon_pkg'
[1.160s] Level 1:colcon.colcon_core.package_identification:_identify(model) by extensions ['colcon_meta']
[1.160s] Level 1:colcon.colcon_core.package_identification:_identify(model) by extension 'colcon_meta'
[1.161s] Level 1:colcon.colcon_core.package_identification:_identify(model) by extensions ['ros']
[1.161s] Level 1:colcon.colcon_core.package_identification:_identify(model) by extension 'ros'
[1.161s] Level 1:colcon.colcon_core.package_identification:_identify(model) by extensions ['cmake', 'python']
[1.161s] Level 1:colcon.colcon_core.package_identification:_identify(model) by extension 'cmake'
[1.162s] Level 1:colcon.colcon_core.package_identification:_identify(model) by extension 'python'
[1.162s] Level 1:colcon.colcon_core.package_identification:_identify(model) by extensions ['python_setup_py']
[1.162s] Level 1:colcon.colcon_core.package_identification:_identify(model) by extension 'python_setup_py'
[1.162s] Level 1:colcon.colcon_core.package_identification:_identify(src) by extensions ['ignore', 'ignore_ament_install']
[1.163s] Level 1:colcon.colcon_core.package_identification:_identify(src) by extension 'ignore'
[1.163s] Level 1:colcon.colcon_core.package_identification:_identify(src) by extension 'ignore_ament_install'
[1.163s] Level 1:colcon.colcon_core.package_identification:_identify(src) by extensions ['colcon_pkg']
[1.164s] Level 1:colcon.colcon_core.package_identification:_identify(src) by extension 'colcon_pkg'
[1.164s] Level 1:colcon.colcon_core.package_identification:_identify(src) by extensions ['colcon_meta']
[1.164s] Level 1:colcon.colcon_core.package_identification:_identify(src) by extension 'colcon_meta'
[1.164s] Level 1:colcon.colcon_core.package_identification:_identify(src) by extensions ['ros']
[1.164s] Level 1:colcon.colcon_core.package_identification:_identify(src) by extension 'ros'
[1.164s] Level 1:colcon.colcon_core.package_identification:_identify(src) by extensions ['cmake', 'python']
[1.165s] Level 1:colcon.colcon_core.package_identification:_identify(src) by extension 'cmake'
[1.165s] Level 1:colcon.colcon_core.package_identification:_identify(src) by extension 'python'
[1.165s] Level 1:colcon.colcon_core.package_identification:_identify(src) by extensions ['python_setup_py']
[1.165s] Level 1:colcon.colcon_core.package_identification:_identify(src) by extension 'python_setup_py'
[1.166s] Level 1:colcon.colcon_core.package_identification:_identify(src/hydroships_bringup) by extensions ['ignore', 'ignore_ament_install']
[1.166s] Level 1:colcon.colcon_core.package_identification:_identify(src/hydroships_bringup) by extension 'ignore'
[1.166s] Level 1:colcon.colcon_core.package_identification:_identify(src/hydroships_bringup) by extension 'ignore_ament_install'
[1.167s] Level 1:colcon.colcon_core.package_identification:_identify(src/hydroships_bringup) by extensions ['colcon_pkg']
[1.167s] Level 1:colcon.colcon_core.package_identification:_identify(src/hydroships_bringup) by extension 'colcon_pkg'
[1.167s] Level 1:colcon.colcon_core.package_identification:_identify(src/hydroships_bringup) by extensions ['colcon_meta']
[1.167s] Level 1:colcon.colcon_core.package_identification:_identify(src/hydroships_bringup) by extension 'colcon_meta'
[1.168s] Level 1:colcon.colcon_core.package_identification:_identify(src/hydroships_bringup) by extensions ['ros']
[1.168s] Level 1:colcon.colcon_core.package_identification:_identify(src/hydroships_bringup) by extension 'ros'
[1.180s] DEBUG:colcon.colcon_core.package_identification:Package 'src/hydroships_bringup' with type 'ros.ament_cmake' and name 'hydroships_bringup'
[1.181s] Level 1:colcon.colcon_core.package_identification:_identify(src/hydroships_control) by extensions ['ignore', 'ignore_ament_install']
[1.181s] Level 1:colcon.colcon_core.package_identification:_identify(src/hydroships_control) by extension 'ignore'
[1.181s] Level 1:colcon.colcon_core.package_identification:_identify(src/hydroships_control) by extension 'ignore_ament_install'
[1.182s] Level 1:colcon.colcon_core.package_identification:_identify(src/hydroships_control) by extensions ['colcon_pkg']
[1.182s] Level 1:colcon.colcon_core.package_identification:_identify(src/hydroships_control) by extension 'colcon_pkg'
[1.182s] Level 1:colcon.colcon_core.package_identification:_identify(src/hydroships_control) by extensions ['colcon_meta']
[1.182s] Level 1:colcon.colcon_core.package_identification:_identify(src/hydroships_control) by extension 'colcon_meta'
[1.183s] Level 1:colcon.colcon_core.package_identification:_identify(src/hydroships_control) by extensions ['ros']
[1.183s] Level 1:colcon.colcon_core.package_identification:_identify(src/hydroships_control) by extension 'ros'
[1.185s] DEBUG:colcon.colcon_core.package_identification:Package 'src/hydroships_control' with type 'ros.ament_python' and name 'hydroships_control'
[1.186s] Level 1:colcon.colcon_core.package_identification:_identify(src/hydroships_description) by extensions ['ignore', 'ignore_ament_install']
[1.186s] Level 1:colcon.colcon_core.package_identification:_identify(src/hydroships_description) by extension 'ignore'
[1.187s] Level 1:colcon.colcon_core.package_identification:_identify(src/hydroships_description) by extension 'ignore_ament_install'
[1.187s] Level 1:colcon.colcon_core.package_identification:_identify(src/hydroships_description) by extensions ['colcon_pkg']
[1.187s] Level 1:colcon.colcon_core.package_identification:_identify(src/hydroships_description) by extension 'colcon_pkg'
[1.187s] Level 1:colcon.colcon_core.package_identification:_identify(src/hydroships_description) by extensions ['colcon_meta']
[1.187s] Level 1:colcon.colcon_core.package_identification:_identify(src/hydroships_description) by extension 'colcon_meta'
[1.188s] Level 1:colcon.colcon_core.package_identification:_identify(src/hydroships_description) by extensions ['ros']
[1.188s] Level 1:colcon.colcon_core.package_identification:_identify(src/hydroships_description) by extension 'ros'
[1.190s] DEBUG:colcon.colcon_core.package_identification:Package 'src/hydroships_description' with type 'ros.ament_cmake' and name 'hydroships_description'
[1.191s] Level 1:colcon.colcon_core.package_identification:_identify(src/hydroships_gazebo) by extensions ['ignore', 'ignore_ament_install']
[1.191s] Level 1:colcon.colcon_core.package_identification:_identify(src/hydroships_gazebo) by extension 'ignore'
[1.192s] Level 1:colcon.colcon_core.package_identification:_identify(src/hydroships_gazebo) by extension 'ignore_ament_install'
[1.192s] Level 1:colcon.colcon_core.package_identification:_identify(src/hydroships_gazebo) by extensions ['colcon_pkg']
[1.192s] Level 1:colcon.colcon_core.package_identification:_identify(src/hydroships_gazebo) by extension 'colcon_pkg'
[1.192s] Level 1:colcon.colcon_core.package_identification:_identify(src/hydroships_gazebo) by extensions ['colcon_meta']
[1.192s] Level 1:colcon.colcon_core.package_identification:_identify(src/hydroships_gazebo) by extension 'colcon_meta'
[1.193s] Level 1:colcon.colcon_core.package_identification:_identify(src/hydroships_gazebo) by extensions ['ros']
[1.193s] Level 1:colcon.colcon_core.package_identification:_identify(src/hydroships_gazebo) by extension 'ros'
[1.195s] DEBUG:colcon.colcon_core.package_identification:Package 'src/hydroships_gazebo' with type 'ros.ament_cmake' and name 'hydroships_gazebo'
[1.196s] Level 1:colcon.colcon_core.package_discovery:discover_packages(recursive) using defaults
[1.196s] Level 1:colcon.colcon_core.package_discovery:discover_packages(ignore) discover
[1.196s] Level 1:colcon.colcon_core.package_discovery:discover_packages(ignore) using defaults
[1.197s] Level 1:colcon.colcon_core.package_discovery:discover_packages(path) discover
[1.197s] Level 1:colcon.colcon_core.package_discovery:discover_packages(path) using defaults
[1.289s] INFO:colcon.colcon_core.package_selection:Skipping not selected package 'hydroships_control' in 'src/hydroships_control'
[1.289s] INFO:colcon.colcon_core.package_selection:Skipping not selected package 'hydroships_description' in 'src/hydroships_description'
[1.289s] INFO:colcon.colcon_core.package_selection:Skipping not selected package 'hydroships_bringup' in 'src/hydroships_bringup'
[1.291s] Level 1:colcon.colcon_core.package_discovery:discover_packages(prefix_path) check parameters
[1.291s] Level 1:colcon.colcon_core.package_discovery:discover_packages(prefix_path) discover
[1.302s] DEBUG:colcon.colcon_installed_package_information.package_discovery:Found 300 installed packages in /opt/ros/humble
[1.354s] Level 1:colcon.colcon_core.package_discovery:discover_packages(prefix_path) using defaults
[1.523s] Level 5:colcon.colcon_core.verb:set package 'hydroships_gazebo' build argument 'cmake_args' from command line to 'None'
[1.524s] Level 5:colcon.colcon_core.verb:set package 'hydroships_gazebo' build argument 'cmake_target' from command line to 'None'
[1.524s] Level 5:colcon.colcon_core.verb:set package 'hydroships_gazebo' build argument 'cmake_target_skip_unavailable' from command line to 'False'
[1.524s] Level 5:colcon.colcon_core.verb:set package 'hydroships_gazebo' build argument 'cmake_clean_cache' from command line to 'False'
[1.524s] Level 5:colcon.colcon_core.verb:set package 'hydroships_gazebo' build argument 'cmake_clean_first' from command line to 'False'
[1.524s] Level 5:colcon.colcon_core.verb:set package 'hydroships_gazebo' build argument 'cmake_force_configure' from command line to 'False'
[1.524s] Level 5:colcon.colcon_core.verb:set package 'hydroships_gazebo' build argument 'ament_cmake_args' from command line to 'None'
[1.524s] Level 5:colcon.colcon_core.verb:set package 'hydroships_gazebo' build argument 'catkin_cmake_args' from command line to 'None'
[1.525s] Level 5:colcon.colcon_core.verb:set package 'hydroships_gazebo' build argument 'catkin_skip_building_tests' from command line to 'False'
[1.525s] DEBUG:colcon.colcon_core.verb:Building package 'hydroships_gazebo' with the following arguments: {'ament_cmake_args': None, 'build_base': '/home/rasya/ros2_ws/build/hydroships_gazebo', 'catkin_cmake_args': None, 'catkin_skip_building_tests': False, 'cmake_args': None, 'cmake_clean_cache': False, 'cmake_clean_first': False, 'cmake_force_configure': False, 'cmake_target': None, 'cmake_target_skip_unavailable': False, 'install_base': '/home/rasya/ros2_ws/install/hydroships_gazebo', 'merge_install': False, 'path': '/home/rasya/ros2_ws/src/hydroships_gazebo', 'symlink_install': False, 'test_result_base': None}
[1.525s] INFO:colcon.colcon_core.executor:Executing jobs using 'parallel' executor
[1.532s] DEBUG:colcon.colcon_parallel_executor.executor.parallel:run_until_complete
[1.533s] INFO:colcon.colcon_ros.task.ament_cmake.build:Building ROS package in '/home/rasya/ros2_ws/src/hydroships_gazebo' with build type 'ament_cmake'
[1.534s] INFO:colcon.colcon_cmake.task.cmake.build:Building CMake package in '/home/rasya/ros2_ws/src/hydroships_gazebo'
[1.544s] INFO:colcon.colcon_core.plugin_system:Skipping extension 'colcon_core.shell.bat': Not used on non-Windows systems
[1.545s] INFO:colcon.colcon_core.shell:Skip shell extension 'powershell' for command environment: Not usable outside of PowerShell
[1.546s] DEBUG:colcon.colcon_core.shell:Skip shell extension 'dsv' for command environment
[1.603s] DEBUG:colcon.colcon_core.event_handler.log_command:Invoking command in '/home/rasya/ros2_ws/build/hydroships_gazebo': AMENT_PREFIX_PATH=/home/rasya/ros2_ws/install/hydroships_description:/home/rasya/ros2_ws/install/hydroships_control:${AMENT_PREFIX_PATH} CMAKE_PREFIX_PATH=/home/rasya/ros2_ws/install/hydroships_description:/opt/ros/humble PYTHONPATH=/home/rasya/ros2_ws/install/hydroships_control/lib/python3.10/site-packages:${PYTHONPATH} /usr/bin/cmake --build /home/rasya/ros2_ws/build/hydroships_gazebo -- -j12 -l12
[1.765s] DEBUG:colcon.colcon_core.event_handler.log_command:Invoked command in '/home/rasya/ros2_ws/build/hydroships_gazebo' returned '0': AMENT_PREFIX_PATH=/home/rasya/ros2_ws/install/hydroships_description:/home/rasya/ros2_ws/install/hydroships_control:${AMENT_PREFIX_PATH} CMAKE_PREFIX_PATH=/home/rasya/ros2_ws/install/hydroships_description:/opt/ros/humble PYTHONPATH=/home/rasya/ros2_ws/install/hydroships_control/lib/python3.10/site-packages:${PYTHONPATH} /usr/bin/cmake --build /home/rasya/ros2_ws/build/hydroships_gazebo -- -j12 -l12
[1.816s] DEBUG:colcon.colcon_core.event_handler.log_command:Invoking command in '/home/rasya/ros2_ws/build/hydroships_gazebo': AMENT_PREFIX_PATH=/home/rasya/ros2_ws/install/hydroships_description:/home/rasya/ros2_ws/install/hydroships_control:${AMENT_PREFIX_PATH} CMAKE_PREFIX_PATH=/home/rasya/ros2_ws/install/hydroships_description:/opt/ros/humble PYTHONPATH=/home/rasya/ros2_ws/install/hydroships_control/lib/python3.10/site-packages:${PYTHONPATH} /usr/bin/cmake --install /home/rasya/ros2_ws/build/hydroships_gazebo
[1.854s] Level 1:colcon.colcon_core.environment:create_environment_scripts_only(hydroships_gazebo)
[1.868s] DEBUG:colcon.colcon_core.event_handler.log_command:Invoked command in '/home/rasya/ros2_ws/build/hydroships_gazebo' returned '0': AMENT_PREFIX_PATH=/home/rasya/ros2_ws/install/hydroships_description:/home/rasya/ros2_ws/install/hydroships_control:${AMENT_PREFIX_PATH} CMAKE_PREFIX_PATH=/home/rasya/ros2_ws/install/hydroships_description:/opt/ros/humble PYTHONPATH=/home/rasya/ros2_ws/install/hydroships_control/lib/python3.10/site-packages:${PYTHONPATH} /usr/bin/cmake --install /home/rasya/ros2_ws/build/hydroships_gazebo
[1.882s] Level 1:colcon.colcon_core.environment:checking '/home/rasya/ros2_ws/install/hydroships_gazebo' for CMake module files
[1.885s] Level 1:colcon.colcon_core.environment:checking '/home/rasya/ros2_ws/install/hydroships_gazebo' for CMake config files
[1.885s] Level 1:colcon.colcon_core.shell:create_environment_hook('hydroships_gazebo', 'cmake_prefix_path')
[1.886s] INFO:colcon.colcon_core.shell:Creating environment hook '/home/rasya/ros2_ws/install/hydroships_gazebo/share/hydroships_gazebo/hook/cmake_prefix_path.ps1'
[1.892s] INFO:colcon.colcon_core.shell:Creating environment descriptor '/home/rasya/ros2_ws/install/hydroships_gazebo/share/hydroships_gazebo/hook/cmake_prefix_path.dsv'
[1.894s] INFO:colcon.colcon_core.shell:Creating environment hook '/home/rasya/ros2_ws/install/hydroships_gazebo/share/hydroships_gazebo/hook/cmake_prefix_path.sh'
[1.900s] Level 1:colcon.colcon_core.environment:checking '/home/rasya/ros2_ws/install/hydroships_gazebo/bin'
[1.900s] Level 1:colcon.colcon_core.environment:checking '/home/rasya/ros2_ws/install/hydroships_gazebo/lib/pkgconfig/hydroships_gazebo.pc'
[1.901s] Level 1:colcon.colcon_core.environment:checking '/home/rasya/ros2_ws/install/hydroships_gazebo/lib/python3.10/site-packages'
[1.903s] Level 1:colcon.colcon_core.environment:checking '/home/rasya/ros2_ws/install/hydroships_gazebo/bin'
[1.904s] INFO:colcon.colcon_core.shell:Creating package script '/home/rasya/ros2_ws/install/hydroships_gazebo/share/hydroships_gazebo/package.ps1'
[1.909s] INFO:colcon.colcon_core.shell:Creating package descriptor '/home/rasya/ros2_ws/install/hydroships_gazebo/share/hydroships_gazebo/package.dsv'
[1.912s] INFO:colcon.colcon_core.shell:Creating package script '/home/rasya/ros2_ws/install/hydroships_gazebo/share/hydroships_gazebo/package.sh'
[1.916s] INFO:colcon.colcon_core.shell:Creating package script '/home/rasya/ros2_ws/install/hydroships_gazebo/share/hydroships_gazebo/package.bash'
[1.919s] INFO:colcon.colcon_core.shell:Creating package script '/home/rasya/ros2_ws/install/hydroships_gazebo/share/hydroships_gazebo/package.zsh'
[1.922s] Level 1:colcon.colcon_core.environment:create_file_with_runtime_dependencies(/home/rasya/ros2_ws/install/hydroships_gazebo/share/colcon-core/packages/hydroships_gazebo)
[1.924s] Level 1:colcon.colcon_core.environment:create_environment_scripts_only(hydroships_gazebo)
[1.925s] Level 1:colcon.colcon_core.environment:checking '/home/rasya/ros2_ws/install/hydroships_gazebo' for CMake module files
[1.926s] Level 1:colcon.colcon_core.environment:checking '/home/rasya/ros2_ws/install/hydroships_gazebo' for CMake config files
[1.927s] Level 1:colcon.colcon_core.shell:create_environment_hook('hydroships_gazebo', 'cmake_prefix_path')
[1.927s] INFO:colcon.colcon_core.shell:Creating environment hook '/home/rasya/ros2_ws/install/hydroships_gazebo/share/hydroships_gazebo/hook/cmake_prefix_path.ps1'
[1.929s] INFO:colcon.colcon_core.shell:Creating environment descriptor '/home/rasya/ros2_ws/install/hydroships_gazebo/share/hydroships_gazebo/hook/cmake_prefix_path.dsv'
[1.931s] INFO:colcon.colcon_core.shell:Creating environment hook '/home/rasya/ros2_ws/install/hydroships_gazebo/share/hydroships_gazebo/hook/cmake_prefix_path.sh'
[1.934s] Level 1:colcon.colcon_core.environment:checking '/home/rasya/ros2_ws/install/hydroships_gazebo/bin'
[1.934s] Level 1:colcon.colcon_core.environment:checking '/home/rasya/ros2_ws/install/hydroships_gazebo/lib/pkgconfig/hydroships_gazebo.pc'
[1.935s] Level 1:colcon.colcon_core.environment:checking '/home/rasya/ros2_ws/install/hydroships_gazebo/lib/python3.10/site-packages'
[1.937s] Level 1:colcon.colcon_core.environment:checking '/home/rasya/ros2_ws/install/hydroships_gazebo/bin'
[1.938s] INFO:colcon.colcon_core.shell:Creating package script '/home/rasya/ros2_ws/install/hydroships_gazebo/share/hydroships_gazebo/package.ps1'
[1.941s] INFO:colcon.colcon_core.shell:Creating package descriptor '/home/rasya/ros2_ws/install/hydroships_gazebo/share/hydroships_gazebo/package.dsv'
[1.943s] INFO:colcon.colcon_core.shell:Creating package script '/home/rasya/ros2_ws/install/hydroships_gazebo/share/hydroships_gazebo/package.sh'
[1.945s] INFO:colcon.colcon_core.shell:Creating package script '/home/rasya/ros2_ws/install/hydroships_gazebo/share/hydroships_gazebo/package.bash'
[1.947s] INFO:colcon.colcon_core.shell:Creating package script '/home/rasya/ros2_ws/install/hydroships_gazebo/share/hydroships_gazebo/package.zsh'
[1.949s] Level 1:colcon.colcon_core.environment:create_file_with_runtime_dependencies(/home/rasya/ros2_ws/install/hydroships_gazebo/share/colcon-core/packages/hydroships_gazebo)
[1.951s] DEBUG:colcon.colcon_parallel_executor.executor.parallel:closing loop
[1.952s] DEBUG:colcon.colcon_parallel_executor.executor.parallel:loop closed
[1.952s] DEBUG:colcon.colcon_parallel_executor.executor.parallel:run_until_complete finished with '0'
[1.952s] DEBUG:colcon.colcon_core.event_reactor:joining thread
[1.970s] INFO:colcon.colcon_core.plugin_system:Skipping extension 'colcon_notification.desktop_notification.terminal_notifier': Not used on non-Darwin systems
[1.971s] INFO:colcon.colcon_core.plugin_system:Skipping extension 'colcon_notification.desktop_notification.win32': Not used on non-Windows systems
[1.971s] INFO:colcon.colcon_notification.desktop_notification:Sending desktop notification using 'notify2'
[2.047s] DEBUG:colcon.colcon_core.event_reactor:joined thread
[2.049s] INFO:colcon.colcon_core.shell:Creating prefix script '/home/rasya/ros2_ws/install/local_setup.ps1'
[2.056s] INFO:colcon.colcon_core.shell:Creating prefix util module '/home/rasya/ros2_ws/install/_local_setup_util_ps1.py'
[2.067s] INFO:colcon.colcon_core.shell:Creating prefix chain script '/home/rasya/ros2_ws/install/setup.ps1'
[2.077s] INFO:colcon.colcon_core.shell:Creating prefix script '/home/rasya/ros2_ws/install/local_setup.sh'
[2.082s] INFO:colcon.colcon_core.shell:Creating prefix util module '/home/rasya/ros2_ws/install/_local_setup_util_sh.py'
[2.088s] INFO:colcon.colcon_core.shell:Creating prefix chain script '/home/rasya/ros2_ws/install/setup.sh'
[2.093s] INFO:colcon.colcon_core.shell:Creating prefix script '/home/rasya/ros2_ws/install/local_setup.bash'
[2.096s] INFO:colcon.colcon_core.shell:Creating prefix chain script '/home/rasya/ros2_ws/install/setup.bash'
[2.100s] INFO:colcon.colcon_core.shell:Creating prefix script '/home/rasya/ros2_ws/install/local_setup.zsh'
[2.103s] INFO:colcon.colcon_core.shell:Creating prefix chain script '/home/rasya/ros2_ws/install/setup.zsh'
